#
# There is insufficient memory for the Java Runtime Environment to continue.
# Native memory allocation (malloc) failed to allocate 2227376 bytes for Chunk::new
# Possible reasons:
#   The system is out of physical RAM or swap space
#   In 32 bit mode, the process size limit was hit
# Possible solutions:
#   Reduce memory load on the system
#   Increase physical memory or swap space
#   Check if swap backing store is full
#   Use 64 bit Java on a 64 bit OS
#   Decrease Java heap size (-Xmx/-Xms)
#   Decrease number of Java threads
#   Decrease Java thread stack sizes (-Xss)
#   Set larger code cache with -XX:ReservedCodeCacheSize=
# This output file may be truncated or incomplete.
#
#  Out of Memory Error (allocation.cpp:390), pid=7640, tid=0x0000000000001500
#
# JRE version: Java(TM) SE Runtime Environment (8.0_101-b13) (build 1.8.0_101-b13)
# Java VM: Java HotSpot(TM) 64-Bit Server VM (25.101-b13 mixed mode windows-amd64 compressed oops)
# Failed to write core dump. Minidumps are not enabled by default on client versions of Windows
#

---------------  T H R E A D  ---------------

Current thread (0x0000000017991000):  JavaThread "C2 CompilerThread2" daemon [_thread_in_native, id=5376, stack(0x0000000018200000,0x0000000018300000)]

Stack: [0x0000000018200000,0x0000000018300000]
[error occurred during error reporting (printing stack bounds), id 0xc0000005]

Native frames: (J=compiled Java code, j=interpreted, Vv=VM code, C=native code)


Current CompileTask:
C2:   5136 1529   !   4       java.net.URLClassLoader$1::run (63 bytes)


---------------  P R O C E S S  ---------------

Java Threads: ( => current thread )
  0x0000000019620000 JavaThread "Stdin handler" [_thread_blocked, id=5324, stack(0x000000001aa30000,0x000000001ab30000)]
  0x000000001961e800 JavaThread "Asynchronous log dispatcher for org.gradle.launcher.daemon.server.DefaultDaemonConnection@58cd4863" [_thread_blocked, id=1408, stack(0x000000001a930000,0x000000001aa30000)]
  0x00000000196d5800 JavaThread "Daemon worker" [_thread_in_Java, id=5680, stack(0x000000001a630000,0x000000001a730000)]
  0x00000000196d1800 JavaThread "Cancel handler" [_thread_blocked, id=7540, stack(0x000000001a530000,0x000000001a630000)]
  0x00000000196d1000 JavaThread "Handler for socket connection from /127.0.0.1:54211 to /127.0.0.1:54212" [_thread_in_native, id=7604, stack(0x000000001a430000,0x000000001a530000)]
  0x000000001955a800 JavaThread "Daemon" [_thread_blocked, id=6696, stack(0x000000001a330000,0x000000001a430000)]
  0x000000001949c800 JavaThread "Incoming local TCP Connector on port 54211" [_thread_in_native, id=3640, stack(0x000000001a190000,0x000000001a290000)]
  0x0000000019036800 JavaThread "pool-1-thread-1" [_thread_blocked, id=3968, stack(0x0000000019e90000,0x0000000019f90000)]
  0x0000000017a23000 JavaThread "Service Thread" daemon [_thread_blocked, id=1260, stack(0x0000000018400000,0x0000000018500000)]
  0x00000000179d2800 JavaThread "C1 CompilerThread3" daemon [_thread_blocked, id=536, stack(0x0000000018300000,0x0000000018400000)]
=>0x0000000017991000 JavaThread "C2 CompilerThread2" daemon [_thread_in_native, id=5376, stack(0x0000000018200000,0x0000000018300000)]
  0x000000001798b000 JavaThread "C2 CompilerThread1" daemon [_thread_in_native, id=7304, stack(0x0000000018100000,0x0000000018200000)]
  0x0000000017987000 JavaThread "C2 CompilerThread0" daemon [_thread_in_native, id=7308, stack(0x0000000018000000,0x0000000018100000)]
  0x0000000017984800 JavaThread "Attach Listener" daemon [_thread_blocked, id=7292, stack(0x0000000017f00000,0x0000000018000000)]
  0x0000000017937800 JavaThread "Signal Dispatcher" daemon [_thread_blocked, id=8880, stack(0x0000000017e00000,0x0000000017f00000)]
  0x0000000002f09800 JavaThread "Finalizer" daemon [_thread_blocked, id=8864, stack(0x0000000017d00000,0x0000000017e00000)]
  0x0000000002f08000 JavaThread "Reference Handler" daemon [_thread_blocked, id=9588, stack(0x0000000017800000,0x0000000017900000)]
  0x000000000133e000 JavaThread "main" [_thread_blocked, id=10052, stack(0x0000000002940000,0x0000000002a40000)]

Other Threads:
  0x0000000015a29800 VMThread [stack: 0x0000000017700000,0x0000000017800000] [id=9144]
  0x0000000017a2a800 WatcherThread [stack: 0x0000000018500000,0x0000000018600000] [id=7456]

VM state:not at safepoint (normal execution)

VM Mutex/Monitor currently owned by a thread: None

Heap:
 PSYoungGen      total 36864K, used 6917K [0x00000000eab00000, 0x00000000ed400000, 0x0000000100000000)
  eden space 31744K, 5% used [0x00000000eab00000,0x00000000eacc7770,0x00000000eca00000)
  from space 5120K, 99% used [0x00000000eca00000,0x00000000ecefa020,0x00000000ecf00000)
  to   space 5120K, 0% used [0x00000000ecf00000,0x00000000ecf00000,0x00000000ed400000)
 ParOldGen       total 84992K, used 5528K [0x00000000c0000000, 0x00000000c5300000, 0x00000000eab00000)
  object space 84992K, 6% used [0x00000000c0000000,0x00000000c05661f0,0x00000000c5300000)
 Metaspace       used 18736K, capacity 19098K, committed 19328K, reserved 1067008K
  class space    used 2544K, capacity 2655K, committed 2688K, reserved 1048576K

Card table byte_map: [0x00000000122d0000,0x00000000124e0000] byte_map_base: 0x0000000011cd0000

Marking Bits: (ParMarkBitMap*) 0x000000005a94a6d0
 Begin Bits: [0x0000000012e40000, 0x0000000013e40000)
 End Bits:   [0x0000000013e40000, 0x0000000014e40000)

Polling page: 0x0000000000c80000

CodeCache: size=245760Kb used=5514Kb max_used=5526Kb free=240245Kb
 bounds [0x0000000002f10000, 0x0000000003480000, 0x0000000011f10000]
 total_blobs=2019 nmethods=1634 adapters=297
 compilation: enabled

Compilation events (10 events):
Event: 5.122 Thread 0x00000000179d2800 1629       3       org.codehaus.groovy.util.SingleKeyHashMap::get (67 bytes)
Event: 5.122 Thread 0x00000000179d2800 nmethod 1629 0x0000000003471410 code [0x00000000034715c0, 0x0000000003471c98]
Event: 5.122 Thread 0x00000000179d2800 1630   !   3       groovy.lang.MetaClassImpl::getPropName (81 bytes)
Event: 5.123 Thread 0x00000000179d2800 nmethod 1630 0x0000000003471f50 code [0x0000000003472180, 0x0000000003472f18]
Event: 5.123 Thread 0x00000000179d2800 1631       1       org.codehaus.groovy.reflection.GeneratedMetaMethod::getReturnType (5 bytes)
Event: 5.123 Thread 0x00000000179d2800 nmethod 1631 0x000000000346b850 code [0x000000000346b9a0, 0x000000000346bab0]
Event: 5.124 Thread 0x00000000179d2800 1632       3       java.util.HashMap::removeNode (291 bytes)
Event: 5.125 Thread 0x00000000179d2800 nmethod 1632 0x0000000003473490 code [0x00000000034736e0, 0x0000000003474918]
Event: 5.125 Thread 0x00000000179d2800 1633       3       java.util.HashMap::remove (26 bytes)
Event: 5.126 Thread 0x00000000179d2800 nmethod 1633 0x0000000003468510 code [0x00000000034686a0, 0x0000000003468ab8]

GC Heap History (6 events):
Event: 1.004 GC heap before
{Heap before GC invocations=1 (full 0):
 PSYoungGen      total 36864K, used 31744K [0x00000000eab00000, 0x00000000ed400000, 0x0000000100000000)
  eden space 31744K, 100% used [0x00000000eab00000,0x00000000eca00000,0x00000000eca00000)
  from space 5120K, 0% used [0x00000000ecf00000,0x00000000ecf00000,0x00000000ed400000)
  to   space 5120K, 0% used [0x00000000eca00000,0x00000000eca00000,0x00000000ecf00000)
 ParOldGen       total 84992K, used 0K [0x00000000c0000000, 0x00000000c5300000, 0x00000000eab00000)
  object space 84992K, 0% used [0x00000000c0000000,0x00000000c0000000,0x00000000c5300000)
 Metaspace       used 6336K, capacity 6634K, committed 6784K, reserved 1056768K
  class space    used 824K, capacity 866K, committed 896K, reserved 1048576K
Event: 1.010 GC heap after
Heap after GC invocations=1 (full 0):
 PSYoungGen      total 36864K, used 4419K [0x00000000eab00000, 0x00000000ed400000, 0x0000000100000000)
  eden space 31744K, 0% used [0x00000000eab00000,0x00000000eab00000,0x00000000eca00000)
  from space 5120K, 86% used [0x00000000eca00000,0x00000000ece50ee8,0x00000000ecf00000)
  to   space 5120K, 0% used [0x00000000ecf00000,0x00000000ecf00000,0x00000000ed400000)
 ParOldGen       total 84992K, used 8K [0x00000000c0000000, 0x00000000c5300000, 0x00000000eab00000)
  object space 84992K, 0% used [0x00000000c0000000,0x00000000c0002000,0x00000000c5300000)
 Metaspace       used 6336K, capacity 6634K, committed 6784K, reserved 1056768K
  class space    used 824K, capacity 866K, committed 896K, reserved 1048576K
}
Event: 3.773 GC heap before
{Heap before GC invocations=2 (full 0):
 PSYoungGen      total 36864K, used 36163K [0x00000000eab00000, 0x00000000ed400000, 0x0000000100000000)
  eden space 31744K, 100% used [0x00000000eab00000,0x00000000eca00000,0x00000000eca00000)
  from space 5120K, 86% used [0x00000000eca00000,0x00000000ece50ee8,0x00000000ecf00000)
  to   space 5120K, 0% used [0x00000000ecf00000,0x00000000ecf00000,0x00000000ed400000)
 ParOldGen       total 84992K, used 8K [0x00000000c0000000, 0x00000000c5300000, 0x00000000eab00000)
  object space 84992K, 0% used [0x00000000c0000000,0x00000000c0002000,0x00000000c5300000)
 Metaspace       used 12631K, capacity 12974K, committed 13184K, reserved 1060864K
  class space    used 1717K, capacity 1851K, committed 1920K, reserved 1048576K
Event: 3.781 GC heap after
Heap after GC invocations=2 (full 0):
 PSYoungGen      total 36864K, used 5118K [0x00000000eab00000, 0x00000000ed400000, 0x0000000100000000)
  eden space 31744K, 0% used [0x00000000eab00000,0x00000000eab00000,0x00000000eca00000)
  from space 5120K, 99% used [0x00000000ecf00000,0x00000000ed3ff850,0x00000000ed400000)
  to   space 5120K, 0% used [0x00000000eca00000,0x00000000eca00000,0x00000000ecf00000)
 ParOldGen       total 84992K, used 1020K [0x00000000c0000000, 0x00000000c5300000, 0x00000000eab00000)
  object space 84992K, 1% used [0x00000000c0000000,0x00000000c00ff2f8,0x00000000c5300000)
 Metaspace       used 12631K, capacity 12974K, committed 13184K, reserved 1060864K
  class space    used 1717K, capacity 1851K, committed 1920K, reserved 1048576K
}
Event: 4.999 GC heap before
{Heap before GC invocations=3 (full 0):
 PSYoungGen      total 36864K, used 36862K [0x00000000eab00000, 0x00000000ed400000, 0x0000000100000000)
  eden space 31744K, 100% used [0x00000000eab00000,0x00000000eca00000,0x00000000eca00000)
  from space 5120K, 99% used [0x00000000ecf00000,0x00000000ed3ff850,0x00000000ed400000)
  to   space 5120K, 0% used [0x00000000eca00000,0x00000000eca00000,0x00000000ecf00000)
 ParOldGen       total 84992K, used 1020K [0x00000000c0000000, 0x00000000c5300000, 0x00000000eab00000)
  object space 84992K, 1% used [0x00000000c0000000,0x00000000c00ff2f8,0x00000000c5300000)
 Metaspace       used 18612K, capacity 18964K, committed 19072K, reserved 1064960K
  class space    used 2529K, capacity 2653K, committed 2688K, reserved 1048576K
Event: 5.021 GC heap after
Heap after GC invocations=3 (full 0):
 PSYoungGen      total 36864K, used 5096K [0x00000000eab00000, 0x00000000ed400000, 0x0000000100000000)
  eden space 31744K, 0% used [0x00000000eab00000,0x00000000eab00000,0x00000000eca00000)
  from space 5120K, 99% used [0x00000000eca00000,0x00000000ecefa020,0x00000000ecf00000)
  to   space 5120K, 0% used [0x00000000ecf00000,0x00000000ecf00000,0x00000000ed400000)
 ParOldGen       total 84992K, used 5528K [0x00000000c0000000, 0x00000000c5300000, 0x00000000eab00000)
  object space 84992K, 6% used [0x00000000c0000000,0x00000000c05661f0,0x00000000c5300000)
 Metaspace       used 18612K, capacity 18964K, committed 19072K, reserved 1064960K
  class space    used 2529K, capacity 2653K, committed 2688K, reserved 1048576K
}

Deoptimization events (10 events):
Event: 4.501 Thread 0x00000000196d5800 Uncommon trap: reason=unstable_if action=reinterpret pc=0x00000000031436b0 method=java.lang.AbstractStringBuilder.append(Ljava/lang/String;)Ljava/lang/AbstractStringBuilder; @ 1
Event: 4.952 Thread 0x00000000196d5800 Uncommon trap: reason=bimorphic action=maybe_recompile pc=0x000000000338f208 method=java.lang.ClassLoader.loadClass(Ljava/lang/String;Z)Ljava/lang/Class; @ 38
Event: 4.953 Thread 0x00000000196d5800 Uncommon trap: reason=bimorphic action=maybe_recompile pc=0x000000000338f208 method=java.lang.ClassLoader.loadClass(Ljava/lang/String;Z)Ljava/lang/Class; @ 38
Event: 4.954 Thread 0x00000000196d5800 Uncommon trap: reason=class_check action=maybe_recompile pc=0x00000000030d1f24 method=sun.misc.URLClassPath.getLoader(I)Lsun/misc/URLClassPath$Loader; @ 94
Event: 4.954 Thread 0x00000000196d5800 Uncommon trap: reason=class_check action=maybe_recompile pc=0x00000000031c7f6c method=sun.misc.URLClassPath.getResource(Ljava/lang/String;Z)Lsun/misc/Resource; @ 62
Event: 4.956 Thread 0x00000000196d5800 Uncommon trap: reason=bimorphic action=maybe_recompile pc=0x000000000338f208 method=java.lang.ClassLoader.loadClass(Ljava/lang/String;Z)Ljava/lang/Class; @ 38
Event: 4.956 Thread 0x00000000196d5800 Uncommon trap: reason=bimorphic action=maybe_recompile pc=0x000000000338f208 method=java.lang.ClassLoader.loadClass(Ljava/lang/String;Z)Ljava/lang/Class; @ 38
Event: 4.995 Thread 0x00000000196d5800 Uncommon trap: reason=class_check action=maybe_recompile pc=0x00000000030d20b8 method=sun.misc.URLClassPath.getLoader(I)Lsun/misc/URLClassPath$Loader; @ 193
Event: 5.071 Thread 0x00000000196d5800 Uncommon trap: reason=class_check action=maybe_recompile pc=0x00000000030d20b8 method=sun.misc.URLClassPath.getLoader(I)Lsun/misc/URLClassPath$Loader; @ 193
Event: 5.131 Thread 0x00000000196d5800 Uncommon trap: reason=class_check action=maybe_recompile pc=0x00000000030d20b8 method=sun.misc.URLClassPath.getLoader(I)Lsun/misc/URLClassPath$Loader; @ 193

Internal exceptions (10 events):
Event: 4.997 Thread 0x00000000196d5800 Exception <a 'java/lang/ClassNotFoundException': org/gradle/groovy/scripts/DefaultScriptBeanInfo> (0x00000000ec9d5668) thrown at [C:\re\workspace\8-2-build-windows-amd64-cygwin\jdk8u101\7261\hotspot\src\share\vm\classfile\systemDictionary.cpp, line 210]
Event: 4.998 Thread 0x00000000196d5800 Exception <a 'java/lang/ClassNotFoundException': org/gradle/groovy/scripts/BasicScriptBeanInfo> (0x00000000ec9e31f0) thrown at [C:\re\workspace\8-2-build-windows-amd64-cygwin\jdk8u101\7261\hotspot\src\share\vm\classfile\systemDictionary.cpp, line 210]
Event: 4.998 Thread 0x00000000196d5800 Exception <a 'java/lang/ClassNotFoundException': org/gradle/groovy/scripts/ScriptBeanInfo> (0x00000000ec9f00f8) thrown at [C:\re\workspace\8-2-build-windows-amd64-cygwin\jdk8u101\7261\hotspot\src\share\vm\classfile\systemDictionary.cpp, line 210]
Event: 4.998 Thread 0x00000000196d5800 Exception <a 'java/lang/ClassNotFoundException': groovy/lang/ScriptBeanInfo> (0x00000000ec9fa588) thrown at [C:\re\workspace\8-2-build-windows-amd64-cygwin\jdk8u101\7261\hotspot\src\share\vm\classfile\systemDictionary.cpp, line 210]
Event: 5.043 Thread 0x00000000196d5800 Exception <a 'java/lang/ClassNotFoundException': groovy/lang/ScriptCustomizer> (0x00000000eab40af8) thrown at [C:\re\workspace\8-2-build-windows-amd64-cygwin\jdk8u101\7261\hotspot\src\share\vm\classfile\systemDictionary.cpp, line 210]
Event: 5.045 Thread 0x00000000196d5800 Exception <a 'java/lang/ClassNotFoundException': org/gradle/groovy/scripts/ScriptCustomizer> (0x00000000eab576e0) thrown at [C:\re\workspace\8-2-build-windows-amd64-cygwin\jdk8u101\7261\hotspot\src\share\vm\classfile\systemDictionary.cpp, line 210]
Event: 5.049 Thread 0x00000000196d5800 Exception <a 'java/lang/ClassNotFoundException': org/gradle/groovy/scripts/BasicScriptCustomizer> (0x00000000eab6f100) thrown at [C:\re\workspace\8-2-build-windows-amd64-cygwin\jdk8u101\7261\hotspot\src\share\vm\classfile\systemDictionary.cpp, line 210]
Event: 5.050 Thread 0x00000000196d5800 Exception <a 'java/lang/ClassNotFoundException': org/gradle/groovy/scripts/DefaultScriptCustomizer> (0x00000000eab894e8) thrown at [C:\re\workspace\8-2-build-windows-amd64-cygwin\jdk8u101\7261\hotspot\src\share\vm\classfile\systemDictionary.cpp, line 210]
Event: 5.067 Thread 0x00000000196d5800 Exception <a 'java/lang/ClassNotFoundException': org/gradle/initialization/InitScriptCustomizer> (0x00000000eabccc30) thrown at [C:\re\workspace\8-2-build-windows-amd64-cygwin\jdk8u101\7261\hotspot\src\share\vm\classfile\systemDictionary.cpp, line 210]
Event: 5.072 Thread 0x00000000196d5800 Exception <a 'java/lang/ClassNotFoundException': asLocalRepo8_2d1u34z093zaf8ftpnklpfkn8Customizer> (0x00000000eabdef00) thrown at [C:\re\workspace\8-2-build-windows-amd64-cygwin\jdk8u101\7261\hotspot\src\share\vm\classfile\systemDictionary.cpp, line 210]

Events (10 events):
Event: 5.131 loading class org/gradle/api/internal/file/delete/DeleteSpecInternal done
Event: 5.131 loading class asLocalRepo8_2d1u34z093zaf8ftpnklpfkn8$_run_closure1
Event: 5.131 loading class asLocalRepo8_2d1u34z093zaf8ftpnklpfkn8$_run_closure1 done
Event: 5.131 Thread 0x00000000196d5800 Uncommon trap: trap_request=0xffffffde fr.pc=0x00000000030d20b8
Event: 5.131 Thread 0x00000000196d5800 DEOPT PACKING pc=0x00000000030d20b8 sp=0x000000001a72bab0
Event: 5.132 Thread 0x00000000196d5800 DEOPT UNPACKING pc=0x0000000002f5582a sp=0x000000001a72ba38 mode 2
Event: 5.132 loading class org/codehaus/groovy/runtime/GeneratedClosure
Event: 5.132 loading class org/codehaus/groovy/runtime/GeneratedClosure done
Event: 5.132 loading class groovy/lang/Closure
Event: 5.132 loading class groovy/lang/Closure done


Dynamic libraries:
0x00007ff667480000 - 0x00007ff6674b7000 	C:\Program Files\Java\jdk1.8.0_101\bin\java.exe
0x00007ffa36890000 - 0x00007ffa36a61000 	C:\WINDOWS\SYSTEM32\ntdll.dll
0x00007ffa34af0000 - 0x00007ffa34b9b000 	C:\WINDOWS\System32\KERNEL32.DLL
0x00007ffa32fd0000 - 0x00007ffa331ed000 	C:\WINDOWS\System32\KERNELBASE.dll
0x00007ffa34000000 - 0x00007ffa340a2000 	C:\WINDOWS\System32\ADVAPI32.dll
0x00007ffa34180000 - 0x00007ffa3421e000 	C:\WINDOWS\System32\msvcrt.dll
0x00007ffa352b0000 - 0x00007ffa35309000 	C:\WINDOWS\System32\sechost.dll
0x00007ffa34920000 - 0x00007ffa34a41000 	C:\WINDOWS\System32\RPCRT4.dll
0x00007ffa347b0000 - 0x00007ffa34915000 	C:\WINDOWS\System32\USER32.dll
0x00007ffa334f0000 - 0x00007ffa3350e000 	C:\WINDOWS\System32\win32u.dll
0x00007ffa33e30000 - 0x00007ffa33e64000 	C:\WINDOWS\System32\GDI32.dll
0x00007ffa331f0000 - 0x00007ffa33372000 	C:\WINDOWS\System32\gdi32full.dll
0x00007ffa2e0c0000 - 0x00007ffa2e339000 	C:\WINDOWS\WinSxS\amd64_microsoft.windows.common-controls_6595b64144ccf1df_6.0.14393.0_none_2d0f50fcbdb171b8\COMCTL32.dll
0x00007ffa34ba0000 - 0x00007ffa34e67000 	C:\WINDOWS\System32\combase.dll
0x00007ffa32e20000 - 0x00007ffa32f15000 	C:\WINDOWS\System32\ucrtbase.dll
0x00007ffa33480000 - 0x00007ffa334ea000 	C:\WINDOWS\System32\bcryptPrimitives.dll
0x00007ffa33fd0000 - 0x00007ffa33ffe000 	C:\WINDOWS\System32\IMM32.DLL
0x0000000059f20000 - 0x0000000059ff2000 	C:\Program Files\Java\jdk1.8.0_101\jre\bin\msvcr100.dll
0x000000005a130000 - 0x000000005a9ca000 	C:\Program Files\Java\jdk1.8.0_101\jre\bin\server\jvm.dll
0x00007ffa34170000 - 0x00007ffa34178000 	C:\WINDOWS\System32\PSAPI.DLL
0x00007ffa31000000 - 0x00007ffa31023000 	C:\WINDOWS\SYSTEM32\WINMM.dll
0x00007ffa2f1b0000 - 0x00007ffa2f1b9000 	C:\WINDOWS\SYSTEM32\WSOCK32.dll
0x00007ffa2e3e0000 - 0x00007ffa2e3ea000 	C:\WINDOWS\SYSTEM32\VERSION.dll
0x00007ffa36820000 - 0x00007ffa3688a000 	C:\WINDOWS\System32\WS2_32.dll
0x00007ffa30fd0000 - 0x00007ffa30ffb000 	C:\WINDOWS\SYSTEM32\WINMMBASE.dll
0x00007ffa33430000 - 0x00007ffa33472000 	C:\WINDOWS\System32\cfgmgr32.dll
0x000000005afe0000 - 0x000000005afef000 	C:\Program Files\Java\jdk1.8.0_101\jre\bin\verify.dll
0x000000005afb0000 - 0x000000005afd9000 	C:\Program Files\Java\jdk1.8.0_101\jre\bin\java.dll
0x000000005af90000 - 0x000000005afa6000 	C:\Program Files\Java\jdk1.8.0_101\jre\bin\zip.dll
0x00007ffa35310000 - 0x00007ffa36818000 	C:\WINDOWS\System32\SHELL32.dll
0x00007ffa33510000 - 0x00007ffa33bea000 	C:\WINDOWS\System32\windows.storage.dll
0x00007ffa32dc0000 - 0x00007ffa32e0c000 	C:\WINDOWS\System32\powrprof.dll
0x00007ffa34370000 - 0x00007ffa343c2000 	C:\WINDOWS\System32\shlwapi.dll
0x00007ffa32db0000 - 0x00007ffa32dbf000 	C:\WINDOWS\System32\kernel.appcore.dll
0x00007ffa33380000 - 0x00007ffa33429000 	C:\WINDOWS\System32\shcore.dll
0x00007ffa32d90000 - 0x00007ffa32da4000 	C:\WINDOWS\System32\profapi.dll
0x000000005af70000 - 0x000000005af8a000 	C:\Program Files\Java\jdk1.8.0_101\jre\bin\net.dll
0x00007ffa326c0000 - 0x00007ffa3271c000 	C:\WINDOWS\system32\mswsock.dll
0x000000005af50000 - 0x000000005af61000 	C:\Program Files\Java\jdk1.8.0_101\jre\bin\nio.dll
0x00007ffa2d260000 - 0x00007ffa2d272000 	C:\Users\panho\.gradle\native\19\windows-amd64\native-platform.dll
0x00007ffa32860000 - 0x00007ffa32877000 	C:\WINDOWS\SYSTEM32\CRYPTSP.dll
0x00007ffa32350000 - 0x00007ffa32383000 	C:\WINDOWS\system32\rsaenh.dll
0x00007ffa32970000 - 0x00007ffa3299b000 	C:\WINDOWS\SYSTEM32\bcrypt.dll
0x00007ffa32540000 - 0x00007ffa3255f000 	C:\WINDOWS\SYSTEM32\USERENV.dll
0x00007ffa32880000 - 0x00007ffa3288b000 	C:\WINDOWS\SYSTEM32\CRYPTBASE.dll
0x00007ffa32450000 - 0x00007ffa32488000 	C:\WINDOWS\SYSTEM32\IPHLPAPI.DLL
0x00007ffa33e20000 - 0x00007ffa33e28000 	C:\WINDOWS\System32\NSI.dll
0x00007ffa2d2d0000 - 0x00007ffa2d2e6000 	C:\WINDOWS\SYSTEM32\dhcpcsvc6.DLL
0x00007ffa2d2b0000 - 0x00007ffa2d2ca000 	C:\WINDOWS\SYSTEM32\dhcpcsvc.DLL
0x000000005ad50000 - 0x000000005ad5d000 	C:\Program Files\Java\jdk1.8.0_101\jre\bin\management.dll

VM Arguments:
jvm_args: -XX:MaxPermSize=256m -XX:+HeapDumpOnOutOfMemoryError -Xmx1024m -Dfile.encoding=GBK -Duser.country=CN -Duser.language=zh -Duser.variant 
java_command: org.gradle.launcher.daemon.bootstrap.GradleDaemon 2.14.1
java_class_path (initial): F:\developer\AndroidStudio\as\gradle\gradle-2.14.1\lib\gradle-launcher-2.14.1.jar
Launcher Type: SUN_STANDARD

Environment Variables:
JAVA_HOME=C:\Program Files\Java\jdk1.8.0_101
PATH=F:\app\panho\product\11.2.0\dbhome_1\bin;C:\ProgramData\Oracle\Java\javapath;C:\WINDOWS\system32;C:\WINDOWS;C:\WINDOWS\System32\Wbem;C:\WINDOWS\System32\WindowsPowerShell\v1.0\;C:\Windows\System32\pan;C:\Program Files\Java\jdk1.8.0_101\bin;C:\Program Files\Java\jre1.8.0_101\bin;C:\Users\panho\.app\;%USERPROFILE%\AppData\Local\Microsoft\WindowsApps;
USERNAME=panho
OS=Windows_NT
PROCESSOR_IDENTIFIER=Intel64 Family 6 Model 60 Stepping 3, GenuineIntel



---------------  S Y S T E M  ---------------

OS: Windows 10.0 , 64 bit Build 14393 (10.0.14393.0)

CPU:total 8 (4 cores per cpu, 2 threads per core) family 6 model 60 stepping 3, cmov, cx8, fxsr, mmx, sse, sse2, sse3, ssse3, sse4.1, sse4.2, popcnt, avx, avx2, aes, clmul, erms, lzcnt, ht, tsc, tscinvbit, bmi1, bmi2

Memory: 4k page, physical 8067492k(1382508k free), swap 8067492k(7292k free)

vm_info: Java HotSpot(TM) 64-Bit Server VM (25.101-b13) for windows-amd64 JRE (1.8.0_101-b13), built on Jun 22 2016 01:21:29 by "java_re" with MS VC++ 10.0 (VS2010)

time: Mon Sep 12 11:25:50 2016
elapsed time: 5 seconds (0d 0h 0m 5s)

