#
# There is insufficient memory for the Java Runtime Environment to continue.
# Native memory allocation (malloc) failed to allocate 578496 bytes for Chunk::new
# Possible reasons:
#   The system is out of physical RAM or swap space
#   In 32 bit mode, the process size limit was hit
# Possible solutions:
#   Reduce memory load on the system
#   Increase physical memory or swap space
#   Check if swap backing store is full
#   Use 64 bit Java on a 64 bit OS
#   Decrease Java heap size (-Xmx/-Xms)
#   Decrease number of Java threads
#   Decrease Java thread stack sizes (-Xss)
#   Set larger code cache with -XX:ReservedCodeCacheSize=
# This output file may be truncated or incomplete.
#
#  Out of Memory Error (allocation.cpp:390), pid=4680, tid=0x0000000000001e08
#
# JRE version: Java(TM) SE Runtime Environment (8.0_101-b13) (build 1.8.0_101-b13)
# Java VM: Java HotSpot(TM) 64-Bit Server VM (25.101-b13 mixed mode windows-amd64 compressed oops)
# Failed to write core dump. Minidumps are not enabled by default on client versions of Windows
#

---------------  T H R E A D  ---------------

Current thread (0x0000000017afc000):  JavaThread "C2 CompilerThread2" daemon [_thread_in_native, id=7688, stack(0x00000000183d0000,0x00000000184d0000)]

Stack: [0x00000000183d0000,0x00000000184d0000]
[error occurred during error reporting (printing stack bounds), id 0xc0000005]

Native frames: (J=compiled Java code, j=interpreted, Vv=VM code, C=native code)


Current CompileTask:
C2:   1078 1020   !   4       com.android.dx.cf.code.BytecodeArray::parseInstruction (2764 bytes)


---------------  P R O C E S S  ---------------

Java Threads: ( => current thread )
  0x0000000018e29000 JavaThread "pool-2-thread-4" [_thread_blocked, id=9204, stack(0x000000001a3a0000,0x000000001a4a0000)]
  0x0000000018a03800 JavaThread "pool-2-thread-3" [_thread_blocked, id=8072, stack(0x00000000192d0000,0x00000000193d0000)]
  0x0000000017cc0800 JavaThread "pool-2-thread-2" [_thread_in_vm, id=6404, stack(0x00000000191d0000,0x00000000192d0000)]
  0x0000000017caa000 JavaThread "pool-3-thread-1" [_thread_blocked, id=7124, stack(0x00000000188d0000,0x00000000189d0000)]
  0x0000000017ca3800 JavaThread "pool-2-thread-1" [_thread_blocked, id=4408, stack(0x00000000187d0000,0x00000000188d0000)]
  0x0000000017b63800 JavaThread "Service Thread" daemon [_thread_blocked, id=4400, stack(0x00000000185d0000,0x00000000186d0000)]
  0x0000000017b5c800 JavaThread "C1 CompilerThread3" daemon [_thread_blocked, id=9244, stack(0x00000000184d0000,0x00000000185d0000)]
=>0x0000000017afc000 JavaThread "C2 CompilerThread2" daemon [_thread_in_native, id=7688, stack(0x00000000183d0000,0x00000000184d0000)]
  0x0000000015b8e800 JavaThread "C2 CompilerThread1" daemon [_thread_blocked, id=3844, stack(0x00000000182d0000,0x00000000183d0000)]
  0x0000000015b8a800 JavaThread "C2 CompilerThread0" daemon [_thread_in_native, id=1900, stack(0x00000000181d0000,0x00000000182d0000)]
  0x0000000017af8800 JavaThread "Attach Listener" daemon [_thread_blocked, id=9648, stack(0x00000000180d0000,0x00000000181d0000)]
  0x0000000017af7800 JavaThread "Signal Dispatcher" daemon [_thread_blocked, id=7572, stack(0x0000000017fd0000,0x00000000180d0000)]
  0x000000000305d800 JavaThread "Finalizer" daemon [_thread_blocked, id=4372, stack(0x0000000017e70000,0x0000000017f70000)]
  0x0000000003056000 JavaThread "Reference Handler" daemon [_thread_blocked, id=1412, stack(0x0000000017970000,0x0000000017a70000)]
  0x0000000002f60800 JavaThread "main" [_thread_in_native, id=1512, stack(0x0000000002e60000,0x0000000002f60000)]

Other Threads:
  0x0000000015b79800 VMThread [stack: 0x0000000017870000,0x0000000017970000] [id=7400]
  0x0000000017b68000 WatcherThread [stack: 0x00000000186d0000,0x00000000187d0000] [id=10136]

VM state:synchronizing (normal execution)

VM Mutex/Monitor currently owned by a thread:  ([mutex/lock_event])
[0x00000000013ec960] Threads_lock - owner thread: 0x0000000015b79800
[0x00000000013ec3e0] Heap_lock - owner thread: 0x0000000017cc0800

Heap:
 PSYoungGen      total 36864K, used 36849K [0x00000000eab00000, 0x00000000ef300000, 0x0000000100000000)
  eden space 31744K, 100% used [0x00000000eab00000,0x00000000eca00000,0x00000000eca00000)
  from space 5120K, 99% used [0x00000000eca00000,0x00000000ecefc730,0x00000000ecf00000)
  to   space 5120K, 0% used [0x00000000eee00000,0x00000000eee00000,0x00000000ef300000)
 ParOldGen       total 84992K, used 5494K [0x00000000c0000000, 0x00000000c5300000, 0x00000000eab00000)
  object space 84992K, 6% used [0x00000000c0000000,0x00000000c055db40,0x00000000c5300000)
 Metaspace       used 5786K, capacity 6832K, committed 7040K, reserved 1056768K
  class space    used 589K, capacity 616K, committed 640K, reserved 1048576K

Card table byte_map: [0x0000000012420000,0x0000000012630000] byte_map_base: 0x0000000011e20000

Marking Bits: (ParMarkBitMap*) 0x000000005a94a6d0
 Begin Bits: [0x0000000012f90000, 0x0000000013f90000)
 End Bits:   [0x0000000013f90000, 0x0000000014f90000)

Polling page: 0x0000000000ed0000

CodeCache: size=245760Kb used=4652Kb max_used=4652Kb free=241107Kb
 bounds [0x0000000003060000, 0x0000000003500000, 0x0000000012060000]
 total_blobs=1414 nmethods=1150 adapters=177
 compilation: enabled

Compilation events (10 events):
Event: 1.042 Thread 0x0000000015b8e800 1167       4       com.android.dx.cf.code.RopperMachine::getSources (264 bytes)
Event: 1.042 Thread 0x0000000017b5c800 nmethod 1179 0x00000000034ec190 code [0x00000000034ec2e0, 0x00000000034ec450]
Event: 1.042 Thread 0x0000000017b5c800 1180       2       com.android.dx.cf.code.Ropper::getSpecialLabel (20 bytes)
Event: 1.043 Thread 0x0000000017b5c800 nmethod 1180 0x00000000034ebd90 code [0x00000000034ebee0, 0x00000000034ec050]
Event: 1.045 Thread 0x0000000017b5c800 1181       2       com.android.dx.cf.code.OneLocalsArray::getOrNull (7 bytes)
Event: 1.045 Thread 0x0000000017b5c800 nmethod 1181 0x00000000034eb9d0 code [0x00000000034ebb20, 0x00000000034ebc90]
Event: 1.047 Thread 0x0000000017b5c800 1183       2       com.android.dx.ssa.SsaMethod::onInsnsChanged (16 bytes)
Event: 1.047 Thread 0x0000000017b5c800 nmethod 1183 0x00000000034eb650 code [0x00000000034eb7a0, 0x00000000034eb930]
Event: 1.049 Thread 0x0000000017b5c800 1184       3       com.android.dx.rop.code.RopMethod::calcPredecessors (227 bytes)
Event: 1.051 Thread 0x0000000017b5c800 nmethod 1184 0x00000000034ef810 code [0x00000000034efb20, 0x00000000034f1748]

GC Heap History (2 events):
Event: 0.825 GC heap before
{Heap before GC invocations=1 (full 0):
 PSYoungGen      total 36864K, used 31744K [0x00000000eab00000, 0x00000000ed400000, 0x0000000100000000)
  eden space 31744K, 100% used [0x00000000eab00000,0x00000000eca00000,0x00000000eca00000)
  from space 5120K, 0% used [0x00000000ecf00000,0x00000000ecf00000,0x00000000ed400000)
  to   space 5120K, 0% used [0x00000000eca00000,0x00000000eca00000,0x00000000ecf00000)
 ParOldGen       total 84992K, used 0K [0x00000000c0000000, 0x00000000c5300000, 0x00000000eab00000)
  object space 84992K, 0% used [0x00000000c0000000,0x00000000c0000000,0x00000000c5300000)
 Metaspace       used 5723K, capacity 6832K, committed 7040K, reserved 1056768K
  class space    used 589K, capacity 616K, committed 640K, reserved 1048576K
Event: 0.845 GC heap after
Heap after GC invocations=1 (full 0):
 PSYoungGen      total 36864K, used 5105K [0x00000000eab00000, 0x00000000ef300000, 0x0000000100000000)
  eden space 31744K, 0% used [0x00000000eab00000,0x00000000eab00000,0x00000000eca00000)
  from space 5120K, 99% used [0x00000000eca00000,0x00000000ecefc730,0x00000000ecf00000)
  to   space 5120K, 0% used [0x00000000eee00000,0x00000000eee00000,0x00000000ef300000)
 ParOldGen       total 84992K, used 5494K [0x00000000c0000000, 0x00000000c5300000, 0x00000000eab00000)
  object space 84992K, 6% used [0x00000000c0000000,0x00000000c055db40,0x00000000c5300000)
 Metaspace       used 5723K, capacity 6832K, committed 7040K, reserved 1056768K
  class space    used 589K, capacity 616K, committed 640K, reserved 1048576K
}

Deoptimization events (10 events):
Event: 0.462 Thread 0x0000000017cc0800 Uncommon trap: reason=unstable_if action=reinterpret pc=0x000000000323dd28 method=java.util.HashMap.getNode(ILjava/lang/Object;)Ljava/util/HashMap$Node; @ 129
Event: 0.755 Thread 0x0000000018a03800 Uncommon trap: reason=class_check action=maybe_recompile pc=0x00000000033ab024 method=com.android.dx.ssa.NormalSsaInsn.accept(Lcom/android/dx/ssa/SsaInsn$Visitor;)V @ 9
Event: 0.800 Thread 0x0000000017cc0800 Uncommon trap: reason=class_check action=maybe_recompile pc=0x00000000034301f4 method=com.android.dx.cf.code.BytecodeArray.parseInstruction(ILcom/android/dx/cf/code/BytecodeArray$Visitor;)I @ 2431
Event: 0.800 Thread 0x0000000017cc0800 Uncommon trap: reason=class_check action=maybe_recompile pc=0x00000000034301f4 method=com.android.dx.cf.code.BytecodeArray.parseInstruction(ILcom/android/dx/cf/code/BytecodeArray$Visitor;)I @ 2431
Event: 0.802 Thread 0x0000000017cc0800 Uncommon trap: reason=class_check action=maybe_recompile pc=0x00000000034301f4 method=com.android.dx.cf.code.BytecodeArray.parseInstruction(ILcom/android/dx/cf/code/BytecodeArray$Visitor;)I @ 2431
Event: 0.802 Thread 0x0000000017cc0800 Uncommon trap: reason=class_check action=maybe_recompile pc=0x00000000034301f4 method=com.android.dx.cf.code.BytecodeArray.parseInstruction(ILcom/android/dx/cf/code/BytecodeArray$Visitor;)I @ 2431
Event: 0.819 Thread 0x0000000017ca3800 Uncommon trap: reason=class_check action=maybe_recompile pc=0x00000000033ab024 method=com.android.dx.ssa.NormalSsaInsn.accept(Lcom/android/dx/ssa/SsaInsn$Visitor;)V @ 9
Event: 0.852 Thread 0x0000000018e29000 Uncommon trap: reason=class_check action=maybe_recompile pc=0x00000000033ab024 method=com.android.dx.ssa.NormalSsaInsn.accept(Lcom/android/dx/ssa/SsaInsn$Visitor;)V @ 9
Event: 0.955 Thread 0x0000000018e29000 Uncommon trap: reason=null_check action=make_not_entrant pc=0x00000000033ab8e8 method=com.android.dx.ssa.SsaRenamer.getLocalForNewReg(I)Lcom/android/dx/rop/code/LocalItem; @ 19
Event: 0.955 Thread 0x0000000018e29000 Uncommon trap: reason=null_check action=make_not_entrant pc=0x0000000003304fb0 method=com.android.dx.ssa.SsaRenamer.getLocalForNewReg(I)Lcom/android/dx/rop/code/LocalItem; @ 19

Internal exceptions (4 events):
Event: 0.072 Thread 0x0000000002f60800 Exception <a 'java/lang/NoSuchMethodError': Method sun.misc.Unsafe.defineClass(Ljava/lang/String;[BII)Ljava/lang/Class; name or signature does not match> (0x00000000eab07cc0) thrown at [C:\re\workspace\8-2-build-windows-amd64-cygwin\jdk8u101\7261\hotspot\sfr–‘\²?
Event: 0.072 Thread 0x0000000002f60800 Exception <a 'java/lang/NoSuchMethodError': Method sun.misc.Unsafe.prefetchRead(Ljava/lang/Object;J)V name or signature does not match> (0x00000000eab07fa8) thrown at [C:\re\workspace\8-2-build-windows-amd64-cygwin\jdk8u101\7261\hotspot\src\share\vm\prims\Kû$ÁæŒî?
Event: 0.955 Thread 0x0000000018e29000 Implicit null exception at 0x00000000033a9bb2 to 0x00000000033ab8a5
Event: 0.955 Thread 0x0000000018e29000 Implicit null exception at 0x00000000033034e6 to 0x0000000003304f91

Events (10 events):
Event: 0.955 Thread 0x0000000018e29000 DEOPT PACKING pc=0x00000000033ab8e8 sp=0x000000001a49e620
Event: 0.955 Thread 0x0000000018e29000 DEOPT UNPACKING pc=0x00000000030a582a sp=0x000000001a49e498 mode 2
Event: 0.955 Thread 0x0000000018e29000 Uncommon trap: trap_request=0xfffffff4 fr.pc=0x0000000003304fb0
Event: 0.955 Thread 0x0000000018e29000 DEOPT PACKING pc=0x0000000003304fb0 sp=0x000000001a49e5d0
Event: 0.955 Thread 0x0000000018e29000 DEOPT UNPACKING pc=0x00000000030a582a sp=0x000000001a49e488 mode 2
Event: 0.986 loading class com/android/dx/cf/code/BytecodeArray$ConstantParserVisitor
Event: 0.986 loading class com/android/dx/cf/code/BytecodeArray$ConstantParserVisitor done
Event: 1.049 Thread 0x0000000017cc0800 DEOPT PACKING pc=0x000000000349ea31 sp=0x00000000192ce6f0
Event: 1.049 Thread 0x0000000017cc0800 DEOPT UNPACKING pc=0x00000000030a787f sp=0x00000000192ce488 mode 0
Event: 1.056 Executing VM operation: ParallelGCFailedAllocation


Dynamic libraries:
0x00007ff667480000 - 0x00007ff6674b7000 	C:\Program Files\Java\jdk1.8.0_101\bin\java.exe
0x00007ffa36890000 - 0x00007ffa36a61000 	C:\WINDOWS\SYSTEM32\ntdll.dll
0x00007ffa34af0000 - 0x00007ffa34b9b000 	C:\WINDOWS\System32\KERNEL32.DLL
0x00007ffa32fd0000 - 0x00007ffa331ed000 	C:\WINDOWS\System32\KERNELBASE.dll
0x00007ffa34000000 - 0x00007ffa340a2000 	C:\WINDOWS\System32\ADVAPI32.dll
0x00007ffa34180000 - 0x00007ffa3421e000 	C:\WINDOWS\System32\msvcrt.dll
0x00007ffa352b0000 - 0x00007ffa35309000 	C:\WINDOWS\System32\sechost.dll
0x00007ffa34920000 - 0x00007ffa34a41000 	C:\WINDOWS\System32\RPCRT4.dll
0x00007ffa347b0000 - 0x00007ffa34915000 	C:\WINDOWS\System32\USER32.dll
0x00007ffa334f0000 - 0x00007ffa3350e000 	C:\WINDOWS\System32\win32u.dll
0x00007ffa33e30000 - 0x00007ffa33e64000 	C:\WINDOWS\System32\GDI32.dll
0x00007ffa331f0000 - 0x00007ffa33372000 	C:\WINDOWS\System32\gdi32full.dll
0x00007ffa2e0c0000 - 0x00007ffa2e339000 	C:\WINDOWS\WinSxS\amd64_microsoft.windows.common-controls_6595b64144ccf1df_6.0.14393.0_none_2d0f50fcbdb171b8\COMCTL32.dll
0x00007ffa34ba0000 - 0x00007ffa34e67000 	C:\WINDOWS\System32\combase.dll
0x00007ffa32e20000 - 0x00007ffa32f15000 	C:\WINDOWS\System32\ucrtbase.dll
0x00007ffa33480000 - 0x00007ffa334ea000 	C:\WINDOWS\System32\bcryptPrimitives.dll
0x00007ffa33fd0000 - 0x00007ffa33ffe000 	C:\WINDOWS\System32\IMM32.DLL
0x0000000059f20000 - 0x0000000059ff2000 	C:\Program Files\Java\jdk1.8.0_101\jre\bin\msvcr100.dll
0x000000005a130000 - 0x000000005a9ca000 	C:\Program Files\Java\jdk1.8.0_101\jre\bin\server\jvm.dll
0x00007ffa34170000 - 0x00007ffa34178000 	C:\WINDOWS\System32\PSAPI.DLL
0x00007ffa2f1b0000 - 0x00007ffa2f1b9000 	C:\WINDOWS\SYSTEM32\WSOCK32.dll
0x00007ffa36820000 - 0x00007ffa3688a000 	C:\WINDOWS\System32\WS2_32.dll
0x00007ffa31000000 - 0x00007ffa31023000 	C:\WINDOWS\SYSTEM32\WINMM.dll
0x00007ffa2e3e0000 - 0x00007ffa2e3ea000 	C:\WINDOWS\SYSTEM32\VERSION.dll
0x00007ffa30fd0000 - 0x00007ffa30ffb000 	C:\WINDOWS\SYSTEM32\WINMMBASE.dll
0x00007ffa33430000 - 0x00007ffa33472000 	C:\WINDOWS\System32\cfgmgr32.dll
0x000000005afe0000 - 0x000000005afef000 	C:\Program Files\Java\jdk1.8.0_101\jre\bin\verify.dll
0x000000005afb0000 - 0x000000005afd9000 	C:\Program Files\Java\jdk1.8.0_101\jre\bin\java.dll
0x000000005af90000 - 0x000000005afa6000 	C:\Program Files\Java\jdk1.8.0_101\jre\bin\zip.dll
0x00007ffa35310000 - 0x00007ffa36818000 	C:\WINDOWS\System32\SHELL32.dll
0x00007ffa33510000 - 0x00007ffa33bea000 	C:\WINDOWS\System32\windows.storage.dll
0x00007ffa32dc0000 - 0x00007ffa32e0c000 	C:\WINDOWS\System32\powrprof.dll
0x00007ffa34370000 - 0x00007ffa343c2000 	C:\WINDOWS\System32\shlwapi.dll
0x00007ffa32db0000 - 0x00007ffa32dbf000 	C:\WINDOWS\System32\kernel.appcore.dll
0x00007ffa33380000 - 0x00007ffa33429000 	C:\WINDOWS\System32\shcore.dll
0x00007ffa32d90000 - 0x00007ffa32da4000 	C:\WINDOWS\System32\profapi.dll

VM Arguments:
jvm_args: -Djava.awt.headless=true -Xmx1024M -Dfile.encoding=GBK -Duser.country=CN -Duser.language=zh -Duser.variant 
java_command: com.android.dx.command.Main --dex --force-jumbo --num-threads=4 --multi-dex --output F:\developer\android_workspace\CubeCare3.0\app\build\intermediates\transforms\dex\debug\folders\1000\5\slice_3 F:\developer\android_workspace\CubeCare3.0\app\build\intermediates\transforms\instantRunSlicer\debug\folders\1\5\slice_3
java_class_path (initial): C:\Users\panho\AppData\Local\Android\Sdk\build-tools\24.0.1\lib\dx.jar
Launcher Type: SUN_STANDARD

Environment Variables:
JAVA_HOME=C:\Program Files\Java\jdk1.8.0_101
PATH=F:\app\panho\product\11.2.0\dbhome_1\bin;C:\ProgramData\Oracle\Java\javapath;C:\WINDOWS\system32;C:\WINDOWS;C:\WINDOWS\System32\Wbem;C:\WINDOWS\System32\WindowsPowerShell\v1.0\;C:\Windows\System32\pan;C:\Program Files\Java\jdk1.8.0_101\bin;C:\Program Files\Java\jre1.8.0_101\bin;C:\Users\panho\.app\;%USERPROFILE%\AppData\Local\Microsoft\WindowsApps;
USERNAME=panho
OS=Windows_NT
PROCESSOR_IDENTIFIER=Intel64 Family 6 Model 60 Stepping 3, GenuineIntel



---------------  S Y S T E M  ---------------

OS: Windows 10.0 , 64 bit Build 14393 (10.0.14393.0)

CPU:total 8 (4 cores per cpu, 2 threads per core) family 6 model 60 stepping 3, cmov, cx8, fxsr, mmx, sse, sse2, sse3, ssse3, sse4.1, sse4.2, popcnt, avx, avx2, aes, clmul, erms, lzcnt, ht, tsc, tscinvbit, bmi1, bmi2

Memory: 4k page, physical 8067492k(1834848k free), swap 8067492k(5788k free)

vm_info: Java HotSpot(TM) 64-Bit Server VM (25.101-b13) for windows-amd64 JRE (1.8.0_101-b13), built on Jun 22 2016 01:21:29 by "java_re" with MS VC++ 10.0 (VS2010)

time: Mon Sep 12 11:26:18 2016
elapsed time: 1 seconds (0d 0h 0m 1s)

