#
# There is insufficient memory for the Java Runtime Environment to continue.
# Native memory allocation (malloc) failed to allocate 776416 bytes for Chunk::new
# Possible reasons:
#   The system is out of physical RAM or swap space
#   In 32 bit mode, the process size limit was hit
# Possible solutions:
#   Reduce memory load on the system
#   Increase physical memory or swap space
#   Check if swap backing store is full
#   Use 64 bit Java on a 64 bit OS
#   Decrease Java heap size (-Xmx/-Xms)
#   Decrease number of Java threads
#   Decrease Java thread stack sizes (-Xss)
#   Set larger code cache with -XX:ReservedCodeCacheSize=
# This output file may be truncated or incomplete.
#
#  Out of Memory Error (allocation.cpp:390), pid=6344, tid=0x00000000000021fc
#
# JRE version: Java(TM) SE Runtime Environment (8.0_101-b13) (build 1.8.0_101-b13)
# Java VM: Java HotSpot(TM) 64-Bit Server VM (25.101-b13 mixed mode windows-amd64 compressed oops)
# Failed to write core dump. Minidumps are not enabled by default on client versions of Windows
#

---------------  T H R E A D  ---------------

Current thread (0x0000000017324800):  JavaThread "C2 CompilerThread0" daemon [_thread_in_native, id=8700, stack(0x0000000017a00000,0x0000000017b00000)]

Stack: [0x0000000017a00000,0x0000000017b00000]
[error occurred during error reporting (printing stack bounds), id 0xc0000005]

Native frames: (J=compiled Java code, j=interpreted, Vv=VM code, C=native code)


Current CompileTask:
C2:   3069 1390   !   4       com.android.dx.cf.cst.ConstantPoolParser::parse0 (731 bytes)


---------------  P R O C E S S  ---------------

Java Threads: ( => current thread )
  0x000000001759d000 JavaThread "pool-2-thread-4" [_thread_in_Java, id=9484, stack(0x0000000018400000,0x0000000018500000)]
  0x0000000017544000 JavaThread "pool-2-thread-3" [_thread_blocked, id=4344, stack(0x0000000018300000,0x0000000018400000)]
  0x000000001749f800 JavaThread "pool-2-thread-2" [_thread_blocked, id=5012, stack(0x0000000018200000,0x0000000018300000)]
  0x000000001749c800 JavaThread "pool-3-thread-1" [_thread_blocked, id=6020, stack(0x0000000018100000,0x0000000018200000)]
  0x0000000017495000 JavaThread "pool-2-thread-1" [_thread_blocked, id=8032, stack(0x0000000018000000,0x0000000018100000)]
  0x00000000173b3000 JavaThread "Service Thread" daemon [_thread_blocked, id=9396, stack(0x0000000017e00000,0x0000000017f00000)]
  0x000000001738b800 JavaThread "C1 CompilerThread3" daemon [_thread_blocked, id=1928, stack(0x0000000017d00000,0x0000000017e00000)]
  0x0000000017384800 JavaThread "C2 CompilerThread2" daemon [_thread_blocked, id=7936, stack(0x0000000017c00000,0x0000000017d00000)]
  0x0000000017377800 JavaThread "C2 CompilerThread1" daemon [_thread_in_native, id=8996, stack(0x0000000017b00000,0x0000000017c00000)]
=>0x0000000017324800 JavaThread "C2 CompilerThread0" daemon [_thread_in_native, id=8700, stack(0x0000000017a00000,0x0000000017b00000)]
  0x0000000017322800 JavaThread "Attach Listener" daemon [_thread_blocked, id=6816, stack(0x0000000017900000,0x0000000017a00000)]
  0x0000000017321800 JavaThread "Signal Dispatcher" daemon [_thread_blocked, id=3960, stack(0x0000000017800000,0x0000000017900000)]
  0x00000000172c0800 JavaThread "Finalizer" daemon [_thread_blocked, id=8888, stack(0x00000000176a0000,0x00000000177a0000)]
  0x0000000002896000 JavaThread "Reference Handler" daemon [_thread_blocked, id=9660, stack(0x00000000171a0000,0x00000000172a0000)]
  0x00000000027a0800 JavaThread "main" [_thread_blocked, id=1288, stack(0x0000000002690000,0x0000000002790000)]

Other Threads:
  0x00000000153b9800 VMThread [stack: 0x00000000170a0000,0x00000000171a0000] [id=8404]
  0x0000000017422000 WatcherThread [stack: 0x0000000017f00000,0x0000000018000000] [id=6488]

VM state:not at safepoint (normal execution)

VM Mutex/Monitor currently owned by a thread: None

Heap:
 PSYoungGen      total 68608K, used 6382K [0x00000000eab00000, 0x00000000ef300000, 0x0000000100000000)
  eden space 63488K, 2% used [0x00000000eab00000,0x00000000eac3dd98,0x00000000ee900000)
  from space 5120K, 99% used [0x00000000ee900000,0x00000000eedfda90,0x00000000eee00000)
  to   space 5120K, 0% used [0x00000000eee00000,0x00000000eee00000,0x00000000ef300000)
 ParOldGen       total 84992K, used 43154K [0x00000000c0000000, 0x00000000c5300000, 0x00000000eab00000)
  object space 84992K, 50% used [0x00000000c0000000,0x00000000c2a24af0,0x00000000c5300000)
 Metaspace       used 5838K, capacity 6896K, committed 7040K, reserved 1056768K
  class space    used 589K, capacity 616K, committed 640K, reserved 1048576K

Card table byte_map: [0x0000000011c60000,0x0000000011e70000] byte_map_base: 0x0000000011660000

Marking Bits: (ParMarkBitMap*) 0x000000005a94a6d0
 Begin Bits: [0x00000000127d0000, 0x00000000137d0000)
 End Bits:   [0x00000000137d0000, 0x00000000147d0000)

Polling page: 0x00000000003f0000

CodeCache: size=245760Kb used=5963Kb max_used=5983Kb free=239796Kb
 bounds [0x00000000028a0000, 0x0000000002e80000, 0x00000000118a0000]
 total_blobs=1628 nmethods=1363 adapters=177
 compilation: enabled

Compilation events (10 events):
Event: 2.887 Thread 0x000000001738b800 1411       3       com.android.dx.util.ListIntSet::add (26 bytes)
Event: 2.887 Thread 0x000000001738b800 nmethod 1411 0x0000000002e53610 code [0x0000000002e53780, 0x0000000002e53a98]
Event: 2.889 Thread 0x000000001738b800 1412       3       com.android.dx.util.ListIntSet$1::hasNext (23 bytes)
Event: 2.889 Thread 0x000000001738b800 nmethod 1412 0x0000000002e53190 code [0x0000000002e53300, 0x0000000002e53550]
Event: 2.889 Thread 0x000000001738b800 1413       3       com.android.dx.util.ListIntSet::iterator (9 bytes)
Event: 2.889 Thread 0x000000001738b800 nmethod 1413 0x0000000002e52c90 code [0x0000000002e52e00, 0x0000000002e53070]
Event: 2.889 Thread 0x000000001738b800 1414       3       com.android.dx.util.ListIntSet$1::next (37 bytes)
Event: 2.889 Thread 0x000000001738b800 nmethod 1414 0x0000000002e524d0 code [0x0000000002e52660, 0x0000000002e52ad8]
Event: 3.018 Thread 0x0000000017377800 nmethod 1399 0x0000000002e7aa50 code [0x0000000002e7ad00, 0x0000000002e7cf28]
Event: 3.019 Thread 0x0000000017377800 1402 %     4       com.android.dx.ssa.SsaMethod::forEachBlockDepthFirst @ 129 (194 bytes)

GC Heap History (6 events):
Event: 1.323 GC heap before
{Heap before GC invocations=1 (full 0):
 PSYoungGen      total 36864K, used 31744K [0x00000000eab00000, 0x00000000ed400000, 0x0000000100000000)
  eden space 31744K, 100% used [0x00000000eab00000,0x00000000eca00000,0x00000000eca00000)
  from space 5120K, 0% used [0x00000000ecf00000,0x00000000ecf00000,0x00000000ed400000)
  to   space 5120K, 0% used [0x00000000eca00000,0x00000000eca00000,0x00000000ecf00000)
 ParOldGen       total 84992K, used 0K [0x00000000c0000000, 0x00000000c5300000, 0x00000000eab00000)
  object space 84992K, 0% used [0x00000000c0000000,0x00000000c0000000,0x00000000c5300000)
 Metaspace       used 5746K, capacity 6832K, committed 7040K, reserved 1056768K
  class space    used 588K, capacity 616K, committed 640K, reserved 1048576K
Event: 1.362 GC heap after
Heap after GC invocations=1 (full 0):
 PSYoungGen      total 36864K, used 5110K [0x00000000eab00000, 0x00000000ef300000, 0x0000000100000000)
  eden space 31744K, 0% used [0x00000000eab00000,0x00000000eab00000,0x00000000eca00000)
  from space 5120K, 99% used [0x00000000eca00000,0x00000000ecefdb98,0x00000000ecf00000)
  to   space 5120K, 0% used [0x00000000eee00000,0x00000000eee00000,0x00000000ef300000)
 ParOldGen       total 84992K, used 5202K [0x00000000c0000000, 0x00000000c5300000, 0x00000000eab00000)
  object space 84992K, 6% used [0x00000000c0000000,0x00000000c05148f0,0x00000000c5300000)
 Metaspace       used 5746K, capacity 6832K, committed 7040K, reserved 1056768K
  class space    used 588K, capacity 616K, committed 640K, reserved 1048576K
}
Event: 1.606 GC heap before
{Heap before GC invocations=2 (full 0):
 PSYoungGen      total 36864K, used 36854K [0x00000000eab00000, 0x00000000ef300000, 0x0000000100000000)
  eden space 31744K, 100% used [0x00000000eab00000,0x00000000eca00000,0x00000000eca00000)
  from space 5120K, 99% used [0x00000000eca00000,0x00000000ecefdb98,0x00000000ecf00000)
  to   space 5120K, 0% used [0x00000000eee00000,0x00000000eee00000,0x00000000ef300000)
 ParOldGen       total 84992K, used 5202K [0x00000000c0000000, 0x00000000c5300000, 0x00000000eab00000)
  object space 84992K, 6% used [0x00000000c0000000,0x00000000c05148f0,0x00000000c5300000)
 Metaspace       used 5775K, capacity 6832K, committed 7040K, reserved 1056768K
  class space    used 589K, capacity 616K, committed 640K, reserved 1048576K
Event: 1.684 GC heap after
Heap after GC invocations=2 (full 0):
 PSYoungGen      total 68608K, used 5103K [0x00000000eab00000, 0x00000000ef300000, 0x0000000100000000)
  eden space 63488K, 0% used [0x00000000eab00000,0x00000000eab00000,0x00000000ee900000)
  from space 5120K, 99% used [0x00000000eee00000,0x00000000ef2fbf98,0x00000000ef300000)
  to   space 5120K, 0% used [0x00000000ee900000,0x00000000ee900000,0x00000000eee00000)
 ParOldGen       total 84992K, used 22301K [0x00000000c0000000, 0x00000000c5300000, 0x00000000eab00000)
  object space 84992K, 26% used [0x00000000c0000000,0x00000000c15c7498,0x00000000c5300000)
 Metaspace       used 5775K, capacity 6832K, committed 7040K, reserved 1056768K
  class space    used 589K, capacity 616K, committed 640K, reserved 1048576K
}
Event: 2.912 GC heap before
{Heap before GC invocations=3 (full 0):
 PSYoungGen      total 68608K, used 68591K [0x00000000eab00000, 0x00000000ef300000, 0x0000000100000000)
  eden space 63488K, 100% used [0x00000000eab00000,0x00000000ee900000,0x00000000ee900000)
  from space 5120K, 99% used [0x00000000eee00000,0x00000000ef2fbf98,0x00000000ef300000)
  to   space 5120K, 0% used [0x00000000ee900000,0x00000000ee900000,0x00000000eee00000)
 ParOldGen       total 84992K, used 22301K [0x00000000c0000000, 0x00000000c5300000, 0x00000000eab00000)
  object space 84992K, 26% used [0x00000000c0000000,0x00000000c15c7498,0x00000000c5300000)
 Metaspace       used 5838K, capacity 6896K, committed 7040K, reserved 1056768K
  class space    used 589K, capacity 616K, committed 640K, reserved 1048576K
Event: 3.015 GC heap after
Heap after GC invocations=3 (full 0):
 PSYoungGen      total 68608K, used 5110K [0x00000000eab00000, 0x00000000ef300000, 0x0000000100000000)
  eden space 63488K, 0% used [0x00000000eab00000,0x00000000eab00000,0x00000000ee900000)
  from space 5120K, 99% used [0x00000000ee900000,0x00000000eedfda90,0x00000000eee00000)
  to   space 5120K, 0% used [0x00000000eee00000,0x00000000eee00000,0x00000000ef300000)
 ParOldGen       total 84992K, used 43154K [0x00000000c0000000, 0x00000000c5300000, 0x00000000eab00000)
  object space 84992K, 50% used [0x00000000c0000000,0x00000000c2a24af0,0x00000000c5300000)
 Metaspace       used 5838K, capacity 6896K, committed 7040K, reserved 1056768K
  class space    used 589K, capacity 616K, committed 640K, reserved 1048576K
}

Deoptimization events (10 events):
Event: 0.998 Thread 0x000000001759d000 Uncommon trap: reason=unstable_if action=reinterpret pc=0x0000000002a77540 method=java.util.HashMap.getNode(ILjava/lang/Object;)Ljava/util/HashMap$Node; @ 62
Event: 1.030 Thread 0x000000001749f800 Uncommon trap: reason=unstable_if action=reinterpret pc=0x0000000002ae5ee4 method=java.util.HashMap.getNode(ILjava/lang/Object;)Ljava/util/HashMap$Node; @ 129
Event: 1.154 Thread 0x000000001759d000 Uncommon trap: reason=unloaded action=reinterpret pc=0x0000000002b47dc4 method=com.android.dx.ssa.SsaRenamer$BlockRenamer.visitMoveInsn(Lcom/android/dx/ssa/NormalSsaInsn;)V @ 208
Event: 2.237 Thread 0x00000000027a0800 Uncommon trap: reason=predicate action=maybe_recompile pc=0x0000000002d40a7c method=com.android.dx.ssa.PhiInsn.mapSourceRegisters(Lcom/android/dx/ssa/RegisterMapper;)V @ 17
Event: 2.268 Thread 0x0000000017495000 Uncommon trap: reason=class_check action=maybe_recompile pc=0x0000000002d41954 method=com.android.dx.ssa.PhiInsn.mapSourceRegisters(Lcom/android/dx/ssa/RegisterMapper;)V @ 37
Event: 2.656 Thread 0x00000000027a0800 Uncommon trap: reason=unloaded action=reinterpret pc=0x0000000002cbff28 method=com.android.dx.cf.cst.ConstantPoolParser.parse0(ILjava/util/BitSet;)Lcom/android/dx/rop/cst/Constant; @ 198
Event: 2.656 Thread 0x00000000027a0800 Uncommon trap: reason=unstable_if action=reinterpret pc=0x0000000002a24af8 method=com.android.dx.rop.cst.StdConstantPool.set(ILcom/android/dx/rop/cst/Constant;)V @ 12
Event: 2.684 Thread 0x000000001759d000 Uncommon trap: reason=unstable_if action=reinterpret pc=0x0000000002d2debc method=com.android.dx.rop.cst.CstLiteral32.equals(Ljava/lang/Object;)Z @ 26
Event: 2.695 Thread 0x000000001749f800 Uncommon trap: reason=unstable_if action=reinterpret pc=0x0000000002d85d34 method=com.android.dx.util.BitIntSet.has(I)Z @ 8
Event: 2.695 Thread 0x000000001749f800 Uncommon trap: reason=unstable_if action=reinterpret pc=0x0000000002d744b8 method=com.android.dx.util.BitIntSet.has(I)Z @ 8

Internal exceptions (2 events):
Event: 0.055 Thread 0x00000000027a0800 Exception <a 'java/lang/NoSuchMethodError': Method sun.misc.Unsafe.defineClass(Ljava/lang/String;[BII)Ljava/lang/Class; name or signature does not match> (0x00000000eab07cc0) thrown at [C:\re\workspace\8-2-build-windows-amd64-cygwin\jdk8u101\7261\hotspot\s»|’æ÷«?
Event: 0.055 Thread 0x00000000027a0800 Exception <a 'java/lang/NoSuchMethodError': Method sun.misc.Unsafe.prefetchRead(Ljava/lang/Object;J)V name or signature does not match> (0x00000000eab07fa8) thrown at [C:\re\workspace\8-2-build-windows-amd64-cygwin\jdk8u101\7261\hotspot\src\share\vm\prims\

Events (10 events):
Event: 2.695 Thread 0x000000001749f800 Uncommon trap: trap_request=0xffffff65 fr.pc=0x0000000002d85d34
Event: 2.695 Thread 0x000000001749f800 DEOPT PACKING pc=0x0000000002d85d34 sp=0x00000000182fe910
Event: 2.695 Thread 0x000000001749f800 DEOPT UNPACKING pc=0x00000000028e582a sp=0x00000000182fe778 mode 2
Event: 2.695 Thread 0x000000001749f800 Uncommon trap: trap_request=0xffffff65 fr.pc=0x0000000002d744b8
Event: 2.695 Thread 0x000000001749f800 DEOPT PACKING pc=0x0000000002d744b8 sp=0x00000000182fe820
Event: 2.695 Thread 0x000000001749f800 DEOPT UNPACKING pc=0x00000000028e582a sp=0x00000000182fe758 mode 2
Event: 2.842 Thread 0x000000001759d000 DEOPT PACKING pc=0x0000000002c7d475 sp=0x00000000184fe630
Event: 2.842 Thread 0x000000001759d000 DEOPT UNPACKING pc=0x00000000028e787f sp=0x00000000184fe320 mode 0
Event: 2.911 Executing VM operation: ParallelGCFailedAllocation
Event: 3.015 Executing VM operation: ParallelGCFailedAllocation done


Dynamic libraries:
0x00007ff667480000 - 0x00007ff6674b7000 	C:\Program Files\Java\jdk1.8.0_101\bin\java.exe
0x00007ffa36890000 - 0x00007ffa36a61000 	C:\WINDOWS\SYSTEM32\ntdll.dll
0x00007ffa34af0000 - 0x00007ffa34b9b000 	C:\WINDOWS\System32\KERNEL32.DLL
0x00007ffa32fd0000 - 0x00007ffa331ed000 	C:\WINDOWS\System32\KERNELBASE.dll
0x00007ffa34000000 - 0x00007ffa340a2000 	C:\WINDOWS\System32\ADVAPI32.dll
0x00007ffa34180000 - 0x00007ffa3421e000 	C:\WINDOWS\System32\msvcrt.dll
0x00007ffa352b0000 - 0x00007ffa35309000 	C:\WINDOWS\System32\sechost.dll
0x00007ffa34920000 - 0x00007ffa34a41000 	C:\WINDOWS\System32\RPCRT4.dll
0x00007ffa347b0000 - 0x00007ffa34915000 	C:\WINDOWS\System32\USER32.dll
0x00007ffa334f0000 - 0x00007ffa3350e000 	C:\WINDOWS\System32\win32u.dll
0x00007ffa33e30000 - 0x00007ffa33e64000 	C:\WINDOWS\System32\GDI32.dll
0x00007ffa331f0000 - 0x00007ffa33372000 	C:\WINDOWS\System32\gdi32full.dll
0x00007ffa2e0c0000 - 0x00007ffa2e339000 	C:\WINDOWS\WinSxS\amd64_microsoft.windows.common-controls_6595b64144ccf1df_6.0.14393.0_none_2d0f50fcbdb171b8\COMCTL32.dll
0x00007ffa34ba0000 - 0x00007ffa34e67000 	C:\WINDOWS\System32\combase.dll
0x00007ffa32e20000 - 0x00007ffa32f15000 	C:\WINDOWS\System32\ucrtbase.dll
0x00007ffa33480000 - 0x00007ffa334ea000 	C:\WINDOWS\System32\bcryptPrimitives.dll
0x00007ffa33fd0000 - 0x00007ffa33ffe000 	C:\WINDOWS\System32\IMM32.DLL
0x0000000059f20000 - 0x0000000059ff2000 	C:\Program Files\Java\jdk1.8.0_101\jre\bin\msvcr100.dll
0x000000005a130000 - 0x000000005a9ca000 	C:\Program Files\Java\jdk1.8.0_101\jre\bin\server\jvm.dll
0x00007ffa34170000 - 0x00007ffa34178000 	C:\WINDOWS\System32\PSAPI.DLL
0x00007ffa2f1b0000 - 0x00007ffa2f1b9000 	C:\WINDOWS\SYSTEM32\WSOCK32.dll
0x00007ffa36820000 - 0x00007ffa3688a000 	C:\WINDOWS\System32\WS2_32.dll
0x00007ffa31000000 - 0x00007ffa31023000 	C:\WINDOWS\SYSTEM32\WINMM.dll
0x00007ffa2e3e0000 - 0x00007ffa2e3ea000 	C:\WINDOWS\SYSTEM32\VERSION.dll
0x00007ffa30fd0000 - 0x00007ffa30ffb000 	C:\WINDOWS\SYSTEM32\WINMMBASE.dll
0x00007ffa33430000 - 0x00007ffa33472000 	C:\WINDOWS\System32\cfgmgr32.dll
0x000000005afe0000 - 0x000000005afef000 	C:\Program Files\Java\jdk1.8.0_101\jre\bin\verify.dll
0x000000005afb0000 - 0x000000005afd9000 	C:\Program Files\Java\jdk1.8.0_101\jre\bin\java.dll
0x000000005af90000 - 0x000000005afa6000 	C:\Program Files\Java\jdk1.8.0_101\jre\bin\zip.dll
0x00007ffa35310000 - 0x00007ffa36818000 	C:\WINDOWS\System32\SHELL32.dll
0x00007ffa33510000 - 0x00007ffa33bea000 	C:\WINDOWS\System32\windows.storage.dll
0x00007ffa32dc0000 - 0x00007ffa32e0c000 	C:\WINDOWS\System32\powrprof.dll
0x00007ffa34370000 - 0x00007ffa343c2000 	C:\WINDOWS\System32\shlwapi.dll
0x00007ffa32db0000 - 0x00007ffa32dbf000 	C:\WINDOWS\System32\kernel.appcore.dll
0x00007ffa33380000 - 0x00007ffa33429000 	C:\WINDOWS\System32\shcore.dll
0x00007ffa32d90000 - 0x00007ffa32da4000 	C:\WINDOWS\System32\profapi.dll

VM Arguments:
jvm_args: -Djava.awt.headless=true -Xmx1024M -Dfile.encoding=GBK -Duser.country=CN -Duser.language=zh -Duser.variant 
java_command: com.android.dx.command.Main --dex --force-jumbo --num-threads=4 --multi-dex --output F:\developer\android_workspace\CubeCare3.0\app\build\intermediates\transforms\dex\debug\folders\1000\5\slice_7 F:\developer\android_workspace\CubeCare3.0\app\build\intermediates\transforms\instantRunSlicer\debug\folders\1\5\slice_7
java_class_path (initial): C:\Users\panho\AppData\Local\Android\Sdk\build-tools\24.0.1\lib\dx.jar
Launcher Type: SUN_STANDARD

Environment Variables:
JAVA_HOME=C:\Program Files\Java\jdk1.8.0_101
PATH=F:\app\panho\product\11.2.0\dbhome_1\bin;C:\ProgramData\Oracle\Java\javapath;C:\WINDOWS\system32;C:\WINDOWS;C:\WINDOWS\System32\Wbem;C:\WINDOWS\System32\WindowsPowerShell\v1.0\;C:\Windows\System32\pan;C:\Program Files\Java\jdk1.8.0_101\bin;C:\Program Files\Java\jre1.8.0_101\bin;C:\Users\panho\.app\;%USERPROFILE%\AppData\Local\Microsoft\WindowsApps;
USERNAME=panho
OS=Windows_NT
PROCESSOR_IDENTIFIER=Intel64 Family 6 Model 60 Stepping 3, GenuineIntel



---------------  S Y S T E M  ---------------

OS: Windows 10.0 , 64 bit Build 14393 (10.0.14393.0)

CPU:total 8 (4 cores per cpu, 2 threads per core) family 6 model 60 stepping 3, cmov, cx8, fxsr, mmx, sse, sse2, sse3, ssse3, sse4.1, sse4.2, popcnt, avx, avx2, aes, clmul, erms, lzcnt, ht, tsc, tscinvbit, bmi1, bmi2

Memory: 4k page, physical 8067492k(1547640k free), swap 8067492k(5268k free)

vm_info: Java HotSpot(TM) 64-Bit Server VM (25.101-b13) for windows-amd64 JRE (1.8.0_101-b13), built on Jun 22 2016 01:21:29 by "java_re" with MS VC++ 10.0 (VS2010)

time: Mon Sep 12 11:23:54 2016
elapsed time: 3 seconds (0d 0h 0m 3s)

