#
# There is insufficient memory for the Java Runtime Environment to continue.
# Native memory allocation (malloc) failed to allocate 123936 bytes for Chunk::new
# Possible reasons:
#   The system is out of physical RAM or swap space
#   In 32 bit mode, the process size limit was hit
# Possible solutions:
#   Reduce memory load on the system
#   Increase physical memory or swap space
#   Check if swap backing store is full
#   Use 64 bit Java on a 64 bit OS
#   Decrease Java heap size (-Xmx/-Xms)
#   Decrease number of Java threads
#   Decrease Java thread stack sizes (-Xss)
#   Set larger code cache with -XX:ReservedCodeCacheSize=
# This output file may be truncated or incomplete.
#
#  Out of Memory Error (allocation.cpp:390), pid=7064, tid=0x0000000000000e8c
#
# JRE version: Java(TM) SE Runtime Environment (8.0_101-b13) (build 1.8.0_101-b13)
# Java VM: Java HotSpot(TM) 64-Bit Server VM (25.101-b13 mixed mode windows-amd64 compressed oops)
# Failed to write core dump. Minidumps are not enabled by default on client versions of Windows
#

---------------  T H R E A D  ---------------

Current thread (0x0000000017556000):  JavaThread "C2 CompilerThread0" daemon [_thread_in_native, id=3724, stack(0x0000000017c30000,0x0000000017d30000)]

Stack: [0x0000000017c30000,0x0000000017d30000]
[error occurred during error reporting (printing stack bounds), id 0xc0000005]

Native frames: (J=compiled Java code, j=interpreted, Vv=VM code, C=native code)


Current CompileTask:
C2:    415  761 %     4       com.android.dx.ssa.SsaRenamer$BlockRenamer::addMapping @ 27 (143 bytes)


---------------  P R O C E S S  ---------------

Java Threads: ( => current thread )
  0x0000000017745800 JavaThread "pool-1-thread-1" [_thread_in_Java, id=4548, stack(0x0000000019f00000,0x000000001a000000)]
  0x00000000175fc000 JavaThread "Service Thread" daemon [_thread_blocked, id=12680, stack(0x0000000018030000,0x0000000018130000)]
  0x0000000017565000 JavaThread "C1 CompilerThread3" daemon [_thread_blocked, id=8596, stack(0x0000000017f30000,0x0000000018030000)]
  0x000000001755a800 JavaThread "C2 CompilerThread2" daemon [_thread_in_native, id=4920, stack(0x0000000017e30000,0x0000000017f30000)]
  0x0000000017559000 JavaThread "C2 CompilerThread1" daemon [_thread_in_native, id=7852, stack(0x0000000017d30000,0x0000000017e30000)]
=>0x0000000017556000 JavaThread "C2 CompilerThread0" daemon [_thread_in_native, id=3724, stack(0x0000000017c30000,0x0000000017d30000)]
  0x0000000017553000 JavaThread "Attach Listener" daemon [_thread_blocked, id=10984, stack(0x0000000017b30000,0x0000000017c30000)]
  0x0000000017552800 JavaThread "Signal Dispatcher" daemon [_thread_blocked, id=10884, stack(0x0000000017a30000,0x0000000017b30000)]
  0x00000000174f0800 JavaThread "Finalizer" daemon [_thread_blocked, id=3828, stack(0x00000000178d0000,0x00000000179d0000)]
  0x0000000002ac9000 JavaThread "Reference Handler" daemon [_thread_blocked, id=5300, stack(0x00000000173d0000,0x00000000174d0000)]
  0x00000000029d1000 JavaThread "main" [_thread_blocked, id=12868, stack(0x0000000002580000,0x0000000002680000)]

Other Threads:
  0x00000000155e9000 VMThread [stack: 0x00000000172d0000,0x00000000173d0000] [id=4012]
  0x0000000017663800 WatcherThread [stack: 0x0000000018130000,0x0000000018230000] [id=11092]

VM state:not at safepoint (normal execution)

VM Mutex/Monitor currently owned by a thread: None

Heap:
 PSYoungGen      total 36864K, used 22861K [0x00000000eab00000, 0x00000000ed400000, 0x0000000100000000)
  eden space 31744K, 72% used [0x00000000eab00000,0x00000000ec153730,0x00000000eca00000)
  from space 5120K, 0% used [0x00000000ecf00000,0x00000000ecf00000,0x00000000ed400000)
  to   space 5120K, 0% used [0x00000000eca00000,0x00000000eca00000,0x00000000ecf00000)
 ParOldGen       total 84992K, used 0K [0x00000000c0000000, 0x00000000c5300000, 0x00000000eab00000)
  object space 84992K, 0% used [0x00000000c0000000,0x00000000c0000000,0x00000000c5300000)
 Metaspace       used 5953K, capacity 6872K, committed 7168K, reserved 1056768K
  class space    used 615K, capacity 656K, committed 768K, reserved 1048576K

Card table byte_map: [0x0000000011e90000,0x00000000120a0000] byte_map_base: 0x0000000011890000

Marking Bits: (ParMarkBitMap*) 0x000000006ad0a6d0
 Begin Bits: [0x0000000012a00000, 0x0000000013a00000)
 End Bits:   [0x0000000013a00000, 0x0000000014a00000)

Polling page: 0x0000000000d60000

CodeCache: size=245760Kb used=3394Kb max_used=3396Kb free=242365Kb
 bounds [0x0000000002ad0000, 0x0000000002e30000, 0x0000000011ad0000]
 total_blobs=1168 nmethods=897 adapters=184
 compilation: enabled

Compilation events (10 events):
Event: 0.376 Thread 0x0000000017559000 nmethod 817 0x0000000002dc19d0 code [0x0000000002dc1b60, 0x0000000002dc1f68]
Event: 0.376 Thread 0x0000000017559000  694       4       com.android.dx.rop.type.Type::getBasicFrameType (60 bytes)
Event: 0.376 Thread 0x0000000017559000 nmethod 694 0x0000000002d84650 code [0x0000000002d84780, 0x0000000002d847f8]
Event: 0.376 Thread 0x0000000017559000  813       4       com.android.dx.rop.code.RegisterSpecSet::mutableCopy (57 bytes)
Event: 0.377 Thread 0x0000000017556000 nmethod 819 0x0000000002d9a990 code [0x0000000002d9aac0, 0x0000000002d9ab58]
Event: 0.377 Thread 0x0000000017556000  761 %     4       com.android.dx.ssa.SsaRenamer$BlockRenamer::addMapping @ 27 (143 bytes)
Event: 0.381 Thread 0x0000000017565000 nmethod 792 0x0000000002dc5490 code [0x0000000002dc66e0, 0x0000000002dd54e8]
Event: 0.381 Thread 0x0000000017565000  807       3       java.util.BitSet::set (58 bytes)
Event: 0.382 Thread 0x0000000017565000 nmethod 807 0x0000000002dad950 code [0x0000000002dadb60, 0x0000000002dae598]
Event: 0.382 Thread 0x0000000017565000  805       3       com.android.dx.ssa.SsaRenamer$BlockRenamer::process (191 bytes)

GC Heap History (0 events):
No events

Deoptimization events (10 events):
Event: 0.265 Thread 0x000000001774a800 Uncommon trap: reason=unstable_if action=reinterpret pc=0x0000000002cbb4b0 method=java.util.BitSet.nextSetBit(I)I @ 87
Event: 0.268 Thread 0x00000000177f7000 Uncommon trap: reason=unstable_if action=reinterpret pc=0x0000000002cae1b0 method=java.util.HashMap.getNode(ILjava/lang/Object;)Ljava/util/HashMap$Node; @ 129
Event: 0.285 Thread 0x00000000177f7000 Uncommon trap: reason=unstable_if action=reinterpret pc=0x0000000002cda8e0 method=java.util.HashMap.getNode(ILjava/lang/Object;)Ljava/util/HashMap$Node; @ 62
Event: 0.291 Thread 0x000000001774a800 Uncommon trap: reason=unstable_if action=reinterpret pc=0x0000000002ced41c method=com.android.dx.rop.cst.Constant.compareTo(Lcom/android/dx/rop/cst/Constant;)I @ 12
Event: 0.351 Thread 0x000000001780c000 Uncommon trap: reason=bimorphic action=maybe_recompile pc=0x0000000002d6d36c method=java.util.HashMap.getNode(ILjava/lang/Object;)Ljava/util/HashMap$Node; @ 126
Event: 0.351 Thread 0x000000001780c000 Uncommon trap: reason=bimorphic action=maybe_recompile pc=0x0000000002d6d36c method=java.util.HashMap.getNode(ILjava/lang/Object;)Ljava/util/HashMap$Node; @ 126
Event: 0.351 Thread 0x000000001780c000 Uncommon trap: reason=bimorphic action=maybe_recompile pc=0x0000000002d6d36c method=java.util.HashMap.getNode(ILjava/lang/Object;)Ljava/util/HashMap$Node; @ 126
Event: 0.352 Thread 0x000000001780c000 Uncommon trap: reason=bimorphic action=maybe_recompile pc=0x0000000002d6d36c method=java.util.HashMap.getNode(ILjava/lang/Object;)Ljava/util/HashMap$Node; @ 126
Event: 0.352 Thread 0x000000001780c000 Uncommon trap: reason=bimorphic action=maybe_recompile pc=0x0000000002d768e0 method=java.util.HashMap.getNode(ILjava/lang/Object;)Ljava/util/HashMap$Node; @ 126
Event: 0.366 Thread 0x000000001780c000 Uncommon trap: reason=unstable_if action=reinterpret pc=0x0000000002cd4174 method=java.util.BitSet.ensureCapacity(I)V @ 6

Internal exceptions (2 events):
Event: 0.025 Thread 0x00000000029d1000 Exception <a 'java/lang/NoSuchMethodError': Method sun.misc.Unsafe.defineClass(Ljava/lang/String;[BII)Ljava/lang/Class; name or signature does not match> (0x00000000eab07cc0) thrown at [C:\re\workspace\8-2-build-windows-amd64-cygwin\jdk8u101\7261\hotspot\s÷T³æke™?
Event: 0.025 Thread 0x00000000029d1000 Exception <a 'java/lang/NoSuchMethodError': Method sun.misc.Unsafe.prefetchRead(Ljava/lang/Object;J)V name or signature does not match> (0x00000000eab07fa8) thrown at [C:\re\workspace\8-2-build-windows-amd64-cygwin\jdk8u101\7261\hotspot\src\share\vm\prims\

Events (10 events):
Event: 0.352 Thread 0x000000001780c000 DEOPT UNPACKING pc=0x0000000002b1582a sp=0x000000001872e728 mode 2
Event: 0.352 Thread 0x000000001780c000 Uncommon trap: trap_request=0xffffffc6 fr.pc=0x0000000002d6d36c
Event: 0.352 Thread 0x000000001780c000 DEOPT PACKING pc=0x0000000002d6d36c sp=0x000000001872e810
Event: 0.352 Thread 0x000000001780c000 DEOPT UNPACKING pc=0x0000000002b1582a sp=0x000000001872e738 mode 2
Event: 0.352 Thread 0x000000001780c000 Uncommon trap: trap_request=0xffffffc6 fr.pc=0x0000000002d768e0
Event: 0.352 Thread 0x000000001780c000 DEOPT PACKING pc=0x0000000002d768e0 sp=0x000000001872eac0
Event: 0.352 Thread 0x000000001780c000 DEOPT UNPACKING pc=0x0000000002b1582a sp=0x000000001872ea58 mode 2
Event: 0.366 Thread 0x000000001780c000 Uncommon trap: trap_request=0xffffff65 fr.pc=0x0000000002cd4174
Event: 0.366 Thread 0x000000001780c000 DEOPT PACKING pc=0x0000000002cd4174 sp=0x000000001872ec40
Event: 0.366 Thread 0x000000001780c000 DEOPT UNPACKING pc=0x0000000002b1582a sp=0x000000001872eb18 mode 2


Dynamic libraries:
0x00007ff702790000 - 0x00007ff7027c7000 	C:\Program Files\Java\jdk1.8.0_101\bin\java.exe
0x00007ffa95680000 - 0x00007ffa95851000 	C:\WINDOWS\SYSTEM32\ntdll.dll
0x00007ffa93940000 - 0x00007ffa939eb000 	C:\WINDOWS\System32\KERNEL32.DLL
0x00007ffa92510000 - 0x00007ffa9272d000 	C:\WINDOWS\System32\KERNELBASE.dll
0x00007ffa93890000 - 0x00007ffa93932000 	C:\WINDOWS\System32\ADVAPI32.dll
0x00007ffa92c20000 - 0x00007ffa92cbe000 	C:\WINDOWS\System32\msvcrt.dll
0x00007ffa95620000 - 0x00007ffa95679000 	C:\WINDOWS\System32\sechost.dll
0x00007ffa92ed0000 - 0x00007ffa92ff1000 	C:\WINDOWS\System32\RPCRT4.dll
0x00007ffa93a90000 - 0x00007ffa93bf5000 	C:\WINDOWS\System32\USER32.dll
0x00007ffa929b0000 - 0x00007ffa929ce000 	C:\WINDOWS\System32\win32u.dll
0x00007ffa95310000 - 0x00007ffa95344000 	C:\WINDOWS\System32\GDI32.dll
0x00007ffa92a80000 - 0x00007ffa92c02000 	C:\WINDOWS\System32\gdi32full.dll
0x00007ffa8dc10000 - 0x00007ffa8de89000 	C:\WINDOWS\WinSxS\amd64_microsoft.windows.common-controls_6595b64144ccf1df_6.0.14393.0_none_2d0f50fcbdb171b8\COMCTL32.dll
0x00007ffa95350000 - 0x00007ffa95617000 	C:\WINDOWS\System32\combase.dll
0x00007ffa91c10000 - 0x00007ffa91d05000 	C:\WINDOWS\System32\ucrtbase.dll
0x00007ffa91d10000 - 0x00007ffa91d7a000 	C:\WINDOWS\System32\bcryptPrimitives.dll
0x00007ffa951a0000 - 0x00007ffa951ce000 	C:\WINDOWS\System32\IMM32.DLL
0x0000000069950000 - 0x0000000069a22000 	C:\Program Files\Java\jdk1.8.0_101\jre\bin\msvcr100.dll
0x000000006a4f0000 - 0x000000006ad8a000 	C:\Program Files\Java\jdk1.8.0_101\jre\bin\server\jvm.dll
0x00007ffa92c10000 - 0x00007ffa92c18000 	C:\WINDOWS\System32\PSAPI.DLL
0x00007ffa85320000 - 0x00007ffa85329000 	C:\WINDOWS\SYSTEM32\WSOCK32.dll
0x00007ffa8ff00000 - 0x00007ffa8ff23000 	C:\WINDOWS\SYSTEM32\WINMM.dll
0x00007ffa8de90000 - 0x00007ffa8de9a000 	C:\WINDOWS\SYSTEM32\VERSION.dll
0x00007ffa93820000 - 0x00007ffa9388a000 	C:\WINDOWS\System32\WS2_32.dll
0x0000000000d30000 - 0x0000000000d5b000 	C:\WINDOWS\SYSTEM32\WINMMBASE.dll
0x00007ffa92730000 - 0x00007ffa92772000 	C:\WINDOWS\System32\cfgmgr32.dll
0x000000006a4e0000 - 0x000000006a4ef000 	C:\Program Files\Java\jdk1.8.0_101\jre\bin\verify.dll
0x000000006a4b0000 - 0x000000006a4d9000 	C:\Program Files\Java\jdk1.8.0_101\jre\bin\java.dll
0x000000006a490000 - 0x000000006a4a6000 	C:\Program Files\Java\jdk1.8.0_101\jre\bin\zip.dll
0x00007ffa93c00000 - 0x00007ffa95108000 	C:\WINDOWS\System32\SHELL32.dll
0x00007ffa91e30000 - 0x00007ffa9250a000 	C:\WINDOWS\System32\windows.storage.dll
0x00007ffa91ba0000 - 0x00007ffa91bec000 	C:\WINDOWS\System32\powrprof.dll
0x00007ffa95140000 - 0x00007ffa95192000 	C:\WINDOWS\System32\shlwapi.dll
0x00007ffa91bf0000 - 0x00007ffa91bff000 	C:\WINDOWS\System32\kernel.appcore.dll
0x00007ffa929d0000 - 0x00007ffa92a79000 	C:\WINDOWS\System32\shcore.dll
0x00007ffa91b80000 - 0x00007ffa91b94000 	C:\WINDOWS\System32\profapi.dll

VM Arguments:
jvm_args: -Djava.awt.headless=true -Xmx1024M -Dfile.encoding=GBK -Duser.country=CN -Duser.language=zh -Duser.variant 
java_command: com.android.dx.command.Main --dex --force-jumbo --num-threads=4 --multi-dex --output F:\developer\android_workspace\CubeCare3.0\app\build\intermediates\transforms\dex\debug\folders\1000\10\com.android.support-cardview-v7-24.2.0_bbad5b62d2e66efd8c4745e6fefdf0ee85da4bc7 F:\developer\android_workspace\CubeCare3.0\app\build\intermediates\exploded-aar\com.android.support\cardview-v7\24.2.0\jars\classes.jar
java_class_path (initial): C:\Users\panho\AppData\Local\Android\Sdk\build-tools\24.0.1\lib\dx.jar
Launcher Type: SUN_STANDARD

Environment Variables:
JAVA_HOME=C:\Program Files\Java\jdk1.8.0_101
PATH=F:\app\panho\product\11.2.0\dbhome_1\bin;C:\ProgramData\Oracle\Java\javapath;C:\WINDOWS\system32;C:\WINDOWS;C:\WINDOWS\System32\Wbem;C:\WINDOWS\System32\WindowsPowerShell\v1.0\;C:\Windows\System32\pan;C:\Program Files\Java\jdk1.8.0_101\bin;C:\Program Files\Java\jre1.8.0_101\bin;C:\Program Files (x86)\GtkSharp\2.12\bin;C:\Users\panho\.app\;%USERPROFILE%\AppData\Local\Microsoft\WindowsApps;
USERNAME=panho
OS=Windows_NT
PROCESSOR_IDENTIFIER=Intel64 Family 6 Model 60 Stepping 3, GenuineIntel



---------------  S Y S T E M  ---------------

OS: Windows 10.0 , 64 bit Build 14393 (10.0.14393.0)

CPU:total 8 (4 cores per cpu, 2 threads per core) family 6 model 60 stepping 3, cmov, cx8, fxsr, mmx, sse, sse2, sse3, ssse3, sse4.1, sse4.2, popcnt, avx, avx2, aes, clmul, erms, lzcnt, ht, tsc, tscinvbit, bmi1, bmi2

Memory: 4k page, physical 8067492k(1285848k free), swap 8067492k(209228k free)

vm_info: Java HotSpot(TM) 64-Bit Server VM (25.101-b13) for windows-amd64 JRE (1.8.0_101-b13), built on Jun 22 2016 01:21:29 by "java_re" with MS VC++ 10.0 (VS2010)

time: Tue Sep 13 10:39:47 2016
elapsed time: 0 seconds (0d 0h 0m 0s)

