#
# There is insufficient memory for the Java Runtime Environment to continue.
# Native memory allocation (malloc) failed to allocate 82496 bytes for Chunk::new
# Possible reasons:
#   The system is out of physical RAM or swap space
#   In 32 bit mode, the process size limit was hit
# Possible solutions:
#   Reduce memory load on the system
#   Increase physical memory or swap space
#   Check if swap backing store is full
#   Use 64 bit Java on a 64 bit OS
#   Decrease Java heap size (-Xmx/-Xms)
#   Decrease number of Java threads
#   Decrease Java thread stack sizes (-Xss)
#   Set larger code cache with -XX:ReservedCodeCacheSize=
# This output file may be truncated or incomplete.
#
#  Out of Memory Error (allocation.cpp:390), pid=8452, tid=0x0000000000002090
#
# JRE version: Java(TM) SE Runtime Environment (8.0_101-b13) (build 1.8.0_101-b13)
# Java VM: Java HotSpot(TM) 64-Bit Server VM (25.101-b13 mixed mode windows-amd64 compressed oops)
# Failed to write core dump. Minidumps are not enabled by default on client versions of Windows
#

---------------  T H R E A D  ---------------

Current thread (0x0000000017f0c000):  JavaThread "C2 CompilerThread1" daemon [_thread_in_native, id=8336, stack(0x0000000018680000,0x0000000018780000)]

Stack: [0x0000000018680000,0x0000000018780000]
[error occurred during error reporting (printing stack bounds), id 0xc0000005]

Native frames: (J=compiled Java code, j=interpreted, Vv=VM code, C=native code)


Current CompileTask:
C2:    268  325       4       java.lang.String::replace (127 bytes)


---------------  P R O C E S S  ---------------

Java Threads: ( => current thread )
  0x00000000181a7000 JavaThread "pool-2-thread-4" [_thread_blocked, id=11156, stack(0x0000000018f80000,0x0000000019080000)]
  0x0000000018157800 JavaThread "pool-2-thread-3" [_thread_blocked, id=4372, stack(0x0000000018e80000,0x0000000018f80000)]
  0x00000000180cd000 JavaThread "pool-2-thread-2" [_thread_in_vm, id=3280, stack(0x0000000018d80000,0x0000000018e80000)]
  0x00000000180b7800 JavaThread "pool-3-thread-1" [_thread_blocked, id=6448, stack(0x0000000018c80000,0x0000000018d80000)]
  0x00000000180b4000 JavaThread "pool-2-thread-1" [_thread_blocked, id=6892, stack(0x0000000018b80000,0x0000000018c80000)]
  0x0000000017fb3000 JavaThread "Service Thread" daemon [_thread_blocked, id=260, stack(0x0000000018980000,0x0000000018a80000)]
  0x0000000017f18000 JavaThread "C1 CompilerThread3" daemon [_thread_blocked, id=3516, stack(0x0000000018880000,0x0000000018980000)]
  0x0000000017f0e000 JavaThread "C2 CompilerThread2" daemon [_thread_blocked, id=808, stack(0x0000000018780000,0x0000000018880000)]
=>0x0000000017f0c000 JavaThread "C2 CompilerThread1" daemon [_thread_in_native, id=8336, stack(0x0000000018680000,0x0000000018780000)]
  0x0000000017f0a000 JavaThread "C2 CompilerThread0" daemon [_thread_blocked, id=3632, stack(0x0000000018580000,0x0000000018680000)]
  0x0000000017f08800 JavaThread "Attach Listener" daemon [_thread_blocked, id=9956, stack(0x0000000018480000,0x0000000018580000)]
  0x0000000017f07800 JavaThread "Signal Dispatcher" daemon [_thread_blocked, id=4588, stack(0x0000000018380000,0x0000000018480000)]
  0x0000000017ea0800 JavaThread "Finalizer" daemon [_thread_blocked, id=12860, stack(0x0000000018280000,0x0000000018380000)]
  0x0000000015f8d000 JavaThread "Reference Handler" daemon [_thread_blocked, id=9852, stack(0x0000000017d80000,0x0000000017e80000)]
  0x0000000003371000 JavaThread "main" [_thread_blocked, id=9752, stack(0x0000000003180000,0x0000000003280000)]

Other Threads:
  0x0000000015f88800 VMThread [stack: 0x0000000017c80000,0x0000000017d80000] [id=9996]
  0x0000000018013800 WatcherThread [stack: 0x0000000018a80000,0x0000000018b80000] [id=5088]

VM state:not at safepoint (normal execution)

VM Mutex/Monitor currently owned by a thread: None

Heap:
 PSYoungGen      total 36864K, used 9526K [0x00000000eab00000, 0x00000000ed400000, 0x0000000100000000)
  eden space 31744K, 30% used [0x00000000eab00000,0x00000000eb44daa0,0x00000000eca00000)
  from space 5120K, 0% used [0x00000000ecf00000,0x00000000ecf00000,0x00000000ed400000)
  to   space 5120K, 0% used [0x00000000eca00000,0x00000000eca00000,0x00000000ecf00000)
 ParOldGen       total 84992K, used 0K [0x00000000c0000000, 0x00000000c5300000, 0x00000000eab00000)
  object space 84992K, 0% used [0x00000000c0000000,0x00000000c0000000,0x00000000c5300000)
 Metaspace       used 4802K, capacity 5936K, committed 6272K, reserved 1056768K
  class space    used 532K, capacity 552K, committed 640K, reserved 1048576K

Card table byte_map: [0x0000000012830000,0x0000000012a40000] byte_map_base: 0x0000000012230000

Marking Bits: (ParMarkBitMap*) 0x000000006ad0a6d0
 Begin Bits: [0x00000000133a0000, 0x00000000143a0000)
 End Bits:   [0x00000000143a0000, 0x00000000153a0000)

Polling page: 0x0000000001630000

CodeCache: size=245760Kb used=1743Kb max_used=1743Kb free=244016Kb
 bounds [0x0000000003470000, 0x00000000036e0000, 0x0000000012470000]
 total_blobs=615 nmethods=356 adapters=172
 compilation: enabled

Compilation events (10 events):
Event: 0.260 Thread 0x0000000017f18000 nmethod 327 0x0000000003616bd0 code [0x0000000003616d60, 0x0000000003617158]
Event: 0.260 Thread 0x0000000017f18000  328       3       com.android.dx.ssa.SsaBasicBlock::forEachInsn (37 bytes)
Event: 0.260 Thread 0x0000000017f18000 nmethod 328 0x0000000003617290 code [0x0000000003617460, 0x0000000003617ae8]
Event: 0.260 Thread 0x0000000017f18000  329       3       com.android.dx.ssa.NormalSsaInsn::getOpcode (8 bytes)
Event: 0.261 Thread 0x0000000017f18000 nmethod 329 0x0000000003617f50 code [0x00000000036180a0, 0x0000000003618290]
Event: 0.261 Thread 0x0000000017f18000  330       3       java.util.BitSet::ensureCapacity (39 bytes)
Event: 0.261 Thread 0x0000000017f18000 nmethod 330 0x0000000003618350 code [0x00000000036184e0, 0x00000000036189a8]
Event: 0.261 Thread 0x0000000017f18000  332       3       java.util.BitSet::clear (70 bytes)
Event: 0.262 Thread 0x0000000017f18000 nmethod 332 0x0000000003618b50 code [0x0000000003618d60, 0x0000000003619738]
Event: 0.262 Thread 0x0000000017f18000  333       3       java.util.BitSet::recalculateWordsInUse (39 bytes)

GC Heap History (0 events):
No events

Deoptimization events (0 events):
No events

Internal exceptions (2 events):
Event: 0.027 Thread 0x0000000003371000 Exception <a 'java/lang/NoSuchMethodError': Method sun.misc.Unsafe.defineClass(Ljava/lang/String;[BII)Ljava/lang/Class; name or signature does not match> (0x00000000eab07cc0) thrown at [C:\re\workspace\8-2-build-windows-amd64-cygwin\jdk8u101\7261\hotspot\sÄXp»¯ ›?
Event: 0.027 Thread 0x0000000003371000 Exception <a 'java/lang/NoSuchMethodError': Method sun.misc.Unsafe.prefetchRead(Ljava/lang/Object;J)V name or signature does not match> (0x00000000eab07fa8) thrown at [C:\re\workspace\8-2-build-windows-amd64-cygwin\jdk8u101\7261\hotspot\src\share\vm\prims\

Events (10 events):
Event: 0.258 loading class com/android/dx/ssa/DeadCodeRemover
Event: 0.258 loading class com/android/dx/ssa/DeadCodeRemover done
Event: 0.259 loading class com/android/dx/ssa/DeadCodeRemover$NoSideEffectVisitor
Event: 0.259 loading class com/android/dx/ssa/DeadCodeRemover$NoSideEffectVisitor done
Event: 0.260 loading class com/android/dx/ssa/LiteralOpUpgrader
Event: 0.260 loading class com/android/dx/ssa/LiteralOpUpgrader done
Event: 0.261 loading class com/android/dx/ssa/LiteralOpUpgrader$1
Event: 0.261 loading class com/android/dx/ssa/LiteralOpUpgrader$1 done
Event: 0.262 loading class com/android/dx/ssa/ConstCollector
Event: 0.262 loading class com/android/dx/ssa/ConstCollector done


Dynamic libraries:
0x00007ff702790000 - 0x00007ff7027c7000 	C:\Program Files\Java\jdk1.8.0_101\bin\java.exe
0x00007ffa95680000 - 0x00007ffa95851000 	C:\WINDOWS\SYSTEM32\ntdll.dll
0x00007ffa93940000 - 0x00007ffa939eb000 	C:\WINDOWS\System32\KERNEL32.DLL
0x00007ffa92510000 - 0x00007ffa9272d000 	C:\WINDOWS\System32\KERNELBASE.dll
0x00007ffa93890000 - 0x00007ffa93932000 	C:\WINDOWS\System32\ADVAPI32.dll
0x00007ffa92c20000 - 0x00007ffa92cbe000 	C:\WINDOWS\System32\msvcrt.dll
0x00007ffa95620000 - 0x00007ffa95679000 	C:\WINDOWS\System32\sechost.dll
0x00007ffa92ed0000 - 0x00007ffa92ff1000 	C:\WINDOWS\System32\RPCRT4.dll
0x00007ffa93a90000 - 0x00007ffa93bf5000 	C:\WINDOWS\System32\USER32.dll
0x00007ffa929b0000 - 0x00007ffa929ce000 	C:\WINDOWS\System32\win32u.dll
0x00007ffa95310000 - 0x00007ffa95344000 	C:\WINDOWS\System32\GDI32.dll
0x00007ffa92a80000 - 0x00007ffa92c02000 	C:\WINDOWS\System32\gdi32full.dll
0x00007ffa8dc10000 - 0x00007ffa8de89000 	C:\WINDOWS\WinSxS\amd64_microsoft.windows.common-controls_6595b64144ccf1df_6.0.14393.0_none_2d0f50fcbdb171b8\COMCTL32.dll
0x00007ffa95350000 - 0x00007ffa95617000 	C:\WINDOWS\System32\combase.dll
0x00007ffa91c10000 - 0x00007ffa91d05000 	C:\WINDOWS\System32\ucrtbase.dll
0x00007ffa91d10000 - 0x00007ffa91d7a000 	C:\WINDOWS\System32\bcryptPrimitives.dll
0x00007ffa951a0000 - 0x00007ffa951ce000 	C:\WINDOWS\System32\IMM32.DLL
0x0000000069950000 - 0x0000000069a22000 	C:\Program Files\Java\jdk1.8.0_101\jre\bin\msvcr100.dll
0x000000006a4f0000 - 0x000000006ad8a000 	C:\Program Files\Java\jdk1.8.0_101\jre\bin\server\jvm.dll
0x00007ffa92c10000 - 0x00007ffa92c18000 	C:\WINDOWS\System32\PSAPI.DLL
0x00007ffa85320000 - 0x00007ffa85329000 	C:\WINDOWS\SYSTEM32\WSOCK32.dll
0x00007ffa8ff00000 - 0x00007ffa8ff23000 	C:\WINDOWS\SYSTEM32\WINMM.dll
0x00007ffa8de90000 - 0x00007ffa8de9a000 	C:\WINDOWS\SYSTEM32\VERSION.dll
0x00007ffa93820000 - 0x00007ffa9388a000 	C:\WINDOWS\System32\WS2_32.dll
0x00007ffa8fed0000 - 0x00007ffa8fefb000 	C:\WINDOWS\SYSTEM32\winmmbase.dll
0x00007ffa92730000 - 0x00007ffa92772000 	C:\WINDOWS\System32\cfgmgr32.dll
0x000000006a4e0000 - 0x000000006a4ef000 	C:\Program Files\Java\jdk1.8.0_101\jre\bin\verify.dll
0x000000006a4b0000 - 0x000000006a4d9000 	C:\Program Files\Java\jdk1.8.0_101\jre\bin\java.dll
0x000000006a490000 - 0x000000006a4a6000 	C:\Program Files\Java\jdk1.8.0_101\jre\bin\zip.dll
0x00007ffa93c00000 - 0x00007ffa95108000 	C:\WINDOWS\System32\SHELL32.dll
0x00007ffa91e30000 - 0x00007ffa9250a000 	C:\WINDOWS\System32\windows.storage.dll
0x00007ffa91ba0000 - 0x00007ffa91bec000 	C:\WINDOWS\System32\powrprof.dll
0x00007ffa95140000 - 0x00007ffa95192000 	C:\WINDOWS\System32\shlwapi.dll
0x00007ffa91bf0000 - 0x00007ffa91bff000 	C:\WINDOWS\System32\kernel.appcore.dll
0x00007ffa929d0000 - 0x00007ffa92a79000 	C:\WINDOWS\System32\shcore.dll
0x00007ffa91b80000 - 0x00007ffa91b94000 	C:\WINDOWS\System32\profapi.dll

VM Arguments:
jvm_args: -Djava.awt.headless=true -Xmx1024M -Dfile.encoding=GBK -Duser.country=CN -Duser.language=zh -Duser.variant 
java_command: com.android.dx.command.Main --dex --force-jumbo --num-threads=4 --multi-dex --output F:\developer\android_workspace\CubeCare3.0\app\build\intermediates\transforms\dex\debug\folders\1000\5\slice_7 F:\developer\android_workspace\CubeCare3.0\app\build\intermediates\transforms\instantRunSlicer\debug\folders\1\5\slice_7
java_class_path (initial): C:\Users\panho\AppData\Local\Android\Sdk\build-tools\24.0.1\lib\dx.jar
Launcher Type: SUN_STANDARD

Environment Variables:
JAVA_HOME=C:\Program Files\Java\jdk1.8.0_101
PATH=F:\app\panho\product\11.2.0\dbhome_1\bin;C:\ProgramData\Oracle\Java\javapath;C:\WINDOWS\system32;C:\WINDOWS;C:\WINDOWS\System32\Wbem;C:\WINDOWS\System32\WindowsPowerShell\v1.0\;C:\Windows\System32\pan;C:\Program Files\Java\jdk1.8.0_101\bin;C:\Program Files\Java\jre1.8.0_101\bin;C:\Program Files (x86)\GtkSharp\2.12\bin;C:\Users\panho\.app\;%USERPROFILE%\AppData\Local\Microsoft\WindowsApps;
USERNAME=panho
OS=Windows_NT
PROCESSOR_IDENTIFIER=Intel64 Family 6 Model 60 Stepping 3, GenuineIntel



---------------  S Y S T E M  ---------------

OS: Windows 10.0 , 64 bit Build 14393 (10.0.14393.0)

CPU:total 8 (4 cores per cpu, 2 threads per core) family 6 model 60 stepping 3, cmov, cx8, fxsr, mmx, sse, sse2, sse3, ssse3, sse4.1, sse4.2, popcnt, avx, avx2, aes, clmul, erms, lzcnt, ht, tsc, tscinvbit, bmi1, bmi2

Memory: 4k page, physical 8067492k(1269148k free), swap 8067492k(5120k free)

vm_info: Java HotSpot(TM) 64-Bit Server VM (25.101-b13) for windows-amd64 JRE (1.8.0_101-b13), built on Jun 22 2016 01:21:29 by "java_re" with MS VC++ 10.0 (VS2010)

time: Tue Sep 13 10:39:43 2016
elapsed time: 0 seconds (0d 0h 0m 0s)

