#
# There is insufficient memory for the Java Runtime Environment to continue.
# Native memory allocation (malloc) failed to allocate 337936 bytes for Chunk::new
# Possible reasons:
#   The system is out of physical RAM or swap space
#   In 32 bit mode, the process size limit was hit
# Possible solutions:
#   Reduce memory load on the system
#   Increase physical memory or swap space
#   Check if swap backing store is full
#   Use 64 bit Java on a 64 bit OS
#   Decrease Java heap size (-Xmx/-Xms)
#   Decrease number of Java threads
#   Decrease Java thread stack sizes (-Xss)
#   Set larger code cache with -XX:ReservedCodeCacheSize=
# This output file may be truncated or incomplete.
#
#  Out of Memory Error (allocation.cpp:390), pid=8848, tid=0x0000000000001d20
#
# JRE version: Java(TM) SE Runtime Environment (8.0_101-b13) (build 1.8.0_101-b13)
# Java VM: Java HotSpot(TM) 64-Bit Server VM (25.101-b13 mixed mode windows-amd64 compressed oops)
# Failed to write core dump. Minidumps are not enabled by default on client versions of Windows
#

---------------  T H R E A D  ---------------

Current thread (0x000000001808b000):  JavaThread "C2 CompilerThread1" daemon [_thread_in_native, id=7456, stack(0x0000000018860000,0x0000000018960000)]

Stack: [0x0000000018860000,0x0000000018960000]
[error occurred during error reporting (printing stack bounds), id 0xc0000005]

Native frames: (J=compiled Java code, j=interpreted, Vv=VM code, C=native code)


Current CompileTask:
C2:   1905 1196       4       com.android.dx.ssa.SCCP::simulateStmt (481 bytes)


---------------  P R O C E S S  ---------------

Java Threads: ( => current thread )
  0x000000001825b800 JavaThread "pool-2-thread-4" [_thread_blocked, id=8780, stack(0x0000000019160000,0x0000000019260000)]
  0x00000000182ab800 JavaThread "pool-2-thread-3" [_thread_blocked, id=8752, stack(0x0000000019060000,0x0000000019160000)]
  0x0000000018209000 JavaThread "pool-2-thread-2" [_thread_blocked, id=32, stack(0x0000000018f60000,0x0000000019060000)]
  0x00000000181f5000 JavaThread "pool-3-thread-1" [_thread_blocked, id=4664, stack(0x0000000018e60000,0x0000000018f60000)]
  0x00000000181ee800 JavaThread "pool-2-thread-1" [_thread_blocked, id=2404, stack(0x0000000018d60000,0x0000000018e60000)]
  0x000000001812b800 JavaThread "Service Thread" daemon [_thread_blocked, id=5680, stack(0x0000000018b60000,0x0000000018c60000)]
  0x0000000018090000 JavaThread "C1 CompilerThread3" daemon [_thread_blocked, id=3968, stack(0x0000000018a60000,0x0000000018b60000)]
  0x000000001808c800 JavaThread "C2 CompilerThread2" daemon [_thread_in_native, id=5376, stack(0x0000000018960000,0x0000000018a60000)]
=>0x000000001808b000 JavaThread "C2 CompilerThread1" daemon [_thread_in_native, id=7456, stack(0x0000000018860000,0x0000000018960000)]
  0x0000000018087000 JavaThread "C2 CompilerThread0" daemon [_thread_in_native, id=1260, stack(0x0000000018760000,0x0000000018860000)]
  0x0000000018085000 JavaThread "Attach Listener" daemon [_thread_blocked, id=536, stack(0x0000000018660000,0x0000000018760000)]
  0x0000000018084000 JavaThread "Signal Dispatcher" daemon [_thread_blocked, id=7304, stack(0x0000000018560000,0x0000000018660000)]
  0x000000000360d800 JavaThread "Finalizer" daemon [_thread_blocked, id=6556, stack(0x0000000018400000,0x0000000018500000)]
  0x0000000003607000 JavaThread "Reference Handler" daemon [_thread_blocked, id=1032, stack(0x0000000017f00000,0x0000000018000000)]
  0x0000000003510800 JavaThread "main" [_thread_blocked, id=8960, stack(0x0000000003410000,0x0000000003510000)]

Other Threads:
  0x0000000016129000 VMThread [stack: 0x0000000017e00000,0x0000000017f00000] [id=7388]
  0x00000000181a8800 WatcherThread [stack: 0x0000000018c60000,0x0000000018d60000] [id=8668]

VM state:not at safepoint (normal execution)

VM Mutex/Monitor currently owned by a thread:  ([mutex/lock_event])
[0x000000000340c360] Heap_lock - owner thread: 0x0000000018209000

Heap:
 PSYoungGen      total 36864K, used 7589K [0x00000000eab00000, 0x00000000ed400000, 0x0000000100000000)
  eden space 31744K, 7% used [0x00000000eab00000,0x00000000ead6b2d0,0x00000000eca00000)
  from space 5120K, 99% used [0x00000000eca00000,0x00000000ecefe420,0x00000000ecf00000)
  to   space 5120K, 0% used [0x00000000ecf00000,0x00000000ecf00000,0x00000000ed400000)
 ParOldGen       total 84992K, used 1433K [0x00000000c0000000, 0x00000000c5300000, 0x00000000eab00000)
  object space 84992K, 1% used [0x00000000c0000000,0x00000000c0166488,0x00000000c5300000)
 Metaspace       used 5794K, capacity 6896K, committed 7040K, reserved 1056768K
  class space    used 586K, capacity 616K, committed 640K, reserved 1048576K

Card table byte_map: [0x00000000129d0000,0x0000000012be0000] byte_map_base: 0x00000000123d0000

Marking Bits: (ParMarkBitMap*) 0x000000005a94a6d0
 Begin Bits: [0x0000000013540000, 0x0000000014540000)
 End Bits:   [0x0000000014540000, 0x0000000015540000)

Polling page: 0x00000000033a0000

CodeCache: size=245760Kb used=4800Kb max_used=4815Kb free=240959Kb
 bounds [0x0000000003610000, 0x0000000003ad0000, 0x0000000012610000]
 total_blobs=1466 nmethods=1202 adapters=177
 compilation: enabled

Compilation events (10 events):
Event: 1.875 Thread 0x000000001808b000 nmethod 1195 0x0000000003aac590 code [0x0000000003aac6e0, 0x0000000003aac848]
Event: 1.875 Thread 0x000000001808b000 1201       4       java.util.ArrayList$SubList::<init> (46 bytes)
Event: 1.876 Thread 0x000000001808b000 nmethod 1201 0x0000000003aac310 code [0x0000000003aac440, 0x0000000003aac4d8]
Event: 1.876 Thread 0x000000001808b000 1196       4       com.android.dx.ssa.SCCP::simulateStmt (481 bytes)
Event: 1.879 Thread 0x000000001808c800 nmethod 1194 0x0000000003ac1cd0 code [0x0000000003ac1e60, 0x0000000003ac2690]
Event: 1.879 Thread 0x000000001808c800 1202       4       com.android.dx.rop.code.BasicBlockList$RegCountVisitor::visitPlainInsn (6 bytes)
Event: 1.884 Thread 0x000000001808c800 nmethod 1202 0x0000000003aabad0 code [0x0000000003aabc20, 0x0000000003aabe98]
Event: 1.884 Thread 0x000000001808c800 1197       4       com.android.dx.ssa.LiteralOpUpgrader$1::visitNonMoveInsn (203 bytes)
Event: 1.898 Thread 0x0000000018087000 nmethod 1192 0x0000000003ac7ad0 code [0x0000000003ac7ce0, 0x0000000003ac8f50]
Event: 1.898 Thread 0x0000000018087000 1198       4       com.android.dx.ssa.LiteralOpUpgrader::tryReplacingWithConstant (161 bytes)

GC Heap History (2 events):
Event: 1.740 GC heap before
{Heap before GC invocations=1 (full 0):
 PSYoungGen      total 36864K, used 31744K [0x00000000eab00000, 0x00000000ed400000, 0x0000000100000000)
  eden space 31744K, 100% used [0x00000000eab00000,0x00000000eca00000,0x00000000eca00000)
  from space 5120K, 0% used [0x00000000ecf00000,0x00000000ecf00000,0x00000000ed400000)
  to   space 5120K, 0% used [0x00000000eca00000,0x00000000eca00000,0x00000000ecf00000)
 ParOldGen       total 84992K, used 0K [0x00000000c0000000, 0x00000000c5300000, 0x00000000eab00000)
  object space 84992K, 0% used [0x00000000c0000000,0x00000000c0000000,0x00000000c5300000)
 Metaspace       used 5791K, capacity 6896K, committed 7040K, reserved 1056768K
  class space    used 586K, capacity 616K, committed 640K, reserved 1048576K
Event: 1.825 GC heap after
Heap after GC invocations=1 (full 0):
 PSYoungGen      total 36864K, used 5113K [0x00000000eab00000, 0x00000000ed400000, 0x0000000100000000)
  eden space 31744K, 0% used [0x00000000eab00000,0x00000000eab00000,0x00000000eca00000)
  from space 5120K, 99% used [0x00000000eca00000,0x00000000ecefe420,0x00000000ecf00000)
  to   space 5120K, 0% used [0x00000000ecf00000,0x00000000ecf00000,0x00000000ed400000)
 ParOldGen       total 84992K, used 1433K [0x00000000c0000000, 0x00000000c5300000, 0x00000000eab00000)
  object space 84992K, 1% used [0x00000000c0000000,0x00000000c0166488,0x00000000c5300000)
 Metaspace       used 5791K, capacity 6896K, committed 7040K, reserved 1056768K
  class space    used 586K, capacity 616K, committed 640K, reserved 1048576K
}

Deoptimization events (10 events):
Event: 1.400 Thread 0x00000000182ab800 Uncommon trap: reason=class_check action=maybe_recompile pc=0x00000000038b4138 method=com.android.dx.rop.type.Type.equals(Ljava/lang/Object;)Z @ 8
Event: 1.401 Thread 0x00000000182ab800 Uncommon trap: reason=unstable_if action=reinterpret pc=0x00000000039763f8 method=com.android.dx.cf.code.Ropper.labelToResultIndex(I)I @ 34
Event: 1.402 Thread 0x00000000182ab800 Uncommon trap: reason=class_check action=maybe_recompile pc=0x00000000038b4138 method=com.android.dx.rop.type.Type.equals(Ljava/lang/Object;)Z @ 8
Event: 1.415 Thread 0x00000000182ab800 Uncommon trap: reason=unstable_if action=reinterpret pc=0x00000000039e7d5c method=java.util.HashMap.putVal(ILjava/lang/Object;Ljava/lang/Object;ZZ)Ljava/lang/Object; @ 193
Event: 1.567 Thread 0x00000000182ab800 Uncommon trap: reason=class_check action=maybe_recompile pc=0x00000000038b4138 method=com.android.dx.rop.type.Type.equals(Ljava/lang/Object;)Z @ 8
Event: 1.567 Thread 0x00000000182ab800 Uncommon trap: reason=class_check action=maybe_recompile pc=0x00000000038b4138 method=com.android.dx.rop.type.Type.equals(Ljava/lang/Object;)Z @ 8
Event: 1.603 Thread 0x00000000182ab800 Uncommon trap: reason=unstable_if action=reinterpret pc=0x0000000003873fb8 method=java.util.BitSet.ensureCapacity(I)V @ 6
Event: 1.649 Thread 0x000000001825b800 Uncommon trap: reason=class_check action=maybe_recompile pc=0x0000000003880270 method=com.android.dx.ssa.NormalSsaInsn.accept(Lcom/android/dx/ssa/SsaInsn$Visitor;)V @ 9
Event: 1.666 Thread 0x00000000182ab800 Uncommon trap: reason=unstable_if action=reinterpret pc=0x00000000039f8b7c method=com.android.dx.util.IntList.binarysearch(I)I @ 16
Event: 1.671 Thread 0x0000000018209000 Uncommon trap: reason=unstable_if action=reinterpret pc=0x0000000003a347c8 method=com.android.dx.util.LabeledList.set(ILcom/android/dx/util/LabeledItem;)V @ 16

Internal exceptions (2 events):
Event: 0.097 Thread 0x0000000003510800 Exception <a 'java/lang/NoSuchMethodError': Method sun.misc.Unsafe.defineClass(Ljava/lang/String;[BII)Ljava/lang/Class; name or signature does not match> (0x00000000eab07cc0) thrown at [C:\re\workspace\8-2-build-windows-amd64-cygwin\jdk8u101\7261\hotspot\sFuPÝ©å¸?
Event: 0.097 Thread 0x0000000003510800 Exception <a 'java/lang/NoSuchMethodError': Method sun.misc.Unsafe.prefetchRead(Ljava/lang/Object;J)V name or signature does not match> (0x00000000eab07fa8) thrown at [C:\re\workspace\8-2-build-windows-amd64-cygwin\jdk8u101\7261\hotspot\src\share\vm\prims\

Events (10 events):
Event: 1.657 loading class com/android/dx/dex/file/FieldAnnotationStruct
Event: 1.657 loading class com/android/dx/dex/file/FieldAnnotationStruct done
Event: 1.666 Thread 0x00000000182ab800 Uncommon trap: trap_request=0xffffff65 fr.pc=0x00000000039f8b7c
Event: 1.666 Thread 0x00000000182ab800 DEOPT PACKING pc=0x00000000039f8b7c sp=0x000000001915e760
Event: 1.666 Thread 0x00000000182ab800 DEOPT UNPACKING pc=0x000000000365582a sp=0x000000001915e6d8 mode 2
Event: 1.671 Thread 0x0000000018209000 Uncommon trap: trap_request=0xffffff65 fr.pc=0x0000000003a347c8
Event: 1.671 Thread 0x0000000018209000 DEOPT PACKING pc=0x0000000003a347c8 sp=0x000000001905e760
Event: 1.671 Thread 0x0000000018209000 DEOPT UNPACKING pc=0x000000000365582a sp=0x000000001905e728 mode 2
Event: 1.703 Executing VM operation: ParallelGCFailedAllocation
Event: 1.825 Executing VM operation: ParallelGCFailedAllocation done


Dynamic libraries:
0x00007ff667480000 - 0x00007ff6674b7000 	C:\Program Files\Java\jdk1.8.0_101\bin\java.exe
0x00007ffa36890000 - 0x00007ffa36a61000 	C:\WINDOWS\SYSTEM32\ntdll.dll
0x00007ffa34af0000 - 0x00007ffa34b9b000 	C:\WINDOWS\System32\KERNEL32.DLL
0x00007ffa32fd0000 - 0x00007ffa331ed000 	C:\WINDOWS\System32\KERNELBASE.dll
0x00007ffa34000000 - 0x00007ffa340a2000 	C:\WINDOWS\System32\ADVAPI32.dll
0x00007ffa34180000 - 0x00007ffa3421e000 	C:\WINDOWS\System32\msvcrt.dll
0x00007ffa352b0000 - 0x00007ffa35309000 	C:\WINDOWS\System32\sechost.dll
0x00007ffa34920000 - 0x00007ffa34a41000 	C:\WINDOWS\System32\RPCRT4.dll
0x00007ffa347b0000 - 0x00007ffa34915000 	C:\WINDOWS\System32\USER32.dll
0x00007ffa334f0000 - 0x00007ffa3350e000 	C:\WINDOWS\System32\win32u.dll
0x00007ffa33e30000 - 0x00007ffa33e64000 	C:\WINDOWS\System32\GDI32.dll
0x00007ffa331f0000 - 0x00007ffa33372000 	C:\WINDOWS\System32\gdi32full.dll
0x00007ffa2e0c0000 - 0x00007ffa2e339000 	C:\WINDOWS\WinSxS\amd64_microsoft.windows.common-controls_6595b64144ccf1df_6.0.14393.0_none_2d0f50fcbdb171b8\COMCTL32.dll
0x00007ffa34ba0000 - 0x00007ffa34e67000 	C:\WINDOWS\System32\combase.dll
0x00007ffa32e20000 - 0x00007ffa32f15000 	C:\WINDOWS\System32\ucrtbase.dll
0x00007ffa33480000 - 0x00007ffa334ea000 	C:\WINDOWS\System32\bcryptPrimitives.dll
0x00007ffa33fd0000 - 0x00007ffa33ffe000 	C:\WINDOWS\System32\IMM32.DLL
0x0000000059f20000 - 0x0000000059ff2000 	C:\Program Files\Java\jdk1.8.0_101\jre\bin\msvcr100.dll
0x000000005a130000 - 0x000000005a9ca000 	C:\Program Files\Java\jdk1.8.0_101\jre\bin\server\jvm.dll
0x00007ffa34170000 - 0x00007ffa34178000 	C:\WINDOWS\System32\PSAPI.DLL
0x00007ffa2e3e0000 - 0x00007ffa2e3ea000 	C:\WINDOWS\SYSTEM32\VERSION.dll
0x00007ffa2f1b0000 - 0x00007ffa2f1b9000 	C:\WINDOWS\SYSTEM32\WSOCK32.dll
0x00007ffa31000000 - 0x00007ffa31023000 	C:\WINDOWS\SYSTEM32\WINMM.dll
0x00007ffa36820000 - 0x00007ffa3688a000 	C:\WINDOWS\System32\WS2_32.dll
0x00007ffa30fd0000 - 0x00007ffa30ffb000 	C:\WINDOWS\SYSTEM32\WINMMBASE.dll
0x00007ffa33430000 - 0x00007ffa33472000 	C:\WINDOWS\System32\cfgmgr32.dll
0x000000005afe0000 - 0x000000005afef000 	C:\Program Files\Java\jdk1.8.0_101\jre\bin\verify.dll
0x000000005afb0000 - 0x000000005afd9000 	C:\Program Files\Java\jdk1.8.0_101\jre\bin\java.dll
0x000000005af90000 - 0x000000005afa6000 	C:\Program Files\Java\jdk1.8.0_101\jre\bin\zip.dll
0x00007ffa35310000 - 0x00007ffa36818000 	C:\WINDOWS\System32\SHELL32.dll
0x00007ffa33510000 - 0x00007ffa33bea000 	C:\WINDOWS\System32\windows.storage.dll
0x00007ffa32dc0000 - 0x00007ffa32e0c000 	C:\WINDOWS\System32\powrprof.dll
0x00007ffa34370000 - 0x00007ffa343c2000 	C:\WINDOWS\System32\shlwapi.dll
0x00007ffa32db0000 - 0x00007ffa32dbf000 	C:\WINDOWS\System32\kernel.appcore.dll
0x00007ffa33380000 - 0x00007ffa33429000 	C:\WINDOWS\System32\shcore.dll
0x00007ffa32d90000 - 0x00007ffa32da4000 	C:\WINDOWS\System32\profapi.dll

VM Arguments:
jvm_args: -Djava.awt.headless=true -Xmx1024M -Dfile.encoding=GBK -Duser.country=CN -Duser.language=zh -Duser.variant 
java_command: com.android.dx.command.Main --dex --force-jumbo --num-threads=4 --multi-dex --output F:\developer\android_workspace\CubeCare3.0\app\build\intermediates\transforms\dex\debug\folders\1000\5\slice_2 F:\developer\android_workspace\CubeCare3.0\app\build\intermediates\transforms\instantRunSlicer\debug\folders\1\5\slice_2
java_class_path (initial): C:\Users\panho\AppData\Local\Android\Sdk\build-tools\24.0.1\lib\dx.jar
Launcher Type: SUN_STANDARD

Environment Variables:
JAVA_HOME=C:\Program Files\Java\jdk1.8.0_101
PATH=F:\app\panho\product\11.2.0\dbhome_1\bin;C:\ProgramData\Oracle\Java\javapath;C:\WINDOWS\system32;C:\WINDOWS;C:\WINDOWS\System32\Wbem;C:\WINDOWS\System32\WindowsPowerShell\v1.0\;C:\Windows\System32\pan;C:\Program Files\Java\jdk1.8.0_101\bin;C:\Program Files\Java\jre1.8.0_101\bin;C:\Users\panho\.app\;%USERPROFILE%\AppData\Local\Microsoft\WindowsApps;
USERNAME=panho
OS=Windows_NT
PROCESSOR_IDENTIFIER=Intel64 Family 6 Model 60 Stepping 3, GenuineIntel



---------------  S Y S T E M  ---------------

OS: Windows 10.0 , 64 bit Build 14393 (10.0.14393.0)

CPU:total 8 (4 cores per cpu, 2 threads per core) family 6 model 60 stepping 3, cmov, cx8, fxsr, mmx, sse, sse2, sse3, ssse3, sse4.1, sse4.2, popcnt, avx, avx2, aes, clmul, erms, lzcnt, ht, tsc, tscinvbit, bmi1, bmi2

Memory: 4k page, physical 8067492k(1758108k free), swap 8067492k(4128k free)

vm_info: Java HotSpot(TM) 64-Bit Server VM (25.101-b13) for windows-amd64 JRE (1.8.0_101-b13), built on Jun 22 2016 01:21:29 by "java_re" with MS VC++ 10.0 (VS2010)

time: Mon Sep 12 11:26:17 2016
elapsed time: 1 seconds (0d 0h 0m 1s)

