#
# There is insufficient memory for the Java Runtime Environment to continue.
# Native memory allocation (malloc) failed to allocate 32744 bytes for ChunkPool::allocate
# Possible reasons:
#   The system is out of physical RAM or swap space
#   In 32 bit mode, the process size limit was hit
# Possible solutions:
#   Reduce memory load on the system
#   Increase physical memory or swap space
#   Check if swap backing store is full
#   Use 64 bit Java on a 64 bit OS
#   Decrease Java heap size (-Xmx/-Xms)
#   Decrease number of Java threads
#   Decrease Java thread stack sizes (-Xss)
#   Set larger code cache with -XX:ReservedCodeCacheSize=
# This output file may be truncated or incomplete.
#
#  Out of Memory Error (allocation.cpp:273), pid=12908, tid=0x0000000000002364
#
# JRE version: Java(TM) SE Runtime Environment (8.0_101-b13) (build 1.8.0_101-b13)
# Java VM: Java HotSpot(TM) 64-Bit Server VM (25.101-b13 mixed mode windows-amd64 compressed oops)
# Failed to write core dump. Minidumps are not enabled by default on client versions of Windows
#

---------------  T H R E A D  ---------------

Current thread (0x00000000172f9000):  JavaThread "C2 CompilerThread1" daemon [_thread_in_native, id=9060, stack(0x0000000017a70000,0x0000000017b70000)]

Stack: [0x0000000017a70000,0x0000000017b70000]
[error occurred during error reporting (printing stack bounds), id 0xc0000005]

Native frames: (J=compiled Java code, j=interpreted, Vv=VM code, C=native code)


Current CompileTask:
C2:    743  650       4       com.android.dx.rop.cst.CstString::utf8BytesToString (391 bytes)


---------------  P R O C E S S  ---------------

Java Threads: ( => current thread )
  0x0000000017544000 JavaThread "pool-2-thread-4" [_thread_in_Java, id=5812, stack(0x0000000018370000,0x0000000018470000)]
  0x000000001753f000 JavaThread "pool-2-thread-3" [_thread_in_Java, id=7776, stack(0x0000000018270000,0x0000000018370000)]
  0x000000001753a800 JavaThread "pool-2-thread-2" [_thread_in_Java, id=7928, stack(0x0000000018170000,0x0000000018270000)]
  0x0000000017537800 JavaThread "pool-3-thread-1" [_thread_blocked, id=5368, stack(0x0000000018070000,0x0000000018170000)]
  0x00000000174fe800 JavaThread "pool-2-thread-1" [_thread_blocked, id=4460, stack(0x0000000017f70000,0x0000000018070000)]
  0x00000000173aa000 JavaThread "Service Thread" daemon [_thread_blocked, id=2788, stack(0x0000000017d70000,0x0000000017e70000)]
  0x0000000017308800 JavaThread "C1 CompilerThread3" daemon [_thread_in_native, id=5924, stack(0x0000000017c70000,0x0000000017d70000)]
  0x00000000172fd000 JavaThread "C2 CompilerThread2" daemon [_thread_in_native, id=1688, stack(0x0000000017b70000,0x0000000017c70000)]
=>0x00000000172f9000 JavaThread "C2 CompilerThread1" daemon [_thread_in_native, id=9060, stack(0x0000000017a70000,0x0000000017b70000)]
  0x00000000153ac000 JavaThread "C2 CompilerThread0" daemon [_thread_in_native, id=600, stack(0x0000000017970000,0x0000000017a70000)]
  0x00000000172f8000 JavaThread "Attach Listener" daemon [_thread_blocked, id=676, stack(0x0000000017870000,0x0000000017970000)]
  0x00000000172f7800 JavaThread "Signal Dispatcher" daemon [_thread_blocked, id=2700, stack(0x0000000017770000,0x0000000017870000)]
  0x0000000017290800 JavaThread "Finalizer" daemon [_thread_blocked, id=13076, stack(0x0000000017670000,0x0000000017770000)]
  0x0000000002876000 JavaThread "Reference Handler" daemon [_thread_blocked, id=9724, stack(0x0000000017170000,0x0000000017270000)]
  0x0000000002781000 JavaThread "main" [_thread_in_Java, id=12924, stack(0x0000000002680000,0x0000000002780000)]

Other Threads:
  0x0000000015399800 VMThread [stack: 0x0000000017070000,0x0000000017170000] [id=5528]
  0x0000000017415800 WatcherThread [stack: 0x0000000017e70000,0x0000000017f70000] [id=5560]

VM state:not at safepoint (normal execution)

VM Mutex/Monitor currently owned by a thread: None

Heap:
 PSYoungGen      total 36864K, used 15246K [0x00000000eab00000, 0x00000000ed400000, 0x0000000100000000)
  eden space 31744K, 48% used [0x00000000eab00000,0x00000000eb9e3ac0,0x00000000eca00000)
  from space 5120K, 0% used [0x00000000ecf00000,0x00000000ecf00000,0x00000000ed400000)
  to   space 5120K, 0% used [0x00000000eca00000,0x00000000eca00000,0x00000000ecf00000)
 ParOldGen       total 84992K, used 0K [0x00000000c0000000, 0x00000000c5300000, 0x00000000eab00000)
  object space 84992K, 0% used [0x00000000c0000000,0x00000000c0000000,0x00000000c5300000)
 Metaspace       used 5638K, capacity 6580K, committed 6784K, reserved 1056768K
  class space    used 600K, capacity 620K, committed 640K, reserved 1048576K

Card table byte_map: [0x0000000011c40000,0x0000000011e50000] byte_map_base: 0x0000000011640000

Marking Bits: (ParMarkBitMap*) 0x000000006ad0a6d0
 Begin Bits: [0x00000000127b0000, 0x00000000137b0000)
 End Bits:   [0x00000000137b0000, 0x00000000147b0000)

Polling page: 0x0000000000550000

CodeCache: size=245760Kb used=2412Kb max_used=2430Kb free=243347Kb
 bounds [0x0000000002880000, 0x0000000002af0000, 0x0000000011880000]
 total_blobs=912 nmethods=641 adapters=184
 compilation: enabled

Compilation events (10 events):
Event: 0.734 Thread 0x00000000153ac000 nmethod 634 0x0000000002addcd0 code [0x0000000002adde20, 0x0000000002ade0f8]
Event: 0.734 Thread 0x00000000153ac000  645       4       com.android.dx.util.ByteArray::getUnsignedShort (25 bytes)
Event: 0.734 Thread 0x0000000017308800 nmethod 636 0x0000000002ade2d0 code [0x0000000002ade440, 0x0000000002ade6f8]
Event: 0.734 Thread 0x0000000017308800  640   !   3       com.android.dx.cf.code.BytecodeArray::parseInstruction (2764 bytes)
Event: 0.735 Thread 0x00000000172fd000 nmethod 633 0x0000000002ad5a10 code [0x0000000002ad5b40, 0x0000000002ad5bd8]
Event: 0.735 Thread 0x00000000172fd000  648       4       java.util.ArrayList::ensureCapacityInternal (23 bytes)
Event: 0.735 Thread 0x00000000172f9000 nmethod 647 0x0000000002ad3f90 code [0x0000000002ad40c0, 0x0000000002ad4118]
Event: 0.735 Thread 0x00000000153ac000 nmethod 645 0x0000000002ae1050 code [0x0000000002ae11a0, 0x0000000002ae12f8]
Event: 0.736 Thread 0x00000000172f9000  650       4       com.android.dx.rop.cst.CstString::utf8BytesToString (391 bytes)
Event: 0.738 Thread 0x00000000172fd000 nmethod 648 0x0000000002ae0ad0 code [0x0000000002ae0c20, 0x0000000002ae0e98]

GC Heap History (0 events):
No events

Deoptimization events (1 events):
Event: 0.732 Thread 0x000000001753a800 Uncommon trap: reason=unstable_if action=reinterpret pc=0x0000000002a93604 method=java.util.HashMap.getNode(ILjava/lang/Object;)Ljava/util/HashMap$Node; @ 62

Internal exceptions (2 events):
Event: 0.056 Thread 0x0000000002781000 Exception <a 'java/lang/NoSuchMethodError': Method sun.misc.Unsafe.defineClass(Ljava/lang/String;[BII)Ljava/lang/Class; name or signature does not match> (0x00000000eab07cc0) thrown at [C:\re\workspace\8-2-build-windows-amd64-cygwin\jdk8u101\7261\hotspot\s
5Éºá¬?
Event: 0.056 Thread 0x0000000002781000 Exception <a 'java/lang/NoSuchMethodError': Method sun.misc.Unsafe.prefetchRead(Ljava/lang/Object;J)V name or signature does not match> (0x00000000eab07fa8) thrown at [C:\re\workspace\8-2-build-windows-amd64-cygwin\jdk8u101\7261\hotspot\src\share\vm\prims\

Events (10 events):
Event: 0.719 loading class com/android/dx/ssa/back/FirstFitLocalCombiningAllocator$Multiset done
Event: 0.731 Thread 0x000000001753a800 Uncommon trap: trap_request=0xffffff65 fr.pc=0x0000000002a93604
Event: 0.732 Thread 0x000000001753a800 DEOPT PACKING pc=0x0000000002a93604 sp=0x000000001826e240
Event: 0.732 Thread 0x000000001753a800 DEOPT UNPACKING pc=0x00000000028c582a sp=0x000000001826e1b8 mode 2
Event: 0.732 loading class com/android/dx/cf/code/Ropper$ExceptionHandlerSetup
Event: 0.732 loading class com/android/dx/cf/code/Ropper$ExceptionHandlerSetup done
Event: 0.733 loading class java/util/HashMap$Values
Event: 0.733 loading class java/util/HashMap$Values done
Event: 0.733 loading class java/util/HashMap$ValueIterator
Event: 0.733 loading class java/util/HashMap$ValueIterator done


Dynamic libraries:
0x00007ff702790000 - 0x00007ff7027c7000 	C:\Program Files\Java\jdk1.8.0_101\bin\java.exe
0x00007ffa95680000 - 0x00007ffa95851000 	C:\WINDOWS\SYSTEM32\ntdll.dll
0x00007ffa93940000 - 0x00007ffa939eb000 	C:\WINDOWS\System32\KERNEL32.DLL
0x00007ffa92510000 - 0x00007ffa9272d000 	C:\WINDOWS\System32\KERNELBASE.dll
0x00007ffa93890000 - 0x00007ffa93932000 	C:\WINDOWS\System32\ADVAPI32.dll
0x00007ffa92c20000 - 0x00007ffa92cbe000 	C:\WINDOWS\System32\msvcrt.dll
0x00007ffa95620000 - 0x00007ffa95679000 	C:\WINDOWS\System32\sechost.dll
0x00007ffa92ed0000 - 0x00007ffa92ff1000 	C:\WINDOWS\System32\RPCRT4.dll
0x00007ffa93a90000 - 0x00007ffa93bf5000 	C:\WINDOWS\System32\USER32.dll
0x00007ffa929b0000 - 0x00007ffa929ce000 	C:\WINDOWS\System32\win32u.dll
0x00007ffa95310000 - 0x00007ffa95344000 	C:\WINDOWS\System32\GDI32.dll
0x00007ffa92a80000 - 0x00007ffa92c02000 	C:\WINDOWS\System32\gdi32full.dll
0x00007ffa8dc10000 - 0x00007ffa8de89000 	C:\WINDOWS\WinSxS\amd64_microsoft.windows.common-controls_6595b64144ccf1df_6.0.14393.0_none_2d0f50fcbdb171b8\COMCTL32.dll
0x00007ffa95350000 - 0x00007ffa95617000 	C:\WINDOWS\System32\combase.dll
0x00007ffa91c10000 - 0x00007ffa91d05000 	C:\WINDOWS\System32\ucrtbase.dll
0x00007ffa91d10000 - 0x00007ffa91d7a000 	C:\WINDOWS\System32\bcryptPrimitives.dll
0x00007ffa951a0000 - 0x00007ffa951ce000 	C:\WINDOWS\System32\IMM32.DLL
0x0000000069950000 - 0x0000000069a22000 	C:\Program Files\Java\jdk1.8.0_101\jre\bin\msvcr100.dll
0x000000006a4f0000 - 0x000000006ad8a000 	C:\Program Files\Java\jdk1.8.0_101\jre\bin\server\jvm.dll
0x00007ffa92c10000 - 0x00007ffa92c18000 	C:\WINDOWS\System32\PSAPI.DLL
0x00007ffa85320000 - 0x00007ffa85329000 	C:\WINDOWS\SYSTEM32\WSOCK32.dll
0x00007ffa8de90000 - 0x00007ffa8de9a000 	C:\WINDOWS\SYSTEM32\VERSION.dll
0x00007ffa8ff00000 - 0x00007ffa8ff23000 	C:\WINDOWS\SYSTEM32\WINMM.dll
0x00007ffa93820000 - 0x00007ffa9388a000 	C:\WINDOWS\System32\WS2_32.dll
0x00007ffa8fed0000 - 0x00007ffa8fefb000 	C:\WINDOWS\SYSTEM32\WINMMBASE.dll
0x00007ffa92730000 - 0x00007ffa92772000 	C:\WINDOWS\System32\cfgmgr32.dll
0x000000006a4e0000 - 0x000000006a4ef000 	C:\Program Files\Java\jdk1.8.0_101\jre\bin\verify.dll
0x000000006a4b0000 - 0x000000006a4d9000 	C:\Program Files\Java\jdk1.8.0_101\jre\bin\java.dll
0x000000006a490000 - 0x000000006a4a6000 	C:\Program Files\Java\jdk1.8.0_101\jre\bin\zip.dll
0x00007ffa93c00000 - 0x00007ffa95108000 	C:\WINDOWS\System32\SHELL32.dll
0x00007ffa91e30000 - 0x00007ffa9250a000 	C:\WINDOWS\System32\windows.storage.dll
0x00007ffa91ba0000 - 0x00007ffa91bec000 	C:\WINDOWS\System32\powrprof.dll
0x00007ffa95140000 - 0x00007ffa95192000 	C:\WINDOWS\System32\shlwapi.dll
0x00007ffa91bf0000 - 0x00007ffa91bff000 	C:\WINDOWS\System32\kernel.appcore.dll
0x00007ffa929d0000 - 0x00007ffa92a79000 	C:\WINDOWS\System32\shcore.dll
0x00007ffa91b80000 - 0x00007ffa91b94000 	C:\WINDOWS\System32\profapi.dll

VM Arguments:
jvm_args: -Djava.awt.headless=true -Xmx1024M -Dfile.encoding=GBK -Duser.country=CN -Duser.language=zh -Duser.variant 
java_command: com.android.dx.command.Main --dex --force-jumbo --num-threads=4 --multi-dex --output F:\developer\android_workspace\CubeCare3.0\app\build\intermediates\transforms\dex\debug\folders\1000\10\internal_impl-24.2.0_f89bbe6f1096c23a40b89e9457ae483912a4b295 F:\developer\android_workspace\CubeCare3.0\app\build\intermediates\exploded-aar\com.android.support\support-media-compat\24.2.0\jars\libs\internal_impl-24.2.0.jar
java_class_path (initial): C:\Users\panho\AppData\Local\Android\Sdk\build-tools\24.0.1\lib\dx.jar
Launcher Type: SUN_STANDARD

Environment Variables:
JAVA_HOME=C:\Program Files\Java\jdk1.8.0_101
PATH=F:\app\panho\product\11.2.0\dbhome_1\bin;C:\ProgramData\Oracle\Java\javapath;C:\WINDOWS\system32;C:\WINDOWS;C:\WINDOWS\System32\Wbem;C:\WINDOWS\System32\WindowsPowerShell\v1.0\;C:\Windows\System32\pan;C:\Program Files\Java\jdk1.8.0_101\bin;C:\Program Files\Java\jre1.8.0_101\bin;C:\Program Files (x86)\GtkSharp\2.12\bin;C:\Users\panho\.app\;%USERPROFILE%\AppData\Local\Microsoft\WindowsApps;
USERNAME=panho
OS=Windows_NT
PROCESSOR_IDENTIFIER=Intel64 Family 6 Model 60 Stepping 3, GenuineIntel



---------------  S Y S T E M  ---------------

OS: Windows 10.0 , 64 bit Build 14393 (10.0.14393.0)

CPU:total 8 (4 cores per cpu, 2 threads per core) family 6 model 60 stepping 3, cmov, cx8, fxsr, mmx, sse, sse2, sse3, ssse3, sse4.1, sse4.2, popcnt, avx, avx2, aes, clmul, erms, lzcnt, ht, tsc, tscinvbit, bmi1, bmi2

Memory: 4k page, physical 8067492k(1247204k free), swap 8067492k(4108k free)

vm_info: Java HotSpot(TM) 64-Bit Server VM (25.101-b13) for windows-amd64 JRE (1.8.0_101-b13), built on Jun 22 2016 01:21:29 by "java_re" with MS VC++ 10.0 (VS2010)

time: Tue Sep 13 10:39:46 2016
elapsed time: 0 seconds (0d 0h 0m 0s)

