#
# There is insufficient memory for the Java Runtime Environment to continue.
# Native memory allocation (malloc) failed to allocate 32744 bytes for ChunkPool::allocate
# Possible reasons:
#   The system is out of physical RAM or swap space
#   In 32 bit mode, the process size limit was hit
# Possible solutions:
#   Reduce memory load on the system
#   Increase physical memory or swap space
#   Check if swap backing store is full
#   Use 64 bit Java on a 64 bit OS
#   Decrease Java heap size (-Xmx/-Xms)
#   Decrease number of Java threads
#   Decrease Java thread stack sizes (-Xss)
#   Set larger code cache with -XX:ReservedCodeCacheSize=
# This output file may be truncated or incomplete.
#
#  Out of Memory Error (allocation.cpp:273), pid=13188, tid=0x0000000000002160
#
# JRE version: Java(TM) SE Runtime Environment (8.0_101-b13) (build 1.8.0_101-b13)
# Java VM: Java HotSpot(TM) 64-Bit Server VM (25.101-b13 mixed mode windows-amd64 compressed oops)
# Failed to write core dump. Minidumps are not enabled by default on client versions of Windows
#

---------------  T H R E A D  ---------------

Current thread (0x00000000173fc000):  JavaThread "C1 CompilerThread3" daemon [_thread_in_native, id=8544, stack(0x0000000017d60000,0x0000000017e60000)]

Stack: [0x0000000017d60000,0x0000000017e60000]
[error occurred during error reporting (printing stack bounds), id 0xc0000005]

Native frames: (J=compiled Java code, j=interpreted, Vv=VM code, C=native code)


Current CompileTask:
C1:   1088  466   !   3       com.android.dx.cf.code.BytecodeArray::parseInstruction (2764 bytes)


---------------  P R O C E S S  ---------------

Java Threads: ( => current thread )
  0x00000000175d2000 JavaThread "pool-2-thread-4" [_thread_blocked, id=9712, stack(0x0000000018460000,0x0000000018560000)]
  0x00000000175d1000 JavaThread "pool-2-thread-3" [_thread_blocked, id=2692, stack(0x0000000018360000,0x0000000018460000)]
  0x00000000175d0800 JavaThread "pool-2-thread-2" [_thread_in_vm, id=2312, stack(0x0000000018260000,0x0000000018360000)]
  0x00000000175cd800 JavaThread "pool-3-thread-1" [_thread_blocked, id=1892, stack(0x0000000018160000,0x0000000018260000)]
  0x00000000175cb000 JavaThread "pool-2-thread-1" [_thread_blocked, id=3344, stack(0x0000000018060000,0x0000000018160000)]
  0x000000001748a800 JavaThread "Service Thread" daemon [_thread_blocked, id=3796, stack(0x0000000017e60000,0x0000000017f60000)]
=>0x00000000173fc000 JavaThread "C1 CompilerThread3" daemon [_thread_in_native, id=8544, stack(0x0000000017d60000,0x0000000017e60000)]
  0x000000001549e800 JavaThread "C2 CompilerThread2" daemon [_thread_blocked, id=10828, stack(0x0000000017c60000,0x0000000017d60000)]
  0x000000001549d800 JavaThread "C2 CompilerThread1" daemon [_thread_blocked, id=3284, stack(0x0000000017b60000,0x0000000017c60000)]
  0x000000001549a800 JavaThread "C2 CompilerThread0" daemon [_thread_blocked, id=404, stack(0x0000000017a60000,0x0000000017b60000)]
  0x00000000173e7000 JavaThread "Attach Listener" daemon [_thread_blocked, id=2632, stack(0x0000000017960000,0x0000000017a60000)]
  0x00000000173e6800 JavaThread "Signal Dispatcher" daemon [_thread_blocked, id=8724, stack(0x0000000017860000,0x0000000017960000)]
  0x0000000017380800 JavaThread "Finalizer" daemon [_thread_blocked, id=4976, stack(0x0000000017760000,0x0000000017860000)]
  0x0000000002966000 JavaThread "Reference Handler" daemon [_thread_blocked, id=816, stack(0x0000000017260000,0x0000000017360000)]
  0x0000000002871000 JavaThread "main" [_thread_blocked, id=7844, stack(0x00000000026a0000,0x00000000027a0000)]

Other Threads:
  0x0000000015489800 VMThread [stack: 0x0000000017160000,0x0000000017260000] [id=9164]
  0x000000001752b800 WatcherThread [stack: 0x0000000017f60000,0x0000000018060000] [id=2868]

VM state:not at safepoint (normal execution)

VM Mutex/Monitor currently owned by a thread:  ([mutex/lock_event])
[0x000000000286e650] MethodData_lock - owner thread: 0x00000000175d0800

Heap:
 PSYoungGen      total 36864K, used 12337K [0x00000000eab00000, 0x00000000ed400000, 0x0000000100000000)
  eden space 31744K, 38% used [0x00000000eab00000,0x00000000eb70c748,0x00000000eca00000)
  from space 5120K, 0% used [0x00000000ecf00000,0x00000000ecf00000,0x00000000ed400000)
  to   space 5120K, 0% used [0x00000000eca00000,0x00000000eca00000,0x00000000ecf00000)
 ParOldGen       total 84992K, used 0K [0x00000000c0000000, 0x00000000c5300000, 0x00000000eab00000)
  object space 84992K, 0% used [0x00000000c0000000,0x00000000c0000000,0x00000000c5300000)
 Metaspace       used 5512K, capacity 6452K, committed 6528K, reserved 1058816K
  class space    used 598K, capacity 620K, committed 640K, reserved 1048576K

Card table byte_map: [0x0000000011d30000,0x0000000011f40000] byte_map_base: 0x0000000011730000

Marking Bits: (ParMarkBitMap*) 0x000000006ad0a6d0
 Begin Bits: [0x00000000128a0000, 0x00000000138a0000)
 End Bits:   [0x00000000138a0000, 0x00000000148a0000)

Polling page: 0x0000000000bf0000

CodeCache: size=245760Kb used=2081Kb max_used=2093Kb free=243678Kb
 bounds [0x0000000002970000, 0x0000000002be0000, 0x0000000011970000]
 total_blobs=739 nmethods=468 adapters=184
 compilation: enabled

Compilation events (10 events):
Event: 1.078 Thread 0x00000000173fc000  466   !   3       com.android.dx.cf.code.BytecodeArray::parseInstruction (2764 bytes)
Event: 1.078 Thread 0x000000001549a800 nmethod 421 0x0000000002b77290 code [0x0000000002b773c0, 0x0000000002b77458]
Event: 1.078 Thread 0x000000001549a800  475   !   4       com.android.dx.util.FixedSizeList::get0 (47 bytes)
Event: 1.079 Thread 0x000000001549a800 nmethod 475 0x0000000002b76fd0 code [0x0000000002b77100, 0x0000000002b771b8]
Event: 1.079 Thread 0x000000001549a800  478       4       java.util.ArrayList$Itr::hasNext (20 bytes)
Event: 1.079 Thread 0x000000001549a800 nmethod 478 0x0000000002b76d50 code [0x0000000002b76e80, 0x0000000002b76f18]
Event: 1.079 Thread 0x000000001549a800  480       4       java.util.HashMap::getNode (148 bytes)
Event: 1.084 Thread 0x000000001549a800 nmethod 480 0x0000000002b7a810 code [0x0000000002b7a980, 0x0000000002b7ad28]
Event: 1.084 Thread 0x000000001549a800  482       4       java.util.ArrayList$Itr::next (66 bytes)
Event: 1.085 Thread 0x000000001549a800 nmethod 482 0x0000000002b7a450 code [0x0000000002b7a5a0, 0x0000000002b7a6b8]

GC Heap History (0 events):
No events

Deoptimization events (0 events):
No events

Internal exceptions (2 events):
Event: 0.033 Thread 0x0000000002871000 Exception <a 'java/lang/NoSuchMethodError': Method sun.misc.Unsafe.defineClass(Ljava/lang/String;[BII)Ljava/lang/Class; name or signature does not match> (0x00000000eab07cc0) thrown at [C:\re\workspace\8-2-build-windows-amd64-cygwin\jdk8u101\7261\hotspot\sn[P]æ ¡?
Event: 0.033 Thread 0x0000000002871000 Exception <a 'java/lang/NoSuchMethodError': Method sun.misc.Unsafe.prefetchRead(Ljava/lang/Object;J)V name or signature does not match> (0x00000000eab07fa8) thrown at [C:\re\workspace\8-2-build-windows-amd64-cygwin\jdk8u101\7261\hotspot\src\share\vm\prims\

Events (10 events):
Event: 1.054 loading class java/util/HashMap$Values
Event: 1.054 loading class java/util/HashMap$Values done
Event: 1.054 loading class java/util/HashMap$ValueIterator
Event: 1.054 loading class java/util/HashMap$ValueIterator done
Event: 1.061 loading class com/android/dx/dex/file/MethodAnnotationStruct
Event: 1.061 loading class com/android/dx/dex/file/MethodAnnotationStruct done
Event: 1.069 loading class com/android/dx/ssa/PhiInsn$Operand
Event: 1.070 loading class com/android/dx/ssa/PhiInsn$Operand done
Event: 1.073 loading class com/android/dx/ssa/back/FirstFitLocalCombiningAllocator$Multiset
Event: 1.073 loading class com/android/dx/ssa/back/FirstFitLocalCombiningAllocator$Multiset done


Dynamic libraries:
0x00007ff702790000 - 0x00007ff7027c7000 	C:\Program Files\Java\jdk1.8.0_101\bin\java.exe
0x00007ffa95680000 - 0x00007ffa95851000 	C:\WINDOWS\SYSTEM32\ntdll.dll
0x00007ffa93940000 - 0x00007ffa939eb000 	C:\WINDOWS\System32\KERNEL32.DLL
0x00007ffa92510000 - 0x00007ffa9272d000 	C:\WINDOWS\System32\KERNELBASE.dll
0x00007ffa93890000 - 0x00007ffa93932000 	C:\WINDOWS\System32\ADVAPI32.dll
0x00007ffa92c20000 - 0x00007ffa92cbe000 	C:\WINDOWS\System32\msvcrt.dll
0x00007ffa95620000 - 0x00007ffa95679000 	C:\WINDOWS\System32\sechost.dll
0x00007ffa92ed0000 - 0x00007ffa92ff1000 	C:\WINDOWS\System32\RPCRT4.dll
0x00007ffa93a90000 - 0x00007ffa93bf5000 	C:\WINDOWS\System32\USER32.dll
0x00007ffa929b0000 - 0x00007ffa929ce000 	C:\WINDOWS\System32\win32u.dll
0x00007ffa95310000 - 0x00007ffa95344000 	C:\WINDOWS\System32\GDI32.dll
0x00007ffa92a80000 - 0x00007ffa92c02000 	C:\WINDOWS\System32\gdi32full.dll
0x00007ffa8dc10000 - 0x00007ffa8de89000 	C:\WINDOWS\WinSxS\amd64_microsoft.windows.common-controls_6595b64144ccf1df_6.0.14393.0_none_2d0f50fcbdb171b8\COMCTL32.dll
0x00007ffa95350000 - 0x00007ffa95617000 	C:\WINDOWS\System32\combase.dll
0x00007ffa91c10000 - 0x00007ffa91d05000 	C:\WINDOWS\System32\ucrtbase.dll
0x00007ffa91d10000 - 0x00007ffa91d7a000 	C:\WINDOWS\System32\bcryptPrimitives.dll
0x00007ffa951a0000 - 0x00007ffa951ce000 	C:\WINDOWS\System32\IMM32.DLL
0x0000000069950000 - 0x0000000069a22000 	C:\Program Files\Java\jdk1.8.0_101\jre\bin\msvcr100.dll
0x000000006a4f0000 - 0x000000006ad8a000 	C:\Program Files\Java\jdk1.8.0_101\jre\bin\server\jvm.dll
0x00007ffa92c10000 - 0x00007ffa92c18000 	C:\WINDOWS\System32\PSAPI.DLL
0x00007ffa85320000 - 0x00007ffa85329000 	C:\WINDOWS\SYSTEM32\WSOCK32.dll
0x00007ffa8ff00000 - 0x00007ffa8ff23000 	C:\WINDOWS\SYSTEM32\WINMM.dll
0x00007ffa8de90000 - 0x00007ffa8de9a000 	C:\WINDOWS\SYSTEM32\VERSION.dll
0x00007ffa93820000 - 0x00007ffa9388a000 	C:\WINDOWS\System32\WS2_32.dll
0x0000000000b70000 - 0x0000000000b9b000 	C:\WINDOWS\SYSTEM32\WINMMBASE.dll
0x00007ffa92730000 - 0x00007ffa92772000 	C:\WINDOWS\System32\cfgmgr32.dll
0x000000006a4e0000 - 0x000000006a4ef000 	C:\Program Files\Java\jdk1.8.0_101\jre\bin\verify.dll
0x000000006a4b0000 - 0x000000006a4d9000 	C:\Program Files\Java\jdk1.8.0_101\jre\bin\java.dll
0x000000006a490000 - 0x000000006a4a6000 	C:\Program Files\Java\jdk1.8.0_101\jre\bin\zip.dll
0x00007ffa93c00000 - 0x00007ffa95108000 	C:\WINDOWS\System32\SHELL32.dll
0x00007ffa91e30000 - 0x00007ffa9250a000 	C:\WINDOWS\System32\windows.storage.dll
0x00007ffa91ba0000 - 0x00007ffa91bec000 	C:\WINDOWS\System32\powrprof.dll
0x00007ffa95140000 - 0x00007ffa95192000 	C:\WINDOWS\System32\shlwapi.dll
0x00007ffa91bf0000 - 0x00007ffa91bff000 	C:\WINDOWS\System32\kernel.appcore.dll
0x00007ffa929d0000 - 0x00007ffa92a79000 	C:\WINDOWS\System32\shcore.dll
0x00007ffa91b80000 - 0x00007ffa91b94000 	C:\WINDOWS\System32\profapi.dll

VM Arguments:
jvm_args: -Djava.awt.headless=true -Xmx1024M -Dfile.encoding=GBK -Duser.country=CN -Duser.language=zh -Duser.variant 
java_command: com.android.dx.command.Main --dex --force-jumbo --num-threads=4 --multi-dex --output F:\developer\android_workspace\CubeCare3.0\app\build\intermediates\transforms\dex\debug\folders\1000\10\instant-run_606718d19f127842eb9d190d6102127b304b3f5a F:\developer\android_workspace\CubeCare3.0\app\build\intermediates\incremental-runtime-classes\debug\instant-run.jar
java_class_path (initial): C:\Users\panho\AppData\Local\Android\Sdk\build-tools\24.0.1\lib\dx.jar
Launcher Type: SUN_STANDARD

Environment Variables:
JAVA_HOME=C:\Program Files\Java\jdk1.8.0_101
PATH=F:\app\panho\product\11.2.0\dbhome_1\bin;C:\ProgramData\Oracle\Java\javapath;C:\WINDOWS\system32;C:\WINDOWS;C:\WINDOWS\System32\Wbem;C:\WINDOWS\System32\WindowsPowerShell\v1.0\;C:\Windows\System32\pan;C:\Program Files\Java\jdk1.8.0_101\bin;C:\Program Files\Java\jre1.8.0_101\bin;C:\Program Files (x86)\GtkSharp\2.12\bin;C:\Users\panho\.app\;%USERPROFILE%\AppData\Local\Microsoft\WindowsApps;
USERNAME=panho
OS=Windows_NT
PROCESSOR_IDENTIFIER=Intel64 Family 6 Model 60 Stepping 3, GenuineIntel



---------------  S Y S T E M  ---------------

OS: Windows 10.0 , 64 bit Build 14393 (10.0.14393.0)

CPU:total 8 (4 cores per cpu, 2 threads per core) family 6 model 60 stepping 3, cmov, cx8, fxsr, mmx, sse, sse2, sse3, ssse3, sse4.1, sse4.2, popcnt, avx, avx2, aes, clmul, erms, lzcnt, ht, tsc, tscinvbit, bmi1, bmi2

Memory: 4k page, physical 8067492k(1276492k free), swap 8067492k(2484k free)

vm_info: Java HotSpot(TM) 64-Bit Server VM (25.101-b13) for windows-amd64 JRE (1.8.0_101-b13), built on Jun 22 2016 01:21:29 by "java_re" with MS VC++ 10.0 (VS2010)

time: Tue Sep 13 10:44:57 2016
elapsed time: 1 seconds (0d 0h 0m 1s)

