#
# There is insufficient memory for the Java Runtime Environment to continue.
# Native memory allocation (malloc) failed to allocate 403856 bytes for Chunk::new
# Possible reasons:
#   The system is out of physical RAM or swap space
#   In 32 bit mode, the process size limit was hit
# Possible solutions:
#   Reduce memory load on the system
#   Increase physical memory or swap space
#   Check if swap backing store is full
#   Use 64 bit Java on a 64 bit OS
#   Decrease Java heap size (-Xmx/-Xms)
#   Decrease number of Java threads
#   Decrease Java thread stack sizes (-Xss)
#   Set larger code cache with -XX:ReservedCodeCacheSize=
# This output file may be truncated or incomplete.
#
#  Out of Memory Error (allocation.cpp:390), pid=984, tid=0x0000000000000770
#
# JRE version: Java(TM) SE Runtime Environment (8.0_101-b13) (build 1.8.0_101-b13)
# Java VM: Java HotSpot(TM) 64-Bit Server VM (25.101-b13 mixed mode windows-amd64 compressed oops)
# Failed to write core dump. Minidumps are not enabled by default on client versions of Windows
#

---------------  T H R E A D  ---------------

Current thread (0x0000000017cb5000):  JavaThread "C2 CompilerThread0" daemon [_thread_in_native, id=1904, stack(0x0000000018390000,0x0000000018490000)]

Stack: [0x0000000018390000,0x0000000018490000]
[error occurred during error reporting (printing stack bounds), id 0xc0000005]

Native frames: (J=compiled Java code, j=interpreted, Vv=VM code, C=native code)


Current CompileTask:
C2:    586  906   !   4       com.android.dx.cf.code.BytecodeArray::parseInstruction (2764 bytes)


---------------  P R O C E S S  ---------------

Java Threads: ( => current thread )
  0x0000000017f9b800 JavaThread "pool-2-thread-3" [_thread_in_Java, id=1460, stack(0x0000000018c90000,0x0000000018d90000)]
  0x0000000017e76000 JavaThread "pool-3-thread-1" [_thread_blocked, id=12616, stack(0x0000000018a90000,0x0000000018b90000)]
  0x0000000017d67800 JavaThread "Service Thread" daemon [_thread_blocked, id=11600, stack(0x0000000018790000,0x0000000018890000)]
  0x0000000017ccb800 JavaThread "C1 CompilerThread3" daemon [_thread_blocked, id=5584, stack(0x0000000018690000,0x0000000018790000)]
  0x0000000017cb9800 JavaThread "C2 CompilerThread2" daemon [_thread_in_native, id=11052, stack(0x0000000018590000,0x0000000018690000)]
  0x0000000017cb8000 JavaThread "C2 CompilerThread1" daemon [_thread_in_native, id=12648, stack(0x0000000018490000,0x0000000018590000)]
=>0x0000000017cb5000 JavaThread "C2 CompilerThread0" daemon [_thread_in_native, id=1904, stack(0x0000000018390000,0x0000000018490000)]
  0x0000000017cb2000 JavaThread "Attach Listener" daemon [_thread_blocked, id=1756, stack(0x0000000018290000,0x0000000018390000)]
  0x0000000017cb1000 JavaThread "Signal Dispatcher" daemon [_thread_blocked, id=5800, stack(0x0000000018190000,0x0000000018290000)]
  0x0000000003238800 JavaThread "Finalizer" daemon [_thread_blocked, id=7308, stack(0x0000000018030000,0x0000000018130000)]
  0x0000000015d5d800 JavaThread "Reference Handler" daemon [_thread_blocked, id=3892, stack(0x0000000017b30000,0x0000000017c30000)]
  0x0000000003141000 JavaThread "main" [_thread_blocked, id=832, stack(0x0000000003040000,0x0000000003140000)]

Other Threads:
  0x0000000015d59000 VMThread [stack: 0x0000000017a30000,0x0000000017b30000] [id=2040]
  0x0000000017dd3000 WatcherThread [stack: 0x0000000018890000,0x0000000018990000] [id=4992]

VM state:not at safepoint (normal execution)

VM Mutex/Monitor currently owned by a thread: None

Heap:
 PSYoungGen      total 36864K, used 22478K [0x00000000eab00000, 0x00000000ed400000, 0x0000000100000000)
  eden space 31744K, 70% used [0x00000000eab00000,0x00000000ec0f3b18,0x00000000eca00000)
  from space 5120K, 0% used [0x00000000ecf00000,0x00000000ecf00000,0x00000000ed400000)
  to   space 5120K, 0% used [0x00000000eca00000,0x00000000eca00000,0x00000000ecf00000)
 ParOldGen       total 84992K, used 0K [0x00000000c0000000, 0x00000000c5300000, 0x00000000eab00000)
  object space 84992K, 0% used [0x00000000c0000000,0x00000000c0000000,0x00000000c5300000)
 Metaspace       used 5692K, capacity 6768K, committed 7040K, reserved 1056768K
  class space    used 584K, capacity 616K, committed 640K, reserved 1048576K

Card table byte_map: [0x0000000012600000,0x0000000012810000] byte_map_base: 0x0000000012000000

Marking Bits: (ParMarkBitMap*) 0x000000006ad0a6d0
 Begin Bits: [0x0000000013170000, 0x0000000014170000)
 End Bits:   [0x0000000014170000, 0x0000000015170000)

Polling page: 0x0000000002f90000

CodeCache: size=245760Kb used=3780Kb max_used=3780Kb free=241979Kb
 bounds [0x0000000003240000, 0x0000000003600000, 0x0000000012240000]
 total_blobs=1214 nmethods=950 adapters=177
 compilation: enabled

Compilation events (10 events):
Event: 0.578 Thread 0x0000000017ccb800  951       3       com.android.dx.ssa.SsaInsn::getLocalAssignment (24 bytes)
Event: 0.578 Thread 0x0000000017ccb800 nmethod 951 0x00000000035e8e50 code [0x00000000035e8fc0, 0x00000000035e9250]
Event: 0.578 Thread 0x0000000017ccb800  950       3       java.util.TreeMap::get (19 bytes)
Event: 0.579 Thread 0x0000000017ccb800 nmethod 950 0x00000000035f34d0 code [0x00000000035f3640, 0x00000000035f38a8]
Event: 0.579 Thread 0x0000000017ccb800  955       3       java.util.TreeMap$PrivateEntryIterator::hasNext (13 bytes)
Event: 0.579 Thread 0x0000000017ccb800 nmethod 955 0x00000000035f3990 code [0x00000000035f3ae0, 0x00000000035f3c90]
Event: 0.579 Thread 0x0000000017ccb800  959       3       com.android.dx.rop.code.PlainCstInsn::<init> (30 bytes)
Event: 0.579 Thread 0x0000000017ccb800 nmethod 959 0x00000000035f3d10 code [0x00000000035f3ec0, 0x00000000035f4388]
Event: 0.579 Thread 0x0000000017ccb800  958       1       com.android.dx.ssa.back.FirstFitLocalCombiningAllocator$Multiset::getSize (5 bytes)
Event: 0.579 Thread 0x0000000017ccb800 nmethod 958 0x00000000035cb490 code [0x00000000035cb5e0, 0x00000000035cb6f0]

GC Heap History (0 events):
No events

Deoptimization events (5 events):
Event: 0.325 Thread 0x0000000017f81000 Uncommon trap: reason=unstable_if action=reinterpret pc=0x00000000034178e8 method=java.util.HashMap.getNode(ILjava/lang/Object;)Ljava/util/HashMap$Node; @ 129
Event: 0.330 Thread 0x0000000017f81000 Uncommon trap: reason=unstable_if action=reinterpret pc=0x0000000003417e70 method=java.util.BitSet.nextSetBit(I)I @ 87
Event: 0.382 Thread 0x0000000017f9e800 Uncommon trap: reason=unstable_if action=reinterpret pc=0x0000000003418974 method=java.util.BitSet.ensureCapacity(I)V @ 6
Event: 0.549 Thread 0x0000000017f9b800 Uncommon trap: reason=null_check action=make_not_entrant pc=0x00000000034d9fbc method=com.android.dx.ssa.SsaRenamer.getLocalForNewReg(I)Lcom/android/dx/rop/code/LocalItem; @ 19
Event: 0.549 Thread 0x0000000017f9b800 Uncommon trap: reason=null_check action=make_not_entrant pc=0x00000000034c2d70 method=com.android.dx.ssa.SsaRenamer.getLocalForNewReg(I)Lcom/android/dx/rop/code/LocalItem; @ 19

Internal exceptions (4 events):
Event: 0.035 Thread 0x0000000003141000 Exception <a 'java/lang/NoSuchMethodError': Method sun.misc.Unsafe.defineClass(Ljava/lang/String;[BII)Ljava/lang/Class; name or signature does not match> (0x00000000eab07cc0) thrown at [C:\re\workspace\8-2-build-windows-amd64-cygwin\jdk8u101\7261\hotspot\sG{³Öç¡?
Event: 0.035 Thread 0x0000000003141000 Exception <a 'java/lang/NoSuchMethodError': Method sun.misc.Unsafe.prefetchRead(Ljava/lang/Object;J)V name or signature does not match> (0x00000000eab07fa8) thrown at [C:\re\workspace\8-2-build-windows-amd64-cygwin\jdk8u101\7261\hotspot\src\share\vm\prims\Ä+(3“á?
Event: 0.549 Thread 0x0000000017f9b800 Implicit null exception at 0x00000000034d8230 to 0x00000000034d9f71
Event: 0.549 Thread 0x0000000017f9b800 Implicit null exception at 0x00000000034c11b1 to 0x00000000034c2d4d

Events (10 events):
Event: 0.389 loading class java/util/HashMap$KeyIterator done
Event: 0.412 Thread 0x0000000017f81000 Thread exited: 0x0000000017f81000
Event: 0.435 Thread 0x0000000017e75000 Thread exited: 0x0000000017e75000
Event: 0.450 Thread 0x0000000017f9e800 Thread exited: 0x0000000017f9e800
Event: 0.549 Thread 0x0000000017f9b800 Uncommon trap: trap_request=0xfffffff4 fr.pc=0x00000000034d9fbc
Event: 0.549 Thread 0x0000000017f9b800 DEOPT PACKING pc=0x00000000034d9fbc sp=0x0000000018d8e6d0
Event: 0.549 Thread 0x0000000017f9b800 DEOPT UNPACKING pc=0x000000000328582a sp=0x0000000018d8e538 mode 2
Event: 0.549 Thread 0x0000000017f9b800 Uncommon trap: trap_request=0xfffffff4 fr.pc=0x00000000034c2d70
Event: 0.549 Thread 0x0000000017f9b800 DEOPT PACKING pc=0x00000000034c2d70 sp=0x0000000018d8e670
Event: 0.549 Thread 0x0000000017f9b800 DEOPT UNPACKING pc=0x000000000328582a sp=0x0000000018d8e528 mode 2


Dynamic libraries:
0x00007ff702790000 - 0x00007ff7027c7000 	C:\Program Files\Java\jdk1.8.0_101\bin\java.exe
0x00007ffa95680000 - 0x00007ffa95851000 	C:\WINDOWS\SYSTEM32\ntdll.dll
0x00007ffa93940000 - 0x00007ffa939eb000 	C:\WINDOWS\System32\KERNEL32.DLL
0x00007ffa92510000 - 0x00007ffa9272d000 	C:\WINDOWS\System32\KERNELBASE.dll
0x00007ffa93890000 - 0x00007ffa93932000 	C:\WINDOWS\System32\ADVAPI32.dll
0x00007ffa92c20000 - 0x00007ffa92cbe000 	C:\WINDOWS\System32\msvcrt.dll
0x00007ffa95620000 - 0x00007ffa95679000 	C:\WINDOWS\System32\sechost.dll
0x00007ffa92ed0000 - 0x00007ffa92ff1000 	C:\WINDOWS\System32\RPCRT4.dll
0x00007ffa93a90000 - 0x00007ffa93bf5000 	C:\WINDOWS\System32\USER32.dll
0x00007ffa929b0000 - 0x00007ffa929ce000 	C:\WINDOWS\System32\win32u.dll
0x00007ffa95310000 - 0x00007ffa95344000 	C:\WINDOWS\System32\GDI32.dll
0x00007ffa92a80000 - 0x00007ffa92c02000 	C:\WINDOWS\System32\gdi32full.dll
0x00007ffa8dc10000 - 0x00007ffa8de89000 	C:\WINDOWS\WinSxS\amd64_microsoft.windows.common-controls_6595b64144ccf1df_6.0.14393.0_none_2d0f50fcbdb171b8\COMCTL32.dll
0x00007ffa95350000 - 0x00007ffa95617000 	C:\WINDOWS\System32\combase.dll
0x00007ffa91c10000 - 0x00007ffa91d05000 	C:\WINDOWS\System32\ucrtbase.dll
0x00007ffa91d10000 - 0x00007ffa91d7a000 	C:\WINDOWS\System32\bcryptPrimitives.dll
0x00007ffa951a0000 - 0x00007ffa951ce000 	C:\WINDOWS\System32\IMM32.DLL
0x0000000069950000 - 0x0000000069a22000 	C:\Program Files\Java\jdk1.8.0_101\jre\bin\msvcr100.dll
0x000000006a4f0000 - 0x000000006ad8a000 	C:\Program Files\Java\jdk1.8.0_101\jre\bin\server\jvm.dll
0x00007ffa92c10000 - 0x00007ffa92c18000 	C:\WINDOWS\System32\PSAPI.DLL
0x00007ffa85320000 - 0x00007ffa85329000 	C:\WINDOWS\SYSTEM32\WSOCK32.dll
0x00007ffa8de90000 - 0x00007ffa8de9a000 	C:\WINDOWS\SYSTEM32\VERSION.dll
0x00007ffa8ff00000 - 0x00007ffa8ff23000 	C:\WINDOWS\SYSTEM32\WINMM.dll
0x00007ffa93820000 - 0x00007ffa9388a000 	C:\WINDOWS\System32\WS2_32.dll
0x0000000001460000 - 0x000000000148b000 	C:\WINDOWS\SYSTEM32\WINMMBASE.dll
0x00007ffa92730000 - 0x00007ffa92772000 	C:\WINDOWS\System32\cfgmgr32.dll
0x000000006a4e0000 - 0x000000006a4ef000 	C:\Program Files\Java\jdk1.8.0_101\jre\bin\verify.dll
0x000000006a4b0000 - 0x000000006a4d9000 	C:\Program Files\Java\jdk1.8.0_101\jre\bin\java.dll
0x000000006a490000 - 0x000000006a4a6000 	C:\Program Files\Java\jdk1.8.0_101\jre\bin\zip.dll
0x00007ffa93c00000 - 0x00007ffa95108000 	C:\WINDOWS\System32\SHELL32.dll
0x00007ffa91e30000 - 0x00007ffa9250a000 	C:\WINDOWS\System32\windows.storage.dll
0x00007ffa91ba0000 - 0x00007ffa91bec000 	C:\WINDOWS\System32\powrprof.dll
0x00007ffa95140000 - 0x00007ffa95192000 	C:\WINDOWS\System32\shlwapi.dll
0x00007ffa91bf0000 - 0x00007ffa91bff000 	C:\WINDOWS\System32\kernel.appcore.dll
0x00007ffa929d0000 - 0x00007ffa92a79000 	C:\WINDOWS\System32\shcore.dll
0x00007ffa91b80000 - 0x00007ffa91b94000 	C:\WINDOWS\System32\profapi.dll

VM Arguments:
jvm_args: -Djava.awt.headless=true -Xmx1024M -Dfile.encoding=GBK -Duser.country=CN -Duser.language=zh -Duser.variant 
java_command: com.android.dx.command.Main --dex --force-jumbo --num-threads=4 --multi-dex --output F:\developer\android_workspace\CubeCare3.0\app\build\intermediates\transforms\dex\debug\folders\1000\5\slice_6 F:\developer\android_workspace\CubeCare3.0\app\build\intermediates\transforms\instantRunSlicer\debug\folders\1\5\slice_6
java_class_path (initial): C:\Users\panho\AppData\Local\Android\Sdk\build-tools\24.0.1\lib\dx.jar
Launcher Type: SUN_STANDARD

Environment Variables:
JAVA_HOME=C:\Program Files\Java\jdk1.8.0_101
PATH=F:\app\panho\product\11.2.0\dbhome_1\bin;C:\ProgramData\Oracle\Java\javapath;C:\WINDOWS\system32;C:\WINDOWS;C:\WINDOWS\System32\Wbem;C:\WINDOWS\System32\WindowsPowerShell\v1.0\;C:\Windows\System32\pan;C:\Program Files\Java\jdk1.8.0_101\bin;C:\Program Files\Java\jre1.8.0_101\bin;C:\Program Files (x86)\GtkSharp\2.12\bin;C:\Users\panho\.app\;%USERPROFILE%\AppData\Local\Microsoft\WindowsApps;
USERNAME=panho
OS=Windows_NT
PROCESSOR_IDENTIFIER=Intel64 Family 6 Model 60 Stepping 3, GenuineIntel



---------------  S Y S T E M  ---------------

OS: Windows 10.0 , 64 bit Build 14393 (10.0.14393.0)

CPU:total 8 (4 cores per cpu, 2 threads per core) family 6 model 60 stepping 3, cmov, cx8, fxsr, mmx, sse, sse2, sse3, ssse3, sse4.1, sse4.2, popcnt, avx, avx2, aes, clmul, erms, lzcnt, ht, tsc, tscinvbit, bmi1, bmi2

Memory: 4k page, physical 8067492k(1246924k free), swap 8067492k(5288k free)

vm_info: Java HotSpot(TM) 64-Bit Server VM (25.101-b13) for windows-amd64 JRE (1.8.0_101-b13), built on Jun 22 2016 01:21:29 by "java_re" with MS VC++ 10.0 (VS2010)

time: Tue Sep 13 10:39:46 2016
elapsed time: 0 seconds (0d 0h 0m 0s)

