#
# There is insufficient memory for the Java Runtime Environment to continue.
# Native memory allocation (malloc) failed to allocate 82496 bytes for Chunk::new
# Possible reasons:
#   The system is out of physical RAM or swap space
#   In 32 bit mode, the process size limit was hit
# Possible solutions:
#   Reduce memory load on the system
#   Increase physical memory or swap space
#   Check if swap backing store is full
#   Use 64 bit Java on a 64 bit OS
#   Decrease Java heap size (-Xmx/-Xms)
#   Decrease number of Java threads
#   Decrease Java thread stack sizes (-Xss)
#   Set larger code cache with -XX:ReservedCodeCacheSize=
# This output file may be truncated or incomplete.
#
#  Out of Memory Error (allocation.cpp:390), pid=6704, tid=0x00000000000011fc
#
# JRE version: Java(TM) SE Runtime Environment (8.0_101-b13) (build 1.8.0_101-b13)
# Java VM: Java HotSpot(TM) 64-Bit Server VM (25.101-b13 mixed mode windows-amd64 compressed oops)
# Failed to write core dump. Minidumps are not enabled by default on client versions of Windows
#

---------------  T H R E A D  ---------------

Current thread (0x0000000017f7b000):  JavaThread "C2 CompilerThread1" daemon [_thread_in_native, id=4604, stack(0x0000000018750000,0x0000000018850000)]

Stack: [0x0000000018750000,0x0000000018850000]
[error occurred during error reporting (printing stack bounds), id 0xc0000005]

Native frames: (J=compiled Java code, j=interpreted, Vv=VM code, C=native code)


Current CompileTask:
C2:    642  272       4       java.lang.String::replace (127 bytes)


---------------  P R O C E S S  ---------------

Java Threads: ( => current thread )
  0x00000000181f4800 JavaThread "pool-2-thread-4" [_thread_blocked, id=11612, stack(0x0000000019050000,0x0000000019150000)]
  0x0000000018130800 JavaThread "pool-2-thread-3" [_thread_blocked, id=8784, stack(0x0000000018f50000,0x0000000019050000)]
  0x0000000018125000 JavaThread "pool-2-thread-2" [_thread_in_vm, id=12536, stack(0x0000000018e50000,0x0000000018f50000)]
  0x00000000180c6000 JavaThread "pool-3-thread-1" [_thread_blocked, id=7140, stack(0x0000000018d50000,0x0000000018e50000)]
  0x00000000180bc000 JavaThread "pool-2-thread-1" [_thread_blocked, id=6344, stack(0x0000000018c50000,0x0000000018d50000)]
  0x0000000018022000 JavaThread "Service Thread" daemon [_thread_blocked, id=5416, stack(0x0000000018a50000,0x0000000018b50000)]
  0x0000000017f83000 JavaThread "C1 CompilerThread3" daemon [_thread_blocked, id=3924, stack(0x0000000018950000,0x0000000018a50000)]
  0x0000000017f80000 JavaThread "C2 CompilerThread2" daemon [_thread_blocked, id=10340, stack(0x0000000018850000,0x0000000018950000)]
=>0x0000000017f7b000 JavaThread "C2 CompilerThread1" daemon [_thread_in_native, id=4604, stack(0x0000000018750000,0x0000000018850000)]
  0x000000001602e000 JavaThread "C2 CompilerThread0" daemon [_thread_blocked, id=5996, stack(0x0000000018650000,0x0000000018750000)]
  0x0000000017f77800 JavaThread "Attach Listener" daemon [_thread_blocked, id=11920, stack(0x0000000018550000,0x0000000018650000)]
  0x0000000017f76800 JavaThread "Signal Dispatcher" daemon [_thread_blocked, id=10684, stack(0x0000000018450000,0x0000000018550000)]
  0x00000000034dd800 JavaThread "Finalizer" daemon [_thread_blocked, id=13084, stack(0x00000000182f0000,0x00000000183f0000)]
  0x00000000034d7000 JavaThread "Reference Handler" daemon [_thread_blocked, id=10436, stack(0x0000000017df0000,0x0000000017ef0000)]
  0x00000000033e1000 JavaThread "main" [_thread_in_vm, id=6784, stack(0x00000000032e0000,0x00000000033e0000)]

Other Threads:
  0x0000000016019000 VMThread [stack: 0x0000000017cf0000,0x0000000017df0000] [id=9240]
  0x0000000018053800 WatcherThread [stack: 0x0000000018b50000,0x0000000018c50000] [id=8248]

VM state:not at safepoint (normal execution)

VM Mutex/Monitor currently owned by a thread: None

Heap:
 PSYoungGen      total 36864K, used 9524K [0x00000000eab00000, 0x00000000ed400000, 0x0000000100000000)
  eden space 31744K, 30% used [0x00000000eab00000,0x00000000eb44d0a8,0x00000000eca00000)
  from space 5120K, 0% used [0x00000000ecf00000,0x00000000ecf00000,0x00000000ed400000)
  to   space 5120K, 0% used [0x00000000eca00000,0x00000000eca00000,0x00000000ecf00000)
 ParOldGen       total 84992K, used 0K [0x00000000c0000000, 0x00000000c5300000, 0x00000000eab00000)
  object space 84992K, 0% used [0x00000000c0000000,0x00000000c0000000,0x00000000c5300000)
 Metaspace       used 4368K, capacity 5584K, committed 5760K, reserved 1056768K
  class space    used 487K, capacity 520K, committed 640K, reserved 1048576K

Card table byte_map: [0x00000000128a0000,0x0000000012ab0000] byte_map_base: 0x00000000122a0000

Marking Bits: (ParMarkBitMap*) 0x000000006ad0a6d0
 Begin Bits: [0x0000000013410000, 0x0000000014410000)
 End Bits:   [0x0000000014410000, 0x0000000015410000)

Polling page: 0x0000000002f40000

CodeCache: size=245760Kb used=1740Kb max_used=1751Kb free=244019Kb
 bounds [0x00000000034e0000, 0x0000000003750000, 0x00000000124e0000]
 total_blobs=529 nmethods=273 adapters=169
 compilation: enabled

Compilation events (10 events):
Event: 0.633 Thread 0x0000000017f83000  271       3       com.android.dx.util.IntList::growIfNeeded (46 bytes)
Event: 0.633 Thread 0x0000000017f83000 nmethod 271 0x000000000368fb90 code [0x000000000368fd00, 0x0000000003690028]
Event: 0.633 Thread 0x0000000017f83000  265       3       java.util.jar.JarFile::maybeInstantiateVerifier (96 bytes)
Event: 0.634 Thread 0x0000000017f83000 nmethod 265 0x000000000368e5d0 code [0x000000000368e800, 0x000000000368f488]
Event: 0.634 Thread 0x0000000017f83000  266       3       java.security.CodeSource::getCertificates (98 bytes)
Event: 0.635 Thread 0x0000000017f83000 nmethod 266 0x0000000003691650 code [0x0000000003691880, 0x0000000003692458]
Event: 0.637 Thread 0x0000000017f7b000  272       4       java.lang.String::replace (127 bytes)
Event: 0.638 Thread 0x0000000017f83000  273   !   3       java.lang.ClassLoader::getPackage (118 bytes)
Event: 0.639 Thread 0x0000000017f80000  274       4       java.util.Arrays::copyOfRange (63 bytes)
Event: 0.639 Thread 0x0000000017f83000 nmethod 273 0x0000000003692890 code [0x0000000003692a60, 0x0000000003693568]

GC Heap History (0 events):
No events

Deoptimization events (0 events):
No events

Internal exceptions (2 events):
Event: 0.045 Thread 0x00000000033e1000 Exception <a 'java/lang/NoSuchMethodError': Method sun.misc.Unsafe.defineClass(Ljava/lang/String;[BII)Ljava/lang/Class; name or signature does not match> (0x00000000eab07cc0) thrown at [C:\re\workspace\8-2-build-windows-amd64-cygwin\jdk8u101\7261\hotspot\s«k›z#.§?
Event: 0.045 Thread 0x00000000033e1000 Exception <a 'java/lang/NoSuchMethodError': Method sun.misc.Unsafe.prefetchRead(Ljava/lang/Object;J)V name or signature does not match> (0x00000000eab07fa8) thrown at [C:\re\workspace\8-2-build-windows-amd64-cygwin\jdk8u101\7261\hotspot\src\share\vm\prims\

Events (10 events):
Event: 0.638 loading class com/android/dx/cf/code/Ropper$Subroutine
Event: 0.638 loading class com/android/dx/cf/code/Ropper$Subroutine done
Event: 0.638 loading class com/android/dx/cf/code/Ropper$CatchInfo
Event: 0.638 loading class com/android/dx/cf/code/Ropper$CatchInfo done
Event: 0.639 loading class com/android/dx/cf/code/LocalsArray
Event: 0.639 loading class com/android/dx/cf/code/LocalsArray done
Event: 0.639 loading class com/android/dx/cf/code/OneLocalsArray
Event: 0.639 loading class com/android/dx/cf/code/OneLocalsArray done
Event: 0.639 loading class com/android/dx/cf/code/LocalsArraySet
Event: 0.639 loading class com/android/dx/cf/code/LocalsArraySet done


Dynamic libraries:
0x00007ff702790000 - 0x00007ff7027c7000 	C:\Program Files\Java\jdk1.8.0_101\bin\java.exe
0x00007ffa95680000 - 0x00007ffa95851000 	C:\WINDOWS\SYSTEM32\ntdll.dll
0x00007ffa93940000 - 0x00007ffa939eb000 	C:\WINDOWS\System32\KERNEL32.DLL
0x00007ffa92510000 - 0x00007ffa9272d000 	C:\WINDOWS\System32\KERNELBASE.dll
0x00007ffa93890000 - 0x00007ffa93932000 	C:\WINDOWS\System32\ADVAPI32.dll
0x00007ffa92c20000 - 0x00007ffa92cbe000 	C:\WINDOWS\System32\msvcrt.dll
0x00007ffa95620000 - 0x00007ffa95679000 	C:\WINDOWS\System32\sechost.dll
0x00007ffa92ed0000 - 0x00007ffa92ff1000 	C:\WINDOWS\System32\RPCRT4.dll
0x00007ffa93a90000 - 0x00007ffa93bf5000 	C:\WINDOWS\System32\USER32.dll
0x00007ffa929b0000 - 0x00007ffa929ce000 	C:\WINDOWS\System32\win32u.dll
0x00007ffa95310000 - 0x00007ffa95344000 	C:\WINDOWS\System32\GDI32.dll
0x00007ffa92a80000 - 0x00007ffa92c02000 	C:\WINDOWS\System32\gdi32full.dll
0x00007ffa8dc10000 - 0x00007ffa8de89000 	C:\WINDOWS\WinSxS\amd64_microsoft.windows.common-controls_6595b64144ccf1df_6.0.14393.0_none_2d0f50fcbdb171b8\COMCTL32.dll
0x00007ffa95350000 - 0x00007ffa95617000 	C:\WINDOWS\System32\combase.dll
0x00007ffa91c10000 - 0x00007ffa91d05000 	C:\WINDOWS\System32\ucrtbase.dll
0x00007ffa91d10000 - 0x00007ffa91d7a000 	C:\WINDOWS\System32\bcryptPrimitives.dll
0x00007ffa951a0000 - 0x00007ffa951ce000 	C:\WINDOWS\System32\IMM32.DLL
0x0000000069950000 - 0x0000000069a22000 	C:\Program Files\Java\jdk1.8.0_101\jre\bin\msvcr100.dll
0x000000006a4f0000 - 0x000000006ad8a000 	C:\Program Files\Java\jdk1.8.0_101\jre\bin\server\jvm.dll
0x00007ffa92c10000 - 0x00007ffa92c18000 	C:\WINDOWS\System32\PSAPI.DLL
0x00007ffa85320000 - 0x00007ffa85329000 	C:\WINDOWS\SYSTEM32\WSOCK32.dll
0x00007ffa93820000 - 0x00007ffa9388a000 	C:\WINDOWS\System32\WS2_32.dll
0x00007ffa8ff00000 - 0x00007ffa8ff23000 	C:\WINDOWS\SYSTEM32\WINMM.dll
0x00007ffa8de90000 - 0x00007ffa8de9a000 	C:\WINDOWS\SYSTEM32\VERSION.dll
0x00007ffa8fed0000 - 0x00007ffa8fefb000 	C:\WINDOWS\SYSTEM32\WINMMBASE.dll
0x00007ffa92730000 - 0x00007ffa92772000 	C:\WINDOWS\System32\cfgmgr32.dll
0x000000006a4e0000 - 0x000000006a4ef000 	C:\Program Files\Java\jdk1.8.0_101\jre\bin\verify.dll
0x000000006a4b0000 - 0x000000006a4d9000 	C:\Program Files\Java\jdk1.8.0_101\jre\bin\java.dll
0x000000006a490000 - 0x000000006a4a6000 	C:\Program Files\Java\jdk1.8.0_101\jre\bin\zip.dll
0x00007ffa93c00000 - 0x00007ffa95108000 	C:\WINDOWS\System32\SHELL32.dll
0x00007ffa91e30000 - 0x00007ffa9250a000 	C:\WINDOWS\System32\windows.storage.dll
0x00007ffa91ba0000 - 0x00007ffa91bec000 	C:\WINDOWS\System32\powrprof.dll
0x00007ffa95140000 - 0x00007ffa95192000 	C:\WINDOWS\System32\shlwapi.dll
0x00007ffa91bf0000 - 0x00007ffa91bff000 	C:\WINDOWS\System32\kernel.appcore.dll
0x00007ffa929d0000 - 0x00007ffa92a79000 	C:\WINDOWS\System32\shcore.dll
0x00007ffa91b80000 - 0x00007ffa91b94000 	C:\WINDOWS\System32\profapi.dll

VM Arguments:
jvm_args: -Djava.awt.headless=true -Xmx1024M -Dfile.encoding=GBK -Duser.country=CN -Duser.language=zh -Duser.variant 
java_command: com.android.dx.command.Main --dex --force-jumbo --num-threads=4 --multi-dex --output F:\developer\android_workspace\CubeCare3.0\app\build\intermediates\transforms\dex\debug\folders\1000\5\slice_3 F:\developer\android_workspace\CubeCare3.0\app\build\intermediates\transforms\instantRunSlicer\debug\folders\1\5\slice_3
java_class_path (initial): C:\Users\panho\AppData\Local\Android\Sdk\build-tools\24.0.1\lib\dx.jar
Launcher Type: SUN_STANDARD

Environment Variables:
JAVA_HOME=C:\Program Files\Java\jdk1.8.0_101
PATH=F:\app\panho\product\11.2.0\dbhome_1\bin;C:\ProgramData\Oracle\Java\javapath;C:\WINDOWS\system32;C:\WINDOWS;C:\WINDOWS\System32\Wbem;C:\WINDOWS\System32\WindowsPowerShell\v1.0\;C:\Windows\System32\pan;C:\Program Files\Java\jdk1.8.0_101\bin;C:\Program Files\Java\jre1.8.0_101\bin;C:\Program Files (x86)\GtkSharp\2.12\bin;C:\Users\panho\.app\;%USERPROFILE%\AppData\Local\Microsoft\WindowsApps;
USERNAME=panho
OS=Windows_NT
PROCESSOR_IDENTIFIER=Intel64 Family 6 Model 60 Stepping 3, GenuineIntel



---------------  S Y S T E M  ---------------

OS: Windows 10.0 , 64 bit Build 14393 (10.0.14393.0)

CPU:total 8 (4 cores per cpu, 2 threads per core) family 6 model 60 stepping 3, cmov, cx8, fxsr, mmx, sse, sse2, sse3, ssse3, sse4.1, sse4.2, popcnt, avx, avx2, aes, clmul, erms, lzcnt, ht, tsc, tscinvbit, bmi1, bmi2

Memory: 4k page, physical 8067492k(1256964k free), swap 8067492k(5072k free)

vm_info: Java HotSpot(TM) 64-Bit Server VM (25.101-b13) for windows-amd64 JRE (1.8.0_101-b13), built on Jun 22 2016 01:21:29 by "java_re" with MS VC++ 10.0 (VS2010)

time: Tue Sep 13 10:39:39 2016
elapsed time: 0 seconds (0d 0h 0m 0s)

