#
# There is insufficient memory for the Java Runtime Environment to continue.
# Native memory allocation (malloc) failed to allocate 286096 bytes for Chunk::new
# Possible reasons:
#   The system is out of physical RAM or swap space
#   In 32 bit mode, the process size limit was hit
# Possible solutions:
#   Reduce memory load on the system
#   Increase physical memory or swap space
#   Check if swap backing store is full
#   Use 64 bit Java on a 64 bit OS
#   Decrease Java heap size (-Xmx/-Xms)
#   Decrease number of Java threads
#   Decrease Java thread stack sizes (-Xss)
#   Set larger code cache with -XX:ReservedCodeCacheSize=
# This output file may be truncated or incomplete.
#
#  Out of Memory Error (allocation.cpp:390), pid=8248, tid=0x0000000000000434
#
# JRE version: Java(TM) SE Runtime Environment (8.0_101-b13) (build 1.8.0_101-b13)
# Java VM: Java HotSpot(TM) 64-Bit Server VM (25.101-b13 mixed mode windows-amd64 compressed oops)
# Failed to write core dump. Minidumps are not enabled by default on client versions of Windows
#

---------------  T H R E A D  ---------------

Current thread (0x00000000175ec000):  JavaThread "C2 CompilerThread2" daemon [_thread_in_native, id=1076, stack(0x0000000017e60000,0x0000000017f60000)]

Stack: [0x0000000017e60000,0x0000000017f60000]
[error occurred during error reporting (printing stack bounds), id 0xc0000005]

Native frames: (J=compiled Java code, j=interpreted, Vv=VM code, C=native code)


Current CompileTask:
C2:   1882 1274 %     4       com.android.dx.ssa.SsaMethod::deleteInsns @ 8 (239 bytes)


---------------  P R O C E S S  ---------------

Java Threads: ( => current thread )
  0x000000001788a000 JavaThread "pool-2-thread-4" [_thread_blocked, id=7232, stack(0x0000000018660000,0x0000000018760000)]
  0x00000000177f1000 JavaThread "pool-2-thread-3" [_thread_blocked, id=7124, stack(0x0000000018560000,0x0000000018660000)]
  0x0000000017794000 JavaThread "pool-2-thread-2" [_thread_blocked, id=4408, stack(0x0000000018460000,0x0000000018560000)]
  0x0000000017791000 JavaThread "pool-3-thread-1" [_thread_blocked, id=7296, stack(0x0000000018360000,0x0000000018460000)]
  0x000000001778a800 JavaThread "pool-2-thread-1" [_thread_in_Java, id=7640, stack(0x0000000018260000,0x0000000018360000)]
  0x000000001769b000 JavaThread "Service Thread" daemon [_thread_blocked, id=6696, stack(0x0000000018060000,0x0000000018160000)]
  0x00000000175f4800 JavaThread "C1 CompilerThread3" daemon [_thread_blocked, id=3992, stack(0x0000000017f60000,0x0000000018060000)]
=>0x00000000175ec000 JavaThread "C2 CompilerThread2" daemon [_thread_in_native, id=1076, stack(0x0000000017e60000,0x0000000017f60000)]
  0x00000000175ea000 JavaThread "C2 CompilerThread1" daemon [_thread_in_native, id=712, stack(0x0000000017d60000,0x0000000017e60000)]
  0x000000001568c800 JavaThread "C2 CompilerThread0" daemon [_thread_in_native, id=10192, stack(0x0000000017c60000,0x0000000017d60000)]
  0x00000000175e8800 JavaThread "Attach Listener" daemon [_thread_blocked, id=9432, stack(0x0000000017b60000,0x0000000017c60000)]
  0x00000000175e7800 JavaThread "Signal Dispatcher" daemon [_thread_blocked, id=8220, stack(0x0000000017a60000,0x0000000017b60000)]
  0x0000000017581800 JavaThread "Finalizer" daemon [_thread_blocked, id=8324, stack(0x0000000017960000,0x0000000017a60000)]
  0x0000000002b56000 JavaThread "Reference Handler" daemon [_thread_blocked, id=10084, stack(0x0000000017460000,0x0000000017560000)]
  0x0000000002a60800 JavaThread "main" [_thread_in_native, id=8252, stack(0x0000000002870000,0x0000000002970000)]

Other Threads:
  0x0000000015679800 VMThread [stack: 0x0000000017360000,0x0000000017460000] [id=7648]
  0x00000000176ca000 WatcherThread [stack: 0x0000000018160000,0x0000000018260000] [id=10052]

VM state:not at safepoint (normal execution)

VM Mutex/Monitor currently owned by a thread: None

Heap:
 PSYoungGen      total 36864K, used 20463K [0x00000000eab00000, 0x00000000ed400000, 0x0000000100000000)
  eden space 31744K, 48% used [0x00000000eab00000,0x00000000eba036b0,0x00000000eca00000)
  from space 5120K, 99% used [0x00000000eca00000,0x00000000ecef8910,0x00000000ecf00000)
  to   space 5120K, 0% used [0x00000000ecf00000,0x00000000ecf00000,0x00000000ed400000)
 ParOldGen       total 84992K, used 1855K [0x00000000c0000000, 0x00000000c5300000, 0x00000000eab00000)
  object space 84992K, 2% used [0x00000000c0000000,0x00000000c01cfc18,0x00000000c5300000)
 Metaspace       used 5856K, capacity 6896K, committed 7040K, reserved 1056768K
  class space    used 586K, capacity 616K, committed 640K, reserved 1048576K

Card table byte_map: [0x0000000011f20000,0x0000000012130000] byte_map_base: 0x0000000011920000

Marking Bits: (ParMarkBitMap*) 0x000000005a94a6d0
 Begin Bits: [0x0000000012a90000, 0x0000000013a90000)
 End Bits:   [0x0000000013a90000, 0x0000000014a90000)

Polling page: 0x0000000002490000

CodeCache: size=245760Kb used=5330Kb max_used=5330Kb free=240429Kb
 bounds [0x0000000002b60000, 0x00000000030a0000, 0x0000000011b60000]
 total_blobs=1560 nmethods=1296 adapters=177
 compilation: enabled

Compilation events (10 events):
Event: 1.852 Thread 0x00000000175f4800 1309       3       com.android.dx.ssa.SsaMethod::makeExitBlock (134 bytes)
Event: 1.854 Thread 0x00000000175f4800 nmethod 1309 0x0000000003094cd0 code [0x0000000003094f60, 0x0000000003095f68]
Event: 1.854 Thread 0x00000000175f4800 1310       3       com.android.dx.ssa.SCCP::<init> (142 bytes)
Event: 1.855 Thread 0x00000000175f4800 nmethod 1310 0x0000000003096890 code [0x0000000003096b00, 0x0000000003097c28]
Event: 1.855 Thread 0x00000000175f4800 1311       3       java.util.HashMap$EntryIterator::next (5 bytes)
Event: 1.855 Thread 0x00000000175f4800 nmethod 1311 0x0000000003098510 code [0x0000000003098680, 0x0000000003098968]
Event: 1.855 Thread 0x00000000175f4800 1312       3       java.util.HashMap$EntryIterator::next (5 bytes)
Event: 1.855 Thread 0x00000000175f4800 nmethod 1312 0x0000000003098a10 code [0x0000000003098b80, 0x0000000003098d88]
Event: 1.855 Thread 0x00000000175f4800 1314       1       com.android.dx.ssa.back.FirstFitLocalCombiningAllocator::wantsParamsMovedHigh (2 bytes)
Event: 1.855 Thread 0x00000000175f4800 nmethod 1314 0x0000000003098e10 code [0x0000000003098f60, 0x0000000003099070]

GC Heap History (2 events):
Event: 1.655 GC heap before
{Heap before GC invocations=1 (full 0):
 PSYoungGen      total 36864K, used 31744K [0x00000000eab00000, 0x00000000ed400000, 0x0000000100000000)
  eden space 31744K, 100% used [0x00000000eab00000,0x00000000eca00000,0x00000000eca00000)
  from space 5120K, 0% used [0x00000000ecf00000,0x00000000ecf00000,0x00000000ed400000)
  to   space 5120K, 0% used [0x00000000eca00000,0x00000000eca00000,0x00000000ecf00000)
 ParOldGen       total 84992K, used 0K [0x00000000c0000000, 0x00000000c5300000, 0x00000000eab00000)
  object space 84992K, 0% used [0x00000000c0000000,0x00000000c0000000,0x00000000c5300000)
 Metaspace       used 5777K, capacity 6832K, committed 7040K, reserved 1056768K
  class space    used 585K, capacity 616K, committed 640K, reserved 1048576K
Event: 1.739 GC heap after
Heap after GC invocations=1 (full 0):
 PSYoungGen      total 36864K, used 5090K [0x00000000eab00000, 0x00000000ed400000, 0x0000000100000000)
  eden space 31744K, 0% used [0x00000000eab00000,0x00000000eab00000,0x00000000eca00000)
  from space 5120K, 99% used [0x00000000eca00000,0x00000000ecef8910,0x00000000ecf00000)
  to   space 5120K, 0% used [0x00000000ecf00000,0x00000000ecf00000,0x00000000ed400000)
 ParOldGen       total 84992K, used 1855K [0x00000000c0000000, 0x00000000c5300000, 0x00000000eab00000)
  object space 84992K, 2% used [0x00000000c0000000,0x00000000c01cfc18,0x00000000c5300000)
 Metaspace       used 5777K, capacity 6832K, committed 7040K, reserved 1056768K
  class space    used 585K, capacity 616K, committed 640K, reserved 1048576K
}

Deoptimization events (10 events):
Event: 1.505 Thread 0x000000001778a800 Uncommon trap: reason=class_check action=maybe_recompile pc=0x0000000002e2d078 method=com.android.dx.rop.type.Type.equals(Ljava/lang/Object;)Z @ 8
Event: 1.505 Thread 0x000000001778a800 Uncommon trap: reason=class_check action=maybe_recompile pc=0x0000000002e2d078 method=com.android.dx.rop.type.Type.equals(Ljava/lang/Object;)Z @ 8
Event: 1.506 Thread 0x000000001778a800 Uncommon trap: reason=unstable_if action=reinterpret pc=0x0000000002ecc4b8 method=com.android.dx.cf.code.Ropper.labelToResultIndex(I)I @ 34
Event: 1.545 Thread 0x000000001778a800 Uncommon trap: reason=unstable_if action=reinterpret pc=0x0000000002fac308 method=com.android.dx.util.LabeledList.set(ILcom/android/dx/util/LabeledItem;)V @ 16
Event: 1.550 Thread 0x000000001778a800 Uncommon trap: reason=unstable_if action=reinterpret pc=0x0000000002ddbe38 method=java.util.BitSet.ensureCapacity(I)V @ 6
Event: 1.591 Thread 0x0000000002a60800 Uncommon trap: reason=unloaded action=reinterpret pc=0x0000000002d926fc method=com.android.dx.cf.cst.ConstantPoolParser.parse0(ILjava/util/BitSet;)Lcom/android/dx/rop/cst/Constant; @ 198
Event: 1.750 Thread 0x00000000177f1000 Uncommon trap: reason=class_check action=maybe_recompile pc=0x000000000303081c method=com.android.dx.ssa.NormalSsaInsn.accept(Lcom/android/dx/ssa/SsaInsn$Visitor;)V @ 9
Event: 1.750 Thread 0x00000000177f1000 Uncommon trap: reason=class_check action=maybe_recompile pc=0x000000000303081c method=com.android.dx.ssa.NormalSsaInsn.accept(Lcom/android/dx/ssa/SsaInsn$Visitor;)V @ 9
Event: 1.778 Thread 0x00000000177f1000 Uncommon trap: reason=unstable_if action=reinterpret pc=0x0000000002f152cc method=com.android.dx.dex.code.OutputFinisher.hasLocalInfo(Lcom/android/dx/dex/code/DalvInsn;)Z @ 24
Event: 1.780 Thread 0x00000000177f1000 Uncommon trap: reason=unstable_if action=reinterpret pc=0x0000000002efccf8 method=com.android.dx.dex.code.OutputFinisher.hasLocalInfo(Lcom/android/dx/dex/code/DalvInsn;)Z @ 24

Internal exceptions (3 events):
Event: 0.098 Thread 0x0000000002a60800 Exception <a 'java/lang/NoSuchMethodError': Method sun.misc.Unsafe.defineClass(Ljava/lang/String;[BII)Ljava/lang/Class; name or signature does not match> (0x00000000eab07cc0) thrown at [C:\re\workspace\8-2-build-windows-amd64-cygwin\jdk8u101\7261\hotspot\s(„÷Há!π?
Event: 0.098 Thread 0x0000000002a60800 Exception <a 'java/lang/NoSuchMethodError': Method sun.misc.Unsafe.prefetchRead(Ljava/lang/Object;J)V name or signature does not match> (0x00000000eab07fa8) thrown at [C:\re\workspace\8-2-build-windows-amd64-cygwin\jdk8u101\7261\hotspot\src\share\vm\prims\è›°rˆ∆˜?
Event: 1.486 Thread 0x00000000177f1000 Implicit null exception at 0x0000000002e2d99c to 0x0000000002e2ef31

Events (10 events):
Event: 1.750 Thread 0x00000000177f1000 DEOPT UNPACKING pc=0x0000000002ba582a sp=0x000000001865e610 mode 2
Event: 1.750 Thread 0x00000000177f1000 Uncommon trap: trap_request=0xffffffde fr.pc=0x000000000303081c
Event: 1.750 Thread 0x00000000177f1000 DEOPT PACKING pc=0x000000000303081c sp=0x000000001865e660
Event: 1.750 Thread 0x00000000177f1000 DEOPT UNPACKING pc=0x0000000002ba582a sp=0x000000001865e610 mode 2
Event: 1.778 Thread 0x00000000177f1000 Uncommon trap: trap_request=0xffffff65 fr.pc=0x0000000002f152cc
Event: 1.778 Thread 0x00000000177f1000 DEOPT PACKING pc=0x0000000002f152cc sp=0x000000001865e840
Event: 1.778 Thread 0x00000000177f1000 DEOPT UNPACKING pc=0x0000000002ba582a sp=0x000000001865e758 mode 2
Event: 1.780 Thread 0x00000000177f1000 Uncommon trap: trap_request=0xffffff65 fr.pc=0x0000000002efccf8
Event: 1.780 Thread 0x00000000177f1000 DEOPT PACKING pc=0x0000000002efccf8 sp=0x000000001865e7f0
Event: 1.780 Thread 0x00000000177f1000 DEOPT UNPACKING pc=0x0000000002ba582a sp=0x000000001865e770 mode 2


Dynamic libraries:
0x00007ff667480000 - 0x00007ff6674b7000 	C:\Program Files\Java\jdk1.8.0_101\bin\java.exe
0x00007ffa36890000 - 0x00007ffa36a61000 	C:\WINDOWS\SYSTEM32\ntdll.dll
0x00007ffa34af0000 - 0x00007ffa34b9b000 	C:\WINDOWS\System32\KERNEL32.DLL
0x00007ffa32fd0000 - 0x00007ffa331ed000 	C:\WINDOWS\System32\KERNELBASE.dll
0x00007ffa34000000 - 0x00007ffa340a2000 	C:\WINDOWS\System32\ADVAPI32.dll
0x00007ffa34180000 - 0x00007ffa3421e000 	C:\WINDOWS\System32\msvcrt.dll
0x00007ffa352b0000 - 0x00007ffa35309000 	C:\WINDOWS\System32\sechost.dll
0x00007ffa34920000 - 0x00007ffa34a41000 	C:\WINDOWS\System32\RPCRT4.dll
0x00007ffa347b0000 - 0x00007ffa34915000 	C:\WINDOWS\System32\USER32.dll
0x00007ffa334f0000 - 0x00007ffa3350e000 	C:\WINDOWS\System32\win32u.dll
0x00007ffa33e30000 - 0x00007ffa33e64000 	C:\WINDOWS\System32\GDI32.dll
0x00007ffa331f0000 - 0x00007ffa33372000 	C:\WINDOWS\System32\gdi32full.dll
0x00007ffa2e0c0000 - 0x00007ffa2e339000 	C:\WINDOWS\WinSxS\amd64_microsoft.windows.common-controls_6595b64144ccf1df_6.0.14393.0_none_2d0f50fcbdb171b8\COMCTL32.dll
0x00007ffa34ba0000 - 0x00007ffa34e67000 	C:\WINDOWS\System32\combase.dll
0x00007ffa32e20000 - 0x00007ffa32f15000 	C:\WINDOWS\System32\ucrtbase.dll
0x00007ffa33480000 - 0x00007ffa334ea000 	C:\WINDOWS\System32\bcryptPrimitives.dll
0x00007ffa33fd0000 - 0x00007ffa33ffe000 	C:\WINDOWS\System32\IMM32.DLL
0x0000000059f20000 - 0x0000000059ff2000 	C:\Program Files\Java\jdk1.8.0_101\jre\bin\msvcr100.dll
0x000000005a130000 - 0x000000005a9ca000 	C:\Program Files\Java\jdk1.8.0_101\jre\bin\server\jvm.dll
0x00007ffa34170000 - 0x00007ffa34178000 	C:\WINDOWS\System32\PSAPI.DLL
0x00007ffa2e3e0000 - 0x00007ffa2e3ea000 	C:\WINDOWS\SYSTEM32\VERSION.dll
0x00007ffa31000000 - 0x00007ffa31023000 	C:\WINDOWS\SYSTEM32\WINMM.dll
0x00007ffa2f1b0000 - 0x00007ffa2f1b9000 	C:\WINDOWS\SYSTEM32\WSOCK32.dll
0x00007ffa36820000 - 0x00007ffa3688a000 	C:\WINDOWS\System32\WS2_32.dll
0x00007ffa30fd0000 - 0x00007ffa30ffb000 	C:\WINDOWS\SYSTEM32\WINMMBASE.dll
0x00007ffa33430000 - 0x00007ffa33472000 	C:\WINDOWS\System32\cfgmgr32.dll
0x000000005afe0000 - 0x000000005afef000 	C:\Program Files\Java\jdk1.8.0_101\jre\bin\verify.dll
0x000000005afb0000 - 0x000000005afd9000 	C:\Program Files\Java\jdk1.8.0_101\jre\bin\java.dll
0x000000005af90000 - 0x000000005afa6000 	C:\Program Files\Java\jdk1.8.0_101\jre\bin\zip.dll
0x00007ffa35310000 - 0x00007ffa36818000 	C:\WINDOWS\System32\SHELL32.dll
0x00007ffa33510000 - 0x00007ffa33bea000 	C:\WINDOWS\System32\windows.storage.dll
0x00007ffa32dc0000 - 0x00007ffa32e0c000 	C:\WINDOWS\System32\powrprof.dll
0x00007ffa34370000 - 0x00007ffa343c2000 	C:\WINDOWS\System32\shlwapi.dll
0x00007ffa32db0000 - 0x00007ffa32dbf000 	C:\WINDOWS\System32\kernel.appcore.dll
0x00007ffa33380000 - 0x00007ffa33429000 	C:\WINDOWS\System32\shcore.dll
0x00007ffa32d90000 - 0x00007ffa32da4000 	C:\WINDOWS\System32\profapi.dll

VM Arguments:
jvm_args: -Djava.awt.headless=true -Xmx1024M -Dfile.encoding=GBK -Duser.country=CN -Duser.language=zh -Duser.variant 
java_command: com.android.dx.command.Main --dex --force-jumbo --num-threads=4 --multi-dex --output F:\developer\android_workspace\CubeCare3.0\app\build\intermediates\transforms\dex\debug\folders\1000\5\slice_0 F:\developer\android_workspace\CubeCare3.0\app\build\intermediates\transforms\instantRunSlicer\debug\folders\1\5\slice_0
java_class_path (initial): C:\Users\panho\AppData\Local\Android\Sdk\build-tools\24.0.1\lib\dx.jar
Launcher Type: SUN_STANDARD

Environment Variables:
JAVA_HOME=C:\Program Files\Java\jdk1.8.0_101
PATH=F:\app\panho\product\11.2.0\dbhome_1\bin;C:\ProgramData\Oracle\Java\javapath;C:\WINDOWS\system32;C:\WINDOWS;C:\WINDOWS\System32\Wbem;C:\WINDOWS\System32\WindowsPowerShell\v1.0\;C:\Windows\System32\pan;C:\Program Files\Java\jdk1.8.0_101\bin;C:\Program Files\Java\jre1.8.0_101\bin;C:\Users\panho\.app\;%USERPROFILE%\AppData\Local\Microsoft\WindowsApps;
USERNAME=panho
OS=Windows_NT
PROCESSOR_IDENTIFIER=Intel64 Family 6 Model 60 Stepping 3, GenuineIntel



---------------  S Y S T E M  ---------------

OS: Windows 10.0 , 64 bit Build 14393 (10.0.14393.0)

CPU:total 8 (4 cores per cpu, 2 threads per core) family 6 model 60 stepping 3, cmov, cx8, fxsr, mmx, sse, sse2, sse3, ssse3, sse4.1, sse4.2, popcnt, avx, avx2, aes, clmul, erms, lzcnt, ht, tsc, tscinvbit, bmi1, bmi2

Memory: 4k page, physical 8067492k(1758052k free), swap 8067492k(5140k free)

vm_info: Java HotSpot(TM) 64-Bit Server VM (25.101-b13) for windows-amd64 JRE (1.8.0_101-b13), built on Jun 22 2016 01:21:29 by "java_re" with MS VC++ 10.0 (VS2010)

time: Mon Sep 12 11:26:17 2016
elapsed time: 1 seconds (0d 0h 0m 1s)

