#
# There is insufficient memory for the Java Runtime Environment to continue.
# Native memory allocation (malloc) failed to allocate 32744 bytes for ChunkPool::allocate
# Possible reasons:
#   The system is out of physical RAM or swap space
#   In 32 bit mode, the process size limit was hit
# Possible solutions:
#   Reduce memory load on the system
#   Increase physical memory or swap space
#   Check if swap backing store is full
#   Use 64 bit Java on a 64 bit OS
#   Decrease Java heap size (-Xmx/-Xms)
#   Decrease number of Java threads
#   Decrease Java thread stack sizes (-Xss)
#   Set larger code cache with -XX:ReservedCodeCacheSize=
# This output file may be truncated or incomplete.
#
#  Out of Memory Error (allocation.cpp:273), pid=468, tid=0x000000000000217c
#
# JRE version: Java(TM) SE Runtime Environment (8.0_101-b13) (build 1.8.0_101-b13)
# Java VM: Java HotSpot(TM) 64-Bit Server VM (25.101-b13 mixed mode windows-amd64 compressed oops)
# Failed to write core dump. Minidumps are not enabled by default on client versions of Windows
#

---------------  T H R E A D  ---------------

Current thread (0x0000000017f2c800):  JavaThread "pool-2-thread-1" [_thread_in_vm, id=8572, stack(0x0000000018be0000,0x0000000018ce0000)]

Stack: [0x0000000018be0000,0x0000000018ce0000]
[error occurred during error reporting (printing stack bounds), id 0xc0000005]

Native frames: (J=compiled Java code, j=interpreted, Vv=VM code, C=native code)

Java frames: (J=compiled Java code, j=interpreted, Vv=VM code)
j  com.android.dx.dex.cf.CfTranslator.translate0(Lcom/android/dx/cf/direct/DirectClassFile;[BLcom/android/dx/dex/cf/CfOptions;Lcom/android/dx/dex/DexOptions;Lcom/android/dx/dex/file/DexFile;)Lcom/android/dx/dex/file/ClassDefItem;+69
j  com.android.dx.dex.cf.CfTranslator.translate(Lcom/android/dx/cf/direct/DirectClassFile;[BLcom/android/dx/dex/cf/CfOptions;Lcom/android/dx/dex/DexOptions;Lcom/android/dx/dex/file/DexFile;)Lcom/android/dx/dex/file/ClassDefItem;+6
j  com.android.dx.command.dexer.Main.translateClass([BLcom/android/dx/cf/direct/DirectClassFile;)Lcom/android/dx/dex/file/ClassDefItem;+17
j  com.android.dx.command.dexer.Main.access$2700([BLcom/android/dx/cf/direct/DirectClassFile;)Lcom/android/dx/dex/file/ClassDefItem;+2
j  com.android.dx.command.dexer.Main$ClassTranslatorTask.call()Lcom/android/dx/dex/file/ClassDefItem;+8
j  com.android.dx.command.dexer.Main$ClassTranslatorTask.call()Ljava/lang/Object;+1
j  java.util.concurrent.FutureTask.run()V+42
j  java.util.concurrent.ThreadPoolExecutor.runWorker(Ljava/util/concurrent/ThreadPoolExecutor$Worker;)V+95
j  java.util.concurrent.ThreadPoolExecutor$Worker.run()V+5
j  java.lang.Thread.run()V+11
v  ~StubRoutines::call_stub

---------------  P R O C E S S  ---------------

Java Threads: ( => current thread )
  0x0000000017f49000 JavaThread "pool-2-thread-4" [_thread_blocked, id=12372, stack(0x0000000018fe0000,0x00000000190e0000)]
  0x0000000017f40800 JavaThread "pool-2-thread-3" [_thread_blocked, id=2872, stack(0x0000000018ee0000,0x0000000018fe0000)]
  0x0000000017f3e000 JavaThread "pool-2-thread-2" [_thread_blocked, id=1168, stack(0x0000000018de0000,0x0000000018ee0000)]
  0x0000000017f2d000 JavaThread "pool-3-thread-1" [_thread_blocked, id=5116, stack(0x0000000018ce0000,0x0000000018de0000)]
=>0x0000000017f2c800 JavaThread "pool-2-thread-1" [_thread_in_vm, id=8572, stack(0x0000000018be0000,0x0000000018ce0000)]
  0x0000000017db7000 JavaThread "Service Thread" daemon [_thread_blocked, id=10500, stack(0x00000000187e0000,0x00000000188e0000)]
  0x0000000017d79800 JavaThread "C1 CompilerThread3" daemon [_thread_in_native, id=1940, stack(0x00000000186e0000,0x00000000187e0000)]
  0x0000000017d6f000 JavaThread "C2 CompilerThread2" daemon [_thread_blocked, id=11864, stack(0x00000000185e0000,0x00000000186e0000)]
  0x0000000015dfe000 JavaThread "C2 CompilerThread1" daemon [_thread_blocked, id=11036, stack(0x00000000184e0000,0x00000000185e0000)]
  0x0000000015dfc000 JavaThread "C2 CompilerThread0" daemon [_thread_blocked, id=6332, stack(0x00000000183e0000,0x00000000184e0000)]
  0x0000000017d68800 JavaThread "Attach Listener" daemon [_thread_blocked, id=9156, stack(0x00000000182e0000,0x00000000183e0000)]
  0x0000000017d67800 JavaThread "Signal Dispatcher" daemon [_thread_blocked, id=4488, stack(0x00000000181e0000,0x00000000182e0000)]
  0x00000000032ce000 JavaThread "Finalizer" daemon [_thread_blocked, id=11388, stack(0x00000000180e0000,0x00000000181e0000)]
  0x00000000032c7000 JavaThread "Reference Handler" daemon [_thread_blocked, id=9292, stack(0x0000000017be0000,0x0000000017ce0000)]
  0x00000000031d1000 JavaThread "main" [_thread_blocked, id=9176, stack(0x00000000030d0000,0x00000000031d0000)]

Other Threads:
  0x0000000015de9800 VMThread [stack: 0x0000000017ae0000,0x0000000017be0000] [id=10784]
  0x0000000017e74800 WatcherThread [stack: 0x00000000188e0000,0x00000000189e0000] [id=13296]

VM state:not at safepoint (normal execution)

VM Mutex/Monitor currently owned by a thread: None

Heap:
 PSYoungGen      total 36864K, used 8254K [0x00000000eab00000, 0x00000000ed400000, 0x0000000100000000)
  eden space 31744K, 26% used [0x00000000eab00000,0x00000000eb30fa60,0x00000000eca00000)
  from space 5120K, 0% used [0x00000000ecf00000,0x00000000ecf00000,0x00000000ed400000)
  to   space 5120K, 0% used [0x00000000eca00000,0x00000000eca00000,0x00000000ecf00000)
 ParOldGen       total 84992K, used 0K [0x00000000c0000000, 0x00000000c5300000, 0x00000000eab00000)
  object space 84992K, 0% used [0x00000000c0000000,0x00000000c0000000,0x00000000c5300000)
 Metaspace       used 4084K, capacity 5168K, committed 5376K, reserved 1058816K
  class space    used 456K, capacity 488K, committed 512K, reserved 1048576K

Card table byte_map: [0x0000000012690000,0x00000000128a0000] byte_map_base: 0x0000000012090000

Marking Bits: (ParMarkBitMap*) 0x000000006ad0a6d0
 Begin Bits: [0x0000000013200000, 0x0000000014200000)
 End Bits:   [0x0000000014200000, 0x0000000015200000)

Polling page: 0x0000000000df0000

CodeCache: size=245760Kb used=1476Kb max_used=1487Kb free=244283Kb
 bounds [0x00000000032d0000, 0x0000000003540000, 0x00000000122d0000]
 total_blobs=472 nmethods=211 adapters=174
 compilation: enabled

Compilation events (10 events):
Event: 0.329 Thread 0x0000000017d79800 nmethod 206 0x000000000343d3d0 code [0x000000000343d520, 0x000000000343d630]
Event: 0.329 Thread 0x0000000017d79800  205       1       com.android.dx.cf.direct.DirectClassFile::getBytes (5 bytes)
Event: 0.329 Thread 0x0000000017d79800 nmethod 205 0x0000000003443010 code [0x0000000003443160, 0x0000000003443270]
Event: 0.329 Thread 0x0000000017d79800  209       3       java.util.BitSet::wordIndex (5 bytes)
Event: 0.329 Thread 0x0000000017d79800 nmethod 209 0x0000000003442d10 code [0x0000000003442e60, 0x0000000003442f90]
Event: 0.329 Thread 0x0000000017d79800  210       3       com.android.dx.rop.cst.Constant::<init> (5 bytes)
Event: 0.329 Thread 0x0000000017d79800 nmethod 210 0x0000000003442950 code [0x0000000003442aa0, 0x0000000003442c50]
Event: 0.329 Thread 0x0000000017d79800  211   !   3       com.android.dx.cf.cst.ConstantPoolParser::parse0 (731 bytes)
Event: 0.329 Thread 0x0000000017d6f000  217       4       com.android.dx.util.ByteArray::getUnsignedByte (14 bytes)
Event: 0.330 Thread 0x0000000017d6f000 nmethod 217 0x0000000003441090 code [0x00000000034411e0, 0x00000000034412f8]

GC Heap History (0 events):
No events

Deoptimization events (0 events):
No events

Internal exceptions (2 events):
Event: 0.059 Thread 0x00000000031d1000 Exception <a 'java/lang/NoSuchMethodError': Method sun.misc.Unsafe.defineClass(Ljava/lang/String;[BII)Ljava/lang/Class; name or signature does not match> (0x00000000eab07cc0) thrown at [C:\re\workspace\8-2-build-windows-amd64-cygwin\jdk8u101\7261\hotspot\sM„üUÆ?
Event: 0.059 Thread 0x00000000031d1000 Exception <a 'java/lang/NoSuchMethodError': Method sun.misc.Unsafe.prefetchRead(Ljava/lang/Object;J)V name or signature does not match> (0x00000000eab07fa8) thrown at [C:\re\workspace\8-2-build-windows-amd64-cygwin\jdk8u101\7261\hotspot\src\share\vm\prims\

Events (10 events):
Event: 0.328 loading class com/android/dx/dex/file/EncodedArrayItem
Event: 0.328 loading class com/android/dx/dex/file/EncodedArrayItem done
Event: 0.328 loading class com/android/dx/dex/file/ClassDataItem
Event: 0.328 loading class com/android/dx/dex/file/ClassDataItem done
Event: 0.329 loading class com/android/dx/dex/file/AnnotationsDirectoryItem
Event: 0.329 loading class com/android/dx/dex/file/AnnotationsDirectoryItem done
Event: 0.330 loading class com/android/dx/dex/file/AnnotationSetItem
Event: 0.330 loading class com/android/dx/dex/file/AnnotationSetItem done
Event: 0.330 loading class com/android/dx/dex/cf/AttributeTranslator
Event: 0.330 loading class com/android/dx/dex/cf/AttributeTranslator done


Dynamic libraries:
0x00007ff702790000 - 0x00007ff7027c7000 	C:\Program Files\Java\jdk1.8.0_101\bin\java.exe
0x00007ffa95680000 - 0x00007ffa95851000 	C:\WINDOWS\SYSTEM32\ntdll.dll
0x00007ffa93940000 - 0x00007ffa939eb000 	C:\WINDOWS\System32\KERNEL32.DLL
0x00007ffa92510000 - 0x00007ffa9272d000 	C:\WINDOWS\System32\KERNELBASE.dll
0x00007ffa93890000 - 0x00007ffa93932000 	C:\WINDOWS\System32\ADVAPI32.dll
0x00007ffa92c20000 - 0x00007ffa92cbe000 	C:\WINDOWS\System32\msvcrt.dll
0x00007ffa95620000 - 0x00007ffa95679000 	C:\WINDOWS\System32\sechost.dll
0x00007ffa92ed0000 - 0x00007ffa92ff1000 	C:\WINDOWS\System32\RPCRT4.dll
0x00007ffa93a90000 - 0x00007ffa93bf5000 	C:\WINDOWS\System32\USER32.dll
0x00007ffa929b0000 - 0x00007ffa929ce000 	C:\WINDOWS\System32\win32u.dll
0x00007ffa95310000 - 0x00007ffa95344000 	C:\WINDOWS\System32\GDI32.dll
0x00007ffa92a80000 - 0x00007ffa92c02000 	C:\WINDOWS\System32\gdi32full.dll
0x00007ffa8dc10000 - 0x00007ffa8de89000 	C:\WINDOWS\WinSxS\amd64_microsoft.windows.common-controls_6595b64144ccf1df_6.0.14393.0_none_2d0f50fcbdb171b8\COMCTL32.dll
0x00007ffa95350000 - 0x00007ffa95617000 	C:\WINDOWS\System32\combase.dll
0x00007ffa91c10000 - 0x00007ffa91d05000 	C:\WINDOWS\System32\ucrtbase.dll
0x00007ffa91d10000 - 0x00007ffa91d7a000 	C:\WINDOWS\System32\bcryptPrimitives.dll
0x00007ffa951a0000 - 0x00007ffa951ce000 	C:\WINDOWS\System32\IMM32.DLL
0x0000000069950000 - 0x0000000069a22000 	C:\Program Files\Java\jdk1.8.0_101\jre\bin\msvcr100.dll
0x000000006a4f0000 - 0x000000006ad8a000 	C:\Program Files\Java\jdk1.8.0_101\jre\bin\server\jvm.dll
0x00007ffa92c10000 - 0x00007ffa92c18000 	C:\WINDOWS\System32\PSAPI.DLL
0x00007ffa85320000 - 0x00007ffa85329000 	C:\WINDOWS\SYSTEM32\WSOCK32.dll
0x00007ffa93820000 - 0x00007ffa9388a000 	C:\WINDOWS\System32\WS2_32.dll
0x00007ffa8ff00000 - 0x00007ffa8ff23000 	C:\WINDOWS\SYSTEM32\WINMM.dll
0x00007ffa8de90000 - 0x00007ffa8de9a000 	C:\WINDOWS\SYSTEM32\VERSION.dll
0x00007ffa8fed0000 - 0x00007ffa8fefb000 	C:\WINDOWS\SYSTEM32\WINMMBASE.dll
0x00007ffa92730000 - 0x00007ffa92772000 	C:\WINDOWS\System32\cfgmgr32.dll
0x000000006a4e0000 - 0x000000006a4ef000 	C:\Program Files\Java\jdk1.8.0_101\jre\bin\verify.dll
0x000000006a4b0000 - 0x000000006a4d9000 	C:\Program Files\Java\jdk1.8.0_101\jre\bin\java.dll
0x000000006a490000 - 0x000000006a4a6000 	C:\Program Files\Java\jdk1.8.0_101\jre\bin\zip.dll
0x00007ffa93c00000 - 0x00007ffa95108000 	C:\WINDOWS\System32\SHELL32.dll
0x00007ffa91e30000 - 0x00007ffa9250a000 	C:\WINDOWS\System32\windows.storage.dll
0x00007ffa91ba0000 - 0x00007ffa91bec000 	C:\WINDOWS\System32\powrprof.dll
0x00007ffa95140000 - 0x00007ffa95192000 	C:\WINDOWS\System32\shlwapi.dll
0x00007ffa91bf0000 - 0x00007ffa91bff000 	C:\WINDOWS\System32\kernel.appcore.dll
0x00007ffa929d0000 - 0x00007ffa92a79000 	C:\WINDOWS\System32\shcore.dll
0x00007ffa91b80000 - 0x00007ffa91b94000 	C:\WINDOWS\System32\profapi.dll

VM Arguments:
jvm_args: -Djava.awt.headless=true -Xmx1024M -Dfile.encoding=GBK -Duser.country=CN -Duser.language=zh -Duser.variant 
java_command: com.android.dx.command.Main --dex --force-jumbo --num-threads=4 --multi-dex --output F:\developer\android_workspace\CubeCare3.0\app\build\intermediates\transforms\dex\debug\folders\1000\10\retrofit-2.1.0_fb739c8e7b39050a293f3653e4948aa7299c9642 C:\Users\panho\.gradle\caches\modules-2\files-2.1\com.squareup.retrofit2\retrofit\2.1.0\2de7cd8b95b7021b1d597f049bcb422055119f2c\retrofit-2.1.0.jar
java_class_path (initial): C:\Users\panho\AppData\Local\Android\Sdk\build-tools\24.0.1\lib\dx.jar
Launcher Type: SUN_STANDARD

Environment Variables:
JAVA_HOME=C:\Program Files\Java\jdk1.8.0_101
PATH=F:\app\panho\product\11.2.0\dbhome_1\bin;C:\ProgramData\Oracle\Java\javapath;C:\WINDOWS\system32;C:\WINDOWS;C:\WINDOWS\System32\Wbem;C:\WINDOWS\System32\WindowsPowerShell\v1.0\;C:\Windows\System32\pan;C:\Program Files\Java\jdk1.8.0_101\bin;C:\Program Files\Java\jre1.8.0_101\bin;C:\Program Files (x86)\GtkSharp\2.12\bin;C:\Users\panho\.app\;%USERPROFILE%\AppData\Local\Microsoft\WindowsApps;
USERNAME=panho
OS=Windows_NT
PROCESSOR_IDENTIFIER=Intel64 Family 6 Model 60 Stepping 3, GenuineIntel



---------------  S Y S T E M  ---------------

OS: Windows 10.0 , 64 bit Build 14393 (10.0.14393.0)

CPU:total 8 (4 cores per cpu, 2 threads per core) family 6 model 60 stepping 3, cmov, cx8, fxsr, mmx, sse, sse2, sse3, ssse3, sse4.1, sse4.2, popcnt, avx, avx2, aes, clmul, erms, lzcnt, ht, tsc, tscinvbit, bmi1, bmi2

Memory: 4k page, physical 8067492k(1292116k free), swap 8067492k(2528k free)

vm_info: Java HotSpot(TM) 64-Bit Server VM (25.101-b13) for windows-amd64 JRE (1.8.0_101-b13), built on Jun 22 2016 01:21:29 by "java_re" with MS VC++ 10.0 (VS2010)

time: Tue Sep 13 10:39:45 2016
elapsed time: 0 seconds (0d 0h 0m 0s)

