#
# There is insufficient memory for the Java Runtime Environment to continue.
# Native memory allocation (malloc) failed to allocate 32744 bytes for ChunkPool::allocate
# Possible reasons:
#   The system is out of physical RAM or swap space
#   In 32 bit mode, the process size limit was hit
# Possible solutions:
#   Reduce memory load on the system
#   Increase physical memory or swap space
#   Check if swap backing store is full
#   Use 64 bit Java on a 64 bit OS
#   Decrease Java heap size (-Xmx/-Xms)
#   Decrease number of Java threads
#   Decrease Java thread stack sizes (-Xss)
#   Set larger code cache with -XX:ReservedCodeCacheSize=
# This output file may be truncated or incomplete.
#
#  Out of Memory Error (allocation.cpp:273), pid=4048, tid=0x0000000000002764
#
# JRE version: Java(TM) SE Runtime Environment (8.0_101-b13) (build 1.8.0_101-b13)
# Java VM: Java HotSpot(TM) 64-Bit Server VM (25.101-b13 mixed mode windows-amd64 compressed oops)
# Failed to write core dump. Minidumps are not enabled by default on client versions of Windows
#

---------------  T H R E A D  ---------------

Current thread (0x000000001757e800):  JavaThread "C1 CompilerThread3" daemon [_thread_in_native, id=10084, stack(0x0000000017f60000,0x0000000018060000)]

Stack: [0x0000000017f60000,0x0000000018060000]
[error occurred during error reporting (printing stack bounds), id 0xc0000005]

Native frames: (J=compiled Java code, j=interpreted, Vv=VM code, C=native code)


Current CompileTask:
C1:   1135  624   !   3       com.android.dx.cf.code.BytecodeArray::parseInstruction (2764 bytes)


---------------  P R O C E S S  ---------------

Java Threads: ( => current thread )
  0x00000000176e2000 JavaThread "pool-2-thread-4" [_thread_blocked, id=6876, stack(0x0000000018660000,0x0000000018760000)]
  0x00000000176df800 JavaThread "pool-2-thread-3" [_thread_in_Java, id=5512, stack(0x0000000018560000,0x0000000018660000)]
  0x00000000176da800 JavaThread "pool-2-thread-2" [_thread_in_Java, id=3116, stack(0x0000000018460000,0x0000000018560000)]
  0x00000000176d1800 JavaThread "pool-3-thread-1" [_thread_blocked, id=8596, stack(0x0000000018360000,0x0000000018460000)]
  0x00000000176d0800 JavaThread "pool-2-thread-1" [_thread_in_Java, id=8088, stack(0x0000000018260000,0x0000000018360000)]
  0x000000001758d000 JavaThread "Service Thread" daemon [_thread_blocked, id=8636, stack(0x0000000018060000,0x0000000018160000)]
=>0x000000001757e800 JavaThread "C1 CompilerThread3" daemon [_thread_in_native, id=10084, stack(0x0000000017f60000,0x0000000018060000)]
  0x000000001757b000 JavaThread "C2 CompilerThread2" daemon [_thread_in_native, id=8252, stack(0x0000000017e60000,0x0000000017f60000)]
  0x0000000017577800 JavaThread "C2 CompilerThread1" daemon [_thread_in_native, id=852, stack(0x0000000017d60000,0x0000000017e60000)]
  0x0000000017573000 JavaThread "C2 CompilerThread0" daemon [_thread_in_native, id=5352, stack(0x0000000017c60000,0x0000000017d60000)]
  0x0000000017571000 JavaThread "Attach Listener" daemon [_thread_blocked, id=8268, stack(0x0000000017b60000,0x0000000017c60000)]
  0x0000000017527000 JavaThread "Signal Dispatcher" daemon [_thread_blocked, id=3140, stack(0x0000000017a60000,0x0000000017b60000)]
  0x0000000017510800 JavaThread "Finalizer" daemon [_thread_blocked, id=3676, stack(0x00000000178f0000,0x00000000179f0000)]
  0x0000000002ac6000 JavaThread "Reference Handler" daemon [_thread_blocked, id=6488, stack(0x00000000173f0000,0x00000000174f0000)]
  0x00000000029d0800 JavaThread "main" [_thread_in_Java, id=7936, stack(0x00000000028b0000,0x00000000029b0000)]

Other Threads:
  0x0000000015609800 VMThread [stack: 0x00000000172f0000,0x00000000173f0000] [id=9560]
  0x0000000017590800 WatcherThread [stack: 0x0000000018160000,0x0000000018260000] [id=4588]

VM state:not at safepoint (normal execution)

VM Mutex/Monitor currently owned by a thread: None

Heap:
 PSYoungGen      total 36864K, used 14875K [0x00000000eab00000, 0x00000000ed400000, 0x0000000100000000)
  eden space 31744K, 46% used [0x00000000eab00000,0x00000000eb986c10,0x00000000eca00000)
  from space 5120K, 0% used [0x00000000ecf00000,0x00000000ecf00000,0x00000000ed400000)
  to   space 5120K, 0% used [0x00000000eca00000,0x00000000eca00000,0x00000000ecf00000)
 ParOldGen       total 84992K, used 0K [0x00000000c0000000, 0x00000000c5300000, 0x00000000eab00000)
  object space 84992K, 0% used [0x00000000c0000000,0x00000000c0000000,0x00000000c5300000)
 Metaspace       used 5649K, capacity 6580K, committed 6784K, reserved 1056768K
  class space    used 599K, capacity 620K, committed 640K, reserved 1048576K

Card table byte_map: [0x0000000011e90000,0x00000000120a0000] byte_map_base: 0x0000000011890000

Marking Bits: (ParMarkBitMap*) 0x000000005a94a6d0
 Begin Bits: [0x0000000012a00000, 0x0000000013a00000)
 End Bits:   [0x0000000013a00000, 0x0000000014a00000)

Polling page: 0x0000000000de0000

CodeCache: size=245760Kb used=2329Kb max_used=2349Kb free=243430Kb
 bounds [0x0000000002ad0000, 0x0000000002d40000, 0x0000000011ad0000]
 total_blobs=882 nmethods=611 adapters=184
 compilation: enabled

Compilation events (10 events):
Event: 1.127 Thread 0x0000000017577800  628       4       com.android.dx.rop.code.RegisterSpecList::get (9 bytes)
Event: 1.128 Thread 0x0000000017577800 nmethod 628 0x0000000002d08dd0 code [0x0000000002d08f20, 0x0000000002d08ff8]
Event: 1.128 Thread 0x0000000017573000  630       4       com.android.dx.rop.type.Type::hashCode (8 bytes)
Event: 1.130 Thread 0x000000001757b000  631       4       com.android.dx.cf.code.LineNumberList::get (9 bytes)
Event: 1.130 Thread 0x0000000017577800  632   !   4       com.android.dx.rop.cst.StdConstantPool::getOrNull (13 bytes)
Event: 1.131 Thread 0x0000000017577800 nmethod 632 0x0000000002d08b50 code [0x0000000002d08c80, 0x0000000002d08d18]
Event: 1.131 Thread 0x0000000017577800  633       4       java.util.HashMap::containsKey (18 bytes)
Event: 1.131 Thread 0x000000001757b000 nmethod 631 0x0000000002d0e3d0 code [0x0000000002d0e520, 0x0000000002d0e5f8]
Event: 1.131 Thread 0x0000000017573000 nmethod 630 0x0000000002d0e010 code [0x0000000002d0e140, 0x0000000002d0e2b8]
Event: 1.131 Thread 0x000000001757b000  635       4       java.util.ArrayList::remove (69 bytes)

GC Heap History (0 events):
No events

Deoptimization events (0 events):
No events

Internal exceptions (2 events):
Event: 0.073 Thread 0x00000000029d0800 Exception <a 'java/lang/NoSuchMethodError': Method sun.misc.Unsafe.defineClass(Ljava/lang/String;[BII)Ljava/lang/Class; name or signature does not match> (0x00000000eab07cc0) thrown at [C:\re\workspace\8-2-build-windows-amd64-cygwin\jdk8u101\7261\hotspot\s—p%±A≠≤?
Event: 0.073 Thread 0x00000000029d0800 Exception <a 'java/lang/NoSuchMethodError': Method sun.misc.Unsafe.prefetchRead(Ljava/lang/Object;J)V name or signature does not match> (0x00000000eab07fa8) thrown at [C:\re\workspace\8-2-build-windows-amd64-cygwin\jdk8u101\7261\hotspot\src\share\vm\prims\

Events (10 events):
Event: 1.068 loading class com/android/dx/dex/file/FieldAnnotationStruct
Event: 1.068 loading class com/android/dx/dex/file/FieldAnnotationStruct done
Event: 1.073 loading class com/android/dx/dex/file/MethodAnnotationStruct
Event: 1.073 loading class com/android/dx/dex/file/MethodAnnotationStruct done
Event: 1.079 loading class com/android/dx/ssa/PhiInsn$Operand
Event: 1.079 loading class com/android/dx/ssa/PhiInsn$Operand done
Event: 1.085 loading class com/android/dx/cf/code/BytecodeArray$ConstantParserVisitor
Event: 1.085 loading class com/android/dx/cf/code/BytecodeArray$ConstantParserVisitor done
Event: 1.086 loading class com/android/dx/ssa/back/FirstFitLocalCombiningAllocator$Multiset
Event: 1.086 loading class com/android/dx/ssa/back/FirstFitLocalCombiningAllocator$Multiset done


Dynamic libraries:
0x00007ff667480000 - 0x00007ff6674b7000 	C:\Program Files\Java\jdk1.8.0_101\bin\java.exe
0x00007ffa36890000 - 0x00007ffa36a61000 	C:\WINDOWS\SYSTEM32\ntdll.dll
0x00007ffa34af0000 - 0x00007ffa34b9b000 	C:\WINDOWS\System32\KERNEL32.DLL
0x00007ffa32fd0000 - 0x00007ffa331ed000 	C:\WINDOWS\System32\KERNELBASE.dll
0x00007ffa34000000 - 0x00007ffa340a2000 	C:\WINDOWS\System32\ADVAPI32.dll
0x00007ffa34180000 - 0x00007ffa3421e000 	C:\WINDOWS\System32\msvcrt.dll
0x00007ffa352b0000 - 0x00007ffa35309000 	C:\WINDOWS\System32\sechost.dll
0x00007ffa34920000 - 0x00007ffa34a41000 	C:\WINDOWS\System32\RPCRT4.dll
0x00007ffa347b0000 - 0x00007ffa34915000 	C:\WINDOWS\System32\USER32.dll
0x00007ffa334f0000 - 0x00007ffa3350e000 	C:\WINDOWS\System32\win32u.dll
0x00007ffa33e30000 - 0x00007ffa33e64000 	C:\WINDOWS\System32\GDI32.dll
0x00007ffa331f0000 - 0x00007ffa33372000 	C:\WINDOWS\System32\gdi32full.dll
0x00007ffa2e0c0000 - 0x00007ffa2e339000 	C:\WINDOWS\WinSxS\amd64_microsoft.windows.common-controls_6595b64144ccf1df_6.0.14393.0_none_2d0f50fcbdb171b8\COMCTL32.dll
0x00007ffa34ba0000 - 0x00007ffa34e67000 	C:\WINDOWS\System32\combase.dll
0x00007ffa32e20000 - 0x00007ffa32f15000 	C:\WINDOWS\System32\ucrtbase.dll
0x00007ffa33480000 - 0x00007ffa334ea000 	C:\WINDOWS\System32\bcryptPrimitives.dll
0x00007ffa33fd0000 - 0x00007ffa33ffe000 	C:\WINDOWS\System32\IMM32.DLL
0x0000000059f20000 - 0x0000000059ff2000 	C:\Program Files\Java\jdk1.8.0_101\jre\bin\msvcr100.dll
0x000000005a130000 - 0x000000005a9ca000 	C:\Program Files\Java\jdk1.8.0_101\jre\bin\server\jvm.dll
0x00007ffa34170000 - 0x00007ffa34178000 	C:\WINDOWS\System32\PSAPI.DLL
0x00007ffa2f1b0000 - 0x00007ffa2f1b9000 	C:\WINDOWS\SYSTEM32\WSOCK32.dll
0x00007ffa31000000 - 0x00007ffa31023000 	C:\WINDOWS\SYSTEM32\WINMM.dll
0x00007ffa2e3e0000 - 0x00007ffa2e3ea000 	C:\WINDOWS\SYSTEM32\VERSION.dll
0x00007ffa36820000 - 0x00007ffa3688a000 	C:\WINDOWS\System32\WS2_32.dll
0x00007ffa30fd0000 - 0x00007ffa30ffb000 	C:\WINDOWS\SYSTEM32\WINMMBASE.dll
0x00007ffa33430000 - 0x00007ffa33472000 	C:\WINDOWS\System32\cfgmgr32.dll
0x000000005afe0000 - 0x000000005afef000 	C:\Program Files\Java\jdk1.8.0_101\jre\bin\verify.dll
0x000000005afb0000 - 0x000000005afd9000 	C:\Program Files\Java\jdk1.8.0_101\jre\bin\java.dll
0x000000005af90000 - 0x000000005afa6000 	C:\Program Files\Java\jdk1.8.0_101\jre\bin\zip.dll
0x00007ffa35310000 - 0x00007ffa36818000 	C:\WINDOWS\System32\SHELL32.dll
0x00007ffa33510000 - 0x00007ffa33bea000 	C:\WINDOWS\System32\windows.storage.dll
0x00007ffa32dc0000 - 0x00007ffa32e0c000 	C:\WINDOWS\System32\powrprof.dll
0x00007ffa34370000 - 0x00007ffa343c2000 	C:\WINDOWS\System32\shlwapi.dll
0x00007ffa32db0000 - 0x00007ffa32dbf000 	C:\WINDOWS\System32\kernel.appcore.dll
0x00007ffa33380000 - 0x00007ffa33429000 	C:\WINDOWS\System32\shcore.dll
0x00007ffa32d90000 - 0x00007ffa32da4000 	C:\WINDOWS\System32\profapi.dll

VM Arguments:
jvm_args: -Djava.awt.headless=true -Xmx1024M -Dfile.encoding=GBK -Duser.country=CN -Duser.language=zh -Duser.variant 
java_command: com.android.dx.command.Main --dex --force-jumbo --num-threads=4 --multi-dex --output F:\developer\android_workspace\CubeCare3.0\app\build\intermediates\transforms\dex\debug\folders\1000\10\instant-run_606718d19f127842eb9d190d6102127b304b3f5a F:\developer\android_workspace\CubeCare3.0\app\build\intermediates\incremental-runtime-classes\debug\instant-run.jar
java_class_path (initial): C:\Users\panho\AppData\Local\Android\Sdk\build-tools\24.0.1\lib\dx.jar
Launcher Type: SUN_STANDARD

Environment Variables:
JAVA_HOME=C:\Program Files\Java\jdk1.8.0_101
PATH=F:\app\panho\product\11.2.0\dbhome_1\bin;C:\ProgramData\Oracle\Java\javapath;C:\WINDOWS\system32;C:\WINDOWS;C:\WINDOWS\System32\Wbem;C:\WINDOWS\System32\WindowsPowerShell\v1.0\;C:\Windows\System32\pan;C:\Program Files\Java\jdk1.8.0_101\bin;C:\Program Files\Java\jre1.8.0_101\bin;C:\Users\panho\.app\;%USERPROFILE%\AppData\Local\Microsoft\WindowsApps;
USERNAME=panho
OS=Windows_NT
PROCESSOR_IDENTIFIER=Intel64 Family 6 Model 60 Stepping 3, GenuineIntel



---------------  S Y S T E M  ---------------

OS: Windows 10.0 , 64 bit Build 14393 (10.0.14393.0)

CPU:total 8 (4 cores per cpu, 2 threads per core) family 6 model 60 stepping 3, cmov, cx8, fxsr, mmx, sse, sse2, sse3, ssse3, sse4.1, sse4.2, popcnt, avx, avx2, aes, clmul, erms, lzcnt, ht, tsc, tscinvbit, bmi1, bmi2

Memory: 4k page, physical 8067492k(1810300k free), swap 8067492k(5136k free)

vm_info: Java HotSpot(TM) 64-Bit Server VM (25.101-b13) for windows-amd64 JRE (1.8.0_101-b13), built on Jun 22 2016 01:21:29 by "java_re" with MS VC++ 10.0 (VS2010)

time: Mon Sep 12 11:26:18 2016
elapsed time: 1 seconds (0d 0h 0m 1s)

