#
# There is insufficient memory for the Java Runtime Environment to continue.
# Native memory allocation (malloc) failed to allocate 32744 bytes for ChunkPool::allocate
# Possible reasons:
#   The system is out of physical RAM or swap space
#   In 32 bit mode, the process size limit was hit
# Possible solutions:
#   Reduce memory load on the system
#   Increase physical memory or swap space
#   Check if swap backing store is full
#   Use 64 bit Java on a 64 bit OS
#   Decrease Java heap size (-Xmx/-Xms)
#   Decrease number of Java threads
#   Decrease Java thread stack sizes (-Xss)
#   Set larger code cache with -XX:ReservedCodeCacheSize=
# This output file may be truncated or incomplete.
#
#  Out of Memory Error (allocation.cpp:273), pid=4304, tid=0x00000000000014dc
#
# JRE version: Java(TM) SE Runtime Environment (8.0_101-b13) (build 1.8.0_101-b13)
# Java VM: Java HotSpot(TM) 64-Bit Server VM (25.101-b13 mixed mode windows-amd64 compressed oops)
# Failed to write core dump. Minidumps are not enabled by default on client versions of Windows
#

---------------  T H R E A D  ---------------

Current thread (0x0000000017bfb800):  JavaThread "C2 CompilerThread1" daemon [_thread_in_native, id=5340, stack(0x00000000183d0000,0x00000000184d0000)]

Stack: [0x00000000183d0000,0x00000000184d0000]
[error occurred during error reporting (printing stack bounds), id 0xc0000005]

Native frames: (J=compiled Java code, j=interpreted, Vv=VM code, C=native code)


Current CompileTask:
C2:   1883  956   !   4       com.android.dx.cf.code.BytecodeArray::parseInstruction (2764 bytes)


---------------  P R O C E S S  ---------------

Java Threads: ( => current thread )
  0x0000000017de5000 JavaThread "pool-2-thread-4" [_thread_blocked, id=2484, stack(0x0000000018cd0000,0x0000000018dd0000)]
  0x0000000017dde000 JavaThread "pool-2-thread-3" [_thread_blocked, id=336, stack(0x0000000018bd0000,0x0000000018cd0000)]
  0x0000000017dca800 JavaThread "pool-2-thread-2" [_thread_blocked, id=324, stack(0x0000000018ad0000,0x0000000018bd0000)]
  0x0000000017db5800 JavaThread "pool-3-thread-1" [_thread_blocked, id=1408, stack(0x00000000189d0000,0x0000000018ad0000)]
  0x0000000017d4d800 JavaThread "pool-2-thread-1" [_thread_blocked, id=5324, stack(0x00000000188d0000,0x00000000189d0000)]
  0x0000000017cae000 JavaThread "Service Thread" daemon [_thread_blocked, id=7604, stack(0x00000000186d0000,0x00000000187d0000)]
  0x0000000017c5d800 JavaThread "C1 CompilerThread3" daemon [_thread_blocked, id=5684, stack(0x00000000185d0000,0x00000000186d0000)]
  0x0000000017bfd000 JavaThread "C2 CompilerThread2" daemon [_thread_blocked, id=8536, stack(0x00000000184d0000,0x00000000185d0000)]
=>0x0000000017bfb800 JavaThread "C2 CompilerThread1" daemon [_thread_in_native, id=5340, stack(0x00000000183d0000,0x00000000184d0000)]
  0x0000000017bf8800 JavaThread "C2 CompilerThread0" daemon [_thread_blocked, id=6068, stack(0x00000000182d0000,0x00000000183d0000)]
  0x0000000017bf7000 JavaThread "Attach Listener" daemon [_thread_blocked, id=8064, stack(0x00000000181d0000,0x00000000182d0000)]
  0x0000000017bf6800 JavaThread "Signal Dispatcher" daemon [_thread_blocked, id=1684, stack(0x00000000180d0000,0x00000000181d0000)]
  0x000000000313d800 JavaThread "Finalizer" daemon [_thread_blocked, id=6176, stack(0x0000000017f70000,0x0000000018070000)]
  0x0000000003137000 JavaThread "Reference Handler" daemon [_thread_blocked, id=10124, stack(0x0000000017a70000,0x0000000017b70000)]
  0x0000000003040800 JavaThread "main" [_thread_blocked, id=6720, stack(0x0000000002f30000,0x0000000003030000)]

Other Threads:
  0x0000000015c79000 VMThread [stack: 0x0000000017970000,0x0000000017a70000] [id=9056]
  0x0000000017d09800 WatcherThread [stack: 0x00000000187d0000,0x00000000188d0000] [id=7656]

VM state:at safepoint (normal execution)

VM Mutex/Monitor currently owned by a thread:  ([mutex/lock_event])
[0x000000000303c3e0] Threads_lock - owner thread: 0x0000000015c79000
[0x000000000303bd60] Heap_lock - owner thread: 0x0000000017dde000

Heap:
 PSYoungGen      total 36864K, used 31744K [0x00000000eab00000, 0x00000000ed400000, 0x0000000100000000)
  eden space 31744K, 100% used [0x00000000eab00000,0x00000000eca00000,0x00000000eca00000)
  from space 5120K, 0% used [0x00000000ecf00000,0x00000000ecf00000,0x00000000ed400000)
  to   space 5120K, 44% used [0x00000000eca00000,0x00000000ecc39908,0x00000000ecf00000)
 ParOldGen       total 84992K, used 0K [0x00000000c0000000, 0x00000000c5300000, 0x00000000eab00000)
  object space 84992K, 0% used [0x00000000c0000000,0x00000000c0000000,0x00000000c5300000)
 Metaspace       used 5762K, capacity 6832K, committed 7040K, reserved 1056768K
  class space    used 586K, capacity 616K, committed 640K, reserved 1048576K

Card table byte_map: [0x0000000012500000,0x0000000012710000] byte_map_base: 0x0000000011f00000

Marking Bits: (ParMarkBitMap*) 0x000000005a94a6d0
 Begin Bits: [0x0000000013070000, 0x0000000014070000)
 End Bits:   [0x0000000014070000, 0x0000000015070000)

Polling page: 0x0000000000bf0000

CodeCache: size=245760Kb used=4410Kb max_used=4410Kb free=241349Kb
 bounds [0x0000000003140000, 0x00000000035a0000, 0x0000000012140000]
 total_blobs=1357 nmethods=1093 adapters=177
 compilation: enabled

Compilation events (10 events):
Event: 1.808 Thread 0x0000000017c5d800 nmethod 1095 0x0000000003590b90 code [0x0000000003590ce0, 0x0000000003590dd0]
Event: 1.808 Thread 0x0000000017c5d800 1096       1       com.android.dx.cf.code.ConcreteMethod::getLocalVariables (5 bytes)
Event: 1.808 Thread 0x0000000017c5d800 nmethod 1096 0x0000000003590e50 code [0x0000000003590fa0, 0x00000000035910b0]
Event: 1.808 Thread 0x0000000017c5d800 1100       1       com.android.dx.dex.code.RopTranslator::access$200 (5 bytes)
Event: 1.808 Thread 0x0000000017c5d800 nmethod 1100 0x0000000003591110 code [0x0000000003591260, 0x0000000003591350]
Event: 1.808 Thread 0x0000000017c5d800 1106       3       com.android.dx.rop.code.RegisterSpecSet::mutableCopy (57 bytes)
Event: 1.809 Thread 0x0000000017c5d800 nmethod 1106 0x00000000035913d0 code [0x0000000003591580, 0x0000000003591b48]
Event: 1.809 Thread 0x0000000017c5d800 1078       1       com.android.dx.cf.attrib.AttExceptions::getExceptions (5 bytes)
Event: 1.809 Thread 0x0000000017c5d800 nmethod 1078 0x0000000003591e10 code [0x0000000003591f60, 0x0000000003592070]
Event: 1.809 Thread 0x0000000017c5d800 1108       3       com.android.dx.ssa.SsaMethod::getUseListCopy (56 bytes)

GC Heap History (1 events):
Event: 1.813 GC heap before
{Heap before GC invocations=1 (full 0):
 PSYoungGen      total 36864K, used 31744K [0x00000000eab00000, 0x00000000ed400000, 0x0000000100000000)
  eden space 31744K, 100% used [0x00000000eab00000,0x00000000eca00000,0x00000000eca00000)
  from space 5120K, 0% used [0x00000000ecf00000,0x00000000ecf00000,0x00000000ed400000)
  to   space 5120K, 0% used [0x00000000eca00000,0x00000000eca00000,0x00000000ecf00000)
 ParOldGen       total 84992K, used 0K [0x00000000c0000000, 0x00000000c5300000, 0x00000000eab00000)
  object space 84992K, 0% used [0x00000000c0000000,0x00000000c0000000,0x00000000c5300000)
 Metaspace       used 5762K, capacity 6832K, committed 7040K, reserved 1056768K
  class space    used 586K, capacity 616K, committed 640K, reserved 1048576K

Deoptimization events (10 events):
Event: 0.893 Thread 0x0000000003040800 Uncommon trap: reason=unstable_if action=reinterpret pc=0x0000000003341ac0 method=java.util.HashMap.getNode(ILjava/lang/Object;)Ljava/util/HashMap$Node; @ 129
Event: 0.941 Thread 0x0000000017de5000 Uncommon trap: reason=unstable_if action=reinterpret pc=0x000000000339f330 method=java.util.BitSet.nextSetBit(I)I @ 87
Event: 1.291 Thread 0x0000000017dca800 Uncommon trap: reason=null_check action=make_not_entrant pc=0x00000000033b86f8 method=com.android.dx.ssa.SsaRenamer.getLocalForNewReg(I)Lcom/android/dx/rop/code/LocalItem; @ 19
Event: 1.429 Thread 0x0000000003040800 Uncommon trap: reason=unloaded action=reinterpret pc=0x000000000338a350 method=com.android.dx.cf.cst.ConstantPoolParser.parse0(ILjava/util/BitSet;)Lcom/android/dx/rop/cst/Constant; @ 176
Event: 1.449 Thread 0x0000000003040800 Uncommon trap: reason=class_check action=maybe_recompile pc=0x000000000348ebf4 method=com.android.dx.ssa.NormalSsaInsn.accept(Lcom/android/dx/ssa/SsaInsn$Visitor;)V @ 9
Event: 1.786 Thread 0x0000000017de5000 Uncommon trap: reason=class_check action=maybe_recompile pc=0x000000000348ebf4 method=com.android.dx.ssa.NormalSsaInsn.accept(Lcom/android/dx/ssa/SsaInsn$Visitor;)V @ 9
Event: 1.796 Thread 0x0000000017dde000 Uncommon trap: reason=unstable_if action=reinterpret pc=0x000000000352d0fc method=com.android.dx.util.IntList.binarysearch(I)I @ 105
Event: 1.800 Thread 0x0000000017de5000 Uncommon trap: reason=unstable_if action=reinterpret pc=0x0000000003530f5c method=com.android.dx.rop.cst.Constant.compareTo(Lcom/android/dx/rop/cst/Constant;)I @ 12
Event: 1.801 Thread 0x0000000017de5000 Uncommon trap: reason=unstable_if action=reinterpret pc=0x000000000352c558 method=com.android.dx.cf.code.LocalVariableList$Item.matchesPcAndIndex(II)Z @ 13
Event: 1.808 Thread 0x0000000017dde000 Uncommon trap: reason=unstable_if action=reinterpret pc=0x000000000344bbf8 method=com.android.dx.rop.code.RegisterSpecSet.put(Lcom/android/dx/rop/code/RegisterSpec;)V @ 77

Internal exceptions (3 events):
Event: 0.092 Thread 0x0000000003040800 Exception <a 'java/lang/NoSuchMethodError': Method sun.misc.Unsafe.defineClass(Ljava/lang/String;[BII)Ljava/lang/Class; name or signature does not match> (0x00000000eab07cc0) thrown at [C:\re\workspace\8-2-build-windows-amd64-cygwin\jdk8u101\7261\hotspot\sVÜmó∑?
Event: 0.092 Thread 0x0000000003040800 Exception <a 'java/lang/NoSuchMethodError': Method sun.misc.Unsafe.prefetchRead(Ljava/lang/Object;J)V name or signature does not match> (0x00000000eab07fa8) thrown at [C:\re\workspace\8-2-build-windows-amd64-cygwin\jdk8u101\7261\hotspot\src\share\vm\prims\–ç˚˛œ©Ù?
Event: 1.291 Thread 0x0000000017dca800 Implicit null exception at 0x00000000033b6cdd to 0x00000000033b86dd

Events (10 events):
Event: 1.800 Thread 0x0000000017de5000 Uncommon trap: trap_request=0xffffff65 fr.pc=0x0000000003530f5c
Event: 1.800 Thread 0x0000000017de5000 DEOPT PACKING pc=0x0000000003530f5c sp=0x0000000018dce510
Event: 1.800 Thread 0x0000000017de5000 DEOPT UNPACKING pc=0x000000000318582a sp=0x0000000018dce4b0 mode 2
Event: 1.801 Thread 0x0000000017de5000 Uncommon trap: trap_request=0xffffff65 fr.pc=0x000000000352c558
Event: 1.801 Thread 0x0000000017de5000 DEOPT PACKING pc=0x000000000352c558 sp=0x0000000018dce1e0
Event: 1.801 Thread 0x0000000017de5000 DEOPT UNPACKING pc=0x000000000318582a sp=0x0000000018dce108 mode 2
Event: 1.808 Thread 0x0000000017dde000 Uncommon trap: trap_request=0xffffff65 fr.pc=0x000000000344bbf8
Event: 1.808 Thread 0x0000000017dde000 DEOPT PACKING pc=0x000000000344bbf8 sp=0x0000000018cce480
Event: 1.808 Thread 0x0000000017dde000 DEOPT UNPACKING pc=0x000000000318582a sp=0x0000000018cce3a0 mode 2
Event: 1.809 Executing VM operation: ParallelGCFailedAllocation


Dynamic libraries:
0x00007ff667480000 - 0x00007ff6674b7000 	C:\Program Files\Java\jdk1.8.0_101\bin\java.exe
0x00007ffa36890000 - 0x00007ffa36a61000 	C:\WINDOWS\SYSTEM32\ntdll.dll
0x00007ffa34af0000 - 0x00007ffa34b9b000 	C:\WINDOWS\System32\KERNEL32.DLL
0x00007ffa32fd0000 - 0x00007ffa331ed000 	C:\WINDOWS\System32\KERNELBASE.dll
0x00007ffa34000000 - 0x00007ffa340a2000 	C:\WINDOWS\System32\ADVAPI32.dll
0x00007ffa34180000 - 0x00007ffa3421e000 	C:\WINDOWS\System32\msvcrt.dll
0x00007ffa352b0000 - 0x00007ffa35309000 	C:\WINDOWS\System32\sechost.dll
0x00007ffa34920000 - 0x00007ffa34a41000 	C:\WINDOWS\System32\RPCRT4.dll
0x00007ffa347b0000 - 0x00007ffa34915000 	C:\WINDOWS\System32\USER32.dll
0x00007ffa334f0000 - 0x00007ffa3350e000 	C:\WINDOWS\System32\win32u.dll
0x00007ffa33e30000 - 0x00007ffa33e64000 	C:\WINDOWS\System32\GDI32.dll
0x00007ffa331f0000 - 0x00007ffa33372000 	C:\WINDOWS\System32\gdi32full.dll
0x00007ffa2e0c0000 - 0x00007ffa2e339000 	C:\WINDOWS\WinSxS\amd64_microsoft.windows.common-controls_6595b64144ccf1df_6.0.14393.0_none_2d0f50fcbdb171b8\COMCTL32.dll
0x00007ffa34ba0000 - 0x00007ffa34e67000 	C:\WINDOWS\System32\combase.dll
0x00007ffa32e20000 - 0x00007ffa32f15000 	C:\WINDOWS\System32\ucrtbase.dll
0x00007ffa33480000 - 0x00007ffa334ea000 	C:\WINDOWS\System32\bcryptPrimitives.dll
0x00007ffa33fd0000 - 0x00007ffa33ffe000 	C:\WINDOWS\System32\IMM32.DLL
0x0000000059f20000 - 0x0000000059ff2000 	C:\Program Files\Java\jdk1.8.0_101\jre\bin\msvcr100.dll
0x000000005a130000 - 0x000000005a9ca000 	C:\Program Files\Java\jdk1.8.0_101\jre\bin\server\jvm.dll
0x00007ffa34170000 - 0x00007ffa34178000 	C:\WINDOWS\System32\PSAPI.DLL
0x00007ffa2f1b0000 - 0x00007ffa2f1b9000 	C:\WINDOWS\SYSTEM32\WSOCK32.dll
0x00007ffa2e3e0000 - 0x00007ffa2e3ea000 	C:\WINDOWS\SYSTEM32\VERSION.dll
0x00007ffa31000000 - 0x00007ffa31023000 	C:\WINDOWS\SYSTEM32\WINMM.dll
0x00007ffa36820000 - 0x00007ffa3688a000 	C:\WINDOWS\System32\WS2_32.dll
0x0000000000f40000 - 0x0000000000f6b000 	C:\WINDOWS\SYSTEM32\WINMMBASE.dll
0x00007ffa33430000 - 0x00007ffa33472000 	C:\WINDOWS\System32\cfgmgr32.dll
0x000000005afe0000 - 0x000000005afef000 	C:\Program Files\Java\jdk1.8.0_101\jre\bin\verify.dll
0x000000005afb0000 - 0x000000005afd9000 	C:\Program Files\Java\jdk1.8.0_101\jre\bin\java.dll
0x000000005af90000 - 0x000000005afa6000 	C:\Program Files\Java\jdk1.8.0_101\jre\bin\zip.dll
0x00007ffa35310000 - 0x00007ffa36818000 	C:\WINDOWS\System32\SHELL32.dll
0x00007ffa33510000 - 0x00007ffa33bea000 	C:\WINDOWS\System32\windows.storage.dll
0x00007ffa32dc0000 - 0x00007ffa32e0c000 	C:\WINDOWS\System32\powrprof.dll
0x00007ffa34370000 - 0x00007ffa343c2000 	C:\WINDOWS\System32\shlwapi.dll
0x00007ffa32db0000 - 0x00007ffa32dbf000 	C:\WINDOWS\System32\kernel.appcore.dll
0x00007ffa33380000 - 0x00007ffa33429000 	C:\WINDOWS\System32\shcore.dll
0x00007ffa32d90000 - 0x00007ffa32da4000 	C:\WINDOWS\System32\profapi.dll

VM Arguments:
jvm_args: -Djava.awt.headless=true -Xmx1024M -Dfile.encoding=GBK -Duser.country=CN -Duser.language=zh -Duser.variant 
java_command: com.android.dx.command.Main --dex --force-jumbo --num-threads=4 --multi-dex --output F:\developer\android_workspace\CubeCare3.0\app\build\intermediates\transforms\dex\debug\folders\1000\5\slice_4 F:\developer\android_workspace\CubeCare3.0\app\build\intermediates\transforms\instantRunSlicer\debug\folders\1\5\slice_4
java_class_path (initial): C:\Users\panho\AppData\Local\Android\Sdk\build-tools\24.0.1\lib\dx.jar
Launcher Type: SUN_STANDARD

Environment Variables:
JAVA_HOME=C:\Program Files\Java\jdk1.8.0_101
PATH=F:\app\panho\product\11.2.0\dbhome_1\bin;C:\ProgramData\Oracle\Java\javapath;C:\WINDOWS\system32;C:\WINDOWS;C:\WINDOWS\System32\Wbem;C:\WINDOWS\System32\WindowsPowerShell\v1.0\;C:\Windows\System32\pan;C:\Program Files\Java\jdk1.8.0_101\bin;C:\Program Files\Java\jre1.8.0_101\bin;C:\Users\panho\.app\;%USERPROFILE%\AppData\Local\Microsoft\WindowsApps;
USERNAME=panho
OS=Windows_NT
PROCESSOR_IDENTIFIER=Intel64 Family 6 Model 60 Stepping 3, GenuineIntel



---------------  S Y S T E M  ---------------

OS: Windows 10.0 , 64 bit Build 14393 (10.0.14393.0)

CPU:total 8 (4 cores per cpu, 2 threads per core) family 6 model 60 stepping 3, cmov, cx8, fxsr, mmx, sse, sse2, sse3, ssse3, sse4.1, sse4.2, popcnt, avx, avx2, aes, clmul, erms, lzcnt, ht, tsc, tscinvbit, bmi1, bmi2

Memory: 4k page, physical 8067492k(1756960k free), swap 8067492k(5140k free)

vm_info: Java HotSpot(TM) 64-Bit Server VM (25.101-b13) for windows-amd64 JRE (1.8.0_101-b13), built on Jun 22 2016 01:21:29 by "java_re" with MS VC++ 10.0 (VS2010)

time: Mon Sep 12 11:26:17 2016
elapsed time: 1 seconds (0d 0h 0m 1s)

