#
# There is insufficient memory for the Java Runtime Environment to continue.
# Native memory allocation (malloc) failed to allocate 177056 bytes for Chunk::new
# Possible reasons:
#   The system is out of physical RAM or swap space
#   In 32 bit mode, the process size limit was hit
# Possible solutions:
#   Reduce memory load on the system
#   Increase physical memory or swap space
#   Check if swap backing store is full
#   Use 64 bit Java on a 64 bit OS
#   Decrease Java heap size (-Xmx/-Xms)
#   Decrease number of Java threads
#   Decrease Java thread stack sizes (-Xss)
#   Set larger code cache with -XX:ReservedCodeCacheSize=
# This output file may be truncated or incomplete.
#
#  Out of Memory Error (allocation.cpp:390), pid=13156, tid=0x00000000000025d8
#
# JRE version: Java(TM) SE Runtime Environment (8.0_101-b13) (build 1.8.0_101-b13)
# Java VM: Java HotSpot(TM) 64-Bit Server VM (25.101-b13 mixed mode windows-amd64 compressed oops)
# Failed to write core dump. Minidumps are not enabled by default on client versions of Windows
#

---------------  T H R E A D  ---------------

Current thread (0x00000000156bb000):  JavaThread "C2 CompilerThread0" daemon [_thread_in_native, id=9688, stack(0x0000000017c80000,0x0000000017d80000)]

Stack: [0x0000000017c80000,0x0000000017d80000]
[error occurred during error reporting (printing stack bounds), id 0xc0000005]

Native frames: (J=compiled Java code, j=interpreted, Vv=VM code, C=native code)


Current CompileTask:
C2:   1081  691       4       com.android.dx.ssa.SsaBasicBlock::forEachInsn (37 bytes)


---------------  P R O C E S S  ---------------

Java Threads: ( => current thread )
  0x0000000017869800 JavaThread "pool-2-thread-4" [_thread_in_Java, id=11144, stack(0x0000000018680000,0x0000000018780000)]
  0x0000000017863000 JavaThread "pool-2-thread-3" [_thread_blocked, id=8476, stack(0x0000000018580000,0x0000000018680000)]
  0x0000000017864800 JavaThread "pool-2-thread-2" [_thread_in_Java, id=11880, stack(0x0000000018480000,0x0000000018580000)]
  0x00000000177b2000 JavaThread "pool-3-thread-1" [_thread_blocked, id=7008, stack(0x0000000018380000,0x0000000018480000)]
  0x00000000177aa000 JavaThread "pool-2-thread-1" [_thread_blocked, id=5384, stack(0x0000000018280000,0x0000000018380000)]
  0x000000001761f800 JavaThread "Service Thread" daemon [_thread_blocked, id=6960, stack(0x0000000018080000,0x0000000018180000)]
  0x0000000017614800 JavaThread "C1 CompilerThread3" daemon [_thread_blocked, id=10420, stack(0x0000000017f80000,0x0000000018080000)]
  0x0000000017611800 JavaThread "C2 CompilerThread2" daemon [_thread_in_native, id=5724, stack(0x0000000017e80000,0x0000000017f80000)]
  0x00000000156be000 JavaThread "C2 CompilerThread1" daemon [_thread_in_native, id=6828, stack(0x0000000017d80000,0x0000000017e80000)]
=>0x00000000156bb000 JavaThread "C2 CompilerThread0" daemon [_thread_in_native, id=9688, stack(0x0000000017c80000,0x0000000017d80000)]
  0x0000000017608800 JavaThread "Attach Listener" daemon [_thread_blocked, id=4400, stack(0x0000000017b80000,0x0000000017c80000)]
  0x0000000017607800 JavaThread "Signal Dispatcher" daemon [_thread_blocked, id=11556, stack(0x0000000017a80000,0x0000000017b80000)]
  0x0000000002b8e000 JavaThread "Finalizer" daemon [_thread_blocked, id=10080, stack(0x0000000017980000,0x0000000017a80000)]
  0x0000000002b87000 JavaThread "Reference Handler" daemon [_thread_blocked, id=12044, stack(0x0000000017480000,0x0000000017580000)]
  0x0000000002a91000 JavaThread "main" [_thread_in_vm, id=9116, stack(0x0000000002920000,0x0000000002a20000)]

Other Threads:
  0x00000000156a9800 VMThread [stack: 0x0000000017380000,0x0000000017480000] [id=9128]
  0x00000000176f1800 WatcherThread [stack: 0x0000000018180000,0x0000000018280000] [id=10760]

VM state:not at safepoint (normal execution)

VM Mutex/Monitor currently owned by a thread:  ([mutex/lock_event])
[0x0000000002a8cfd0] MethodData_lock - owner thread: 0x0000000002a91000

Heap:
 PSYoungGen      total 36864K, used 16136K [0x00000000eab00000, 0x00000000ed400000, 0x0000000100000000)
  eden space 31744K, 50% used [0x00000000eab00000,0x00000000ebac2148,0x00000000eca00000)
  from space 5120K, 0% used [0x00000000ecf00000,0x00000000ecf00000,0x00000000ed400000)
  to   space 5120K, 0% used [0x00000000eca00000,0x00000000eca00000,0x00000000ecf00000)
 ParOldGen       total 84992K, used 0K [0x00000000c0000000, 0x00000000c5300000, 0x00000000eab00000)
  object space 84992K, 0% used [0x00000000c0000000,0x00000000c0000000,0x00000000c5300000)
 Metaspace       used 5559K, capacity 6704K, committed 6784K, reserved 1056768K
  class space    used 579K, capacity 616K, committed 640K, reserved 1048576K

Card table byte_map: [0x0000000011f50000,0x0000000012160000] byte_map_base: 0x0000000011950000

Marking Bits: (ParMarkBitMap*) 0x000000006ad0a6d0
 Begin Bits: [0x0000000012ac0000, 0x0000000013ac0000)
 End Bits:   [0x0000000013ac0000, 0x0000000014ac0000)

Polling page: 0x0000000000840000

CodeCache: size=245760Kb used=2749Kb max_used=2749Kb free=243010Kb
 bounds [0x0000000002b90000, 0x0000000002e50000, 0x0000000011b90000]
 total_blobs=951 nmethods=688 adapters=176
 compilation: enabled

Compilation events (10 events):
Event: 1.060 Thread 0x0000000017614800 nmethod 706 0x0000000002e3cb10 code [0x0000000002e3cc60, 0x0000000002e3ce50]
Event: 1.060 Thread 0x0000000017614800  707       3       com.android.dx.rop.code.SourcePosition::<init> (50 bytes)
Event: 1.060 Thread 0x0000000017614800 nmethod 707 0x0000000002e3fe10 code [0x0000000002e3ffa0, 0x0000000002e40358]
Event: 1.060 Thread 0x0000000017614800  708       3       com.android.dx.cf.code.ConcreteMethod::makeSourcePosistion (21 bytes)
Event: 1.061 Thread 0x0000000017614800 nmethod 708 0x0000000002e3c550 code [0x0000000002e3c6c0, 0x0000000002e3c978]
Event: 1.061 Thread 0x0000000017614800  665       3       com.android.dx.ssa.SsaRenamer$BlockRenamer::processResultReg (56 bytes)
Event: 1.061 Thread 0x0000000017614800 nmethod 665 0x0000000002e404d0 code [0x0000000002e406a0, 0x0000000002e40f58]
Event: 1.061 Thread 0x0000000017614800  677       3       com.android.dx.ssa.SsaRenamer$BlockRenamer::visitNonMoveInsn (14 bytes)
Event: 1.061 Thread 0x0000000017614800 nmethod 677 0x0000000002e412d0 code [0x0000000002e41440, 0x0000000002e41698]
Event: 1.061 Thread 0x0000000017614800  684       3       com.android.dx.ssa.MoveParamCombiner$1::visitNonMoveInsn (213 bytes)

GC Heap History (0 events):
No events

Deoptimization events (10 events):
Event: 0.835 Thread 0x0000000017863000 Uncommon trap: reason=speculate_class_check action=maybe_recompile pc=0x0000000002d47e70 method=com.android.dx.rop.cst.Constant.compareTo(Lcom/android/dx/rop/cst/Constant;)I @ 29
Event: 0.835 Thread 0x0000000017863000 Uncommon trap: reason=speculate_class_check action=maybe_recompile pc=0x0000000002d47e70 method=com.android.dx.rop.cst.Constant.compareTo(Lcom/android/dx/rop/cst/Constant;)I @ 29
Event: 1.015 Thread 0x0000000002a91000 Uncommon trap: reason=class_check action=maybe_recompile pc=0x0000000002d3cd34 method=com.android.dx.rop.cst.CstMemberRef.compareTo0(Lcom/android/dx/rop/cst/Constant;)I @ 1
Event: 1.015 Thread 0x00000000177aa000 Uncommon trap: reason=class_check action=maybe_recompile pc=0x0000000002d3cd34 method=com.android.dx.rop.cst.CstMemberRef.compareTo0(Lcom/android/dx/rop/cst/Constant;)I @ 1
Event: 1.015 Thread 0x00000000177aa000 Uncommon trap: reason=class_check action=maybe_recompile pc=0x0000000002d3cd34 method=com.android.dx.rop.cst.CstMemberRef.compareTo0(Lcom/android/dx/rop/cst/Constant;)I @ 1
Event: 1.015 Thread 0x0000000017869800 Uncommon trap: reason=class_check action=maybe_recompile pc=0x0000000002d3cd34 method=com.android.dx.rop.cst.CstMemberRef.compareTo0(Lcom/android/dx/rop/cst/Constant;)I @ 1
Event: 1.023 Thread 0x00000000177aa000 Uncommon trap: reason=unstable_if action=reinterpret pc=0x0000000002dbae7c method=java.util.HashMap.getNode(ILjava/lang/Object;)Ljava/util/HashMap$Node; @ 62
Event: 1.042 Thread 0x00000000177aa000 Uncommon trap: reason=unstable_if action=reinterpret pc=0x0000000002d4f870 method=com.android.dx.rop.cst.CstFieldRef.compareTo0(Lcom/android/dx/rop/cst/Constant;)I @ 7
Event: 1.046 Thread 0x0000000002a91000 Uncommon trap: reason=unstable_if action=reinterpret pc=0x0000000002e22af0 method=java.util.HashMap.getNode(ILjava/lang/Object;)Ljava/util/HashMap$Node; @ 129
Event: 1.053 Thread 0x0000000017863000 Uncommon trap: reason=unstable_if action=reinterpret pc=0x0000000002d41238 method=com.android.dx.rop.cst.CstFieldRef.compareTo0(Lcom/android/dx/rop/cst/Constant;)I @ 7

Internal exceptions (2 events):
Event: 0.031 Thread 0x0000000002a91000 Exception <a 'java/lang/NoSuchMethodError': Method sun.misc.Unsafe.defineClass(Ljava/lang/String;[BII)Ljava/lang/Class; name or signature does not match> (0x00000000eab07cc0) thrown at [C:\re\workspace\8-2-build-windows-amd64-cygwin\jdk8u101\7261\hotspot\sÈ,—f^‰Ÿ?
Event: 0.031 Thread 0x0000000002a91000 Exception <a 'java/lang/NoSuchMethodError': Method sun.misc.Unsafe.prefetchRead(Ljava/lang/Object;J)V name or signature does not match> (0x00000000eab07fa8) thrown at [C:\re\workspace\8-2-build-windows-amd64-cygwin\jdk8u101\7261\hotspot\src\share\vm\prims\

Events (10 events):
Event: 1.032 loading class java/util/DualPivotQuicksort done
Event: 1.042 Thread 0x00000000177aa000 Uncommon trap: trap_request=0xffffff65 fr.pc=0x0000000002d4f870
Event: 1.042 Thread 0x00000000177aa000 DEOPT PACKING pc=0x0000000002d4f870 sp=0x000000001837e830
Event: 1.042 Thread 0x00000000177aa000 DEOPT UNPACKING pc=0x0000000002bd582a sp=0x000000001837e6e8 mode 2
Event: 1.046 Thread 0x0000000002a91000 Uncommon trap: trap_request=0xffffff65 fr.pc=0x0000000002e22af0
Event: 1.046 Thread 0x0000000002a91000 DEOPT PACKING pc=0x0000000002e22af0 sp=0x0000000002a1e090
Event: 1.046 Thread 0x0000000002a91000 DEOPT UNPACKING pc=0x0000000002bd582a sp=0x0000000002a1e018 mode 2
Event: 1.053 Thread 0x0000000017863000 Uncommon trap: trap_request=0xffffff65 fr.pc=0x0000000002d41238
Event: 1.053 Thread 0x0000000017863000 DEOPT PACKING pc=0x0000000002d41238 sp=0x000000001867eab0
Event: 1.053 Thread 0x0000000017863000 DEOPT UNPACKING pc=0x0000000002bd582a sp=0x000000001867ea38 mode 2


Dynamic libraries:
0x00007ff702790000 - 0x00007ff7027c7000 	C:\Program Files\Java\jdk1.8.0_101\bin\java.exe
0x00007ffa95680000 - 0x00007ffa95851000 	C:\WINDOWS\SYSTEM32\ntdll.dll
0x00007ffa93940000 - 0x00007ffa939eb000 	C:\WINDOWS\System32\KERNEL32.DLL
0x00007ffa92510000 - 0x00007ffa9272d000 	C:\WINDOWS\System32\KERNELBASE.dll
0x00007ffa93890000 - 0x00007ffa93932000 	C:\WINDOWS\System32\ADVAPI32.dll
0x00007ffa92c20000 - 0x00007ffa92cbe000 	C:\WINDOWS\System32\msvcrt.dll
0x00007ffa95620000 - 0x00007ffa95679000 	C:\WINDOWS\System32\sechost.dll
0x00007ffa92ed0000 - 0x00007ffa92ff1000 	C:\WINDOWS\System32\RPCRT4.dll
0x00007ffa93a90000 - 0x00007ffa93bf5000 	C:\WINDOWS\System32\USER32.dll
0x00007ffa929b0000 - 0x00007ffa929ce000 	C:\WINDOWS\System32\win32u.dll
0x00007ffa95310000 - 0x00007ffa95344000 	C:\WINDOWS\System32\GDI32.dll
0x00007ffa92a80000 - 0x00007ffa92c02000 	C:\WINDOWS\System32\gdi32full.dll
0x00007ffa8dc10000 - 0x00007ffa8de89000 	C:\WINDOWS\WinSxS\amd64_microsoft.windows.common-controls_6595b64144ccf1df_6.0.14393.0_none_2d0f50fcbdb171b8\COMCTL32.dll
0x00007ffa95350000 - 0x00007ffa95617000 	C:\WINDOWS\System32\combase.dll
0x00007ffa91c10000 - 0x00007ffa91d05000 	C:\WINDOWS\System32\ucrtbase.dll
0x00007ffa91d10000 - 0x00007ffa91d7a000 	C:\WINDOWS\System32\bcryptPrimitives.dll
0x00007ffa951a0000 - 0x00007ffa951ce000 	C:\WINDOWS\System32\IMM32.DLL
0x0000000069950000 - 0x0000000069a22000 	C:\Program Files\Java\jdk1.8.0_101\jre\bin\msvcr100.dll
0x000000006a4f0000 - 0x000000006ad8a000 	C:\Program Files\Java\jdk1.8.0_101\jre\bin\server\jvm.dll
0x00007ffa92c10000 - 0x00007ffa92c18000 	C:\WINDOWS\System32\PSAPI.DLL
0x00007ffa85320000 - 0x00007ffa85329000 	C:\WINDOWS\SYSTEM32\WSOCK32.dll
0x00007ffa8ff00000 - 0x00007ffa8ff23000 	C:\WINDOWS\SYSTEM32\WINMM.dll
0x00007ffa8de90000 - 0x00007ffa8de9a000 	C:\WINDOWS\SYSTEM32\VERSION.dll
0x00007ffa93820000 - 0x00007ffa9388a000 	C:\WINDOWS\System32\WS2_32.dll
0x00007ffa8fed0000 - 0x00007ffa8fefb000 	C:\WINDOWS\SYSTEM32\WINMMBASE.dll
0x00007ffa92730000 - 0x00007ffa92772000 	C:\WINDOWS\System32\cfgmgr32.dll
0x000000006a4e0000 - 0x000000006a4ef000 	C:\Program Files\Java\jdk1.8.0_101\jre\bin\verify.dll
0x000000006a4b0000 - 0x000000006a4d9000 	C:\Program Files\Java\jdk1.8.0_101\jre\bin\java.dll
0x000000006a490000 - 0x000000006a4a6000 	C:\Program Files\Java\jdk1.8.0_101\jre\bin\zip.dll
0x00007ffa93c00000 - 0x00007ffa95108000 	C:\WINDOWS\System32\SHELL32.dll
0x00007ffa91e30000 - 0x00007ffa9250a000 	C:\WINDOWS\System32\windows.storage.dll
0x00007ffa91ba0000 - 0x00007ffa91bec000 	C:\WINDOWS\System32\powrprof.dll
0x00007ffa95140000 - 0x00007ffa95192000 	C:\WINDOWS\System32\shlwapi.dll
0x00007ffa91bf0000 - 0x00007ffa91bff000 	C:\WINDOWS\System32\kernel.appcore.dll
0x00007ffa929d0000 - 0x00007ffa92a79000 	C:\WINDOWS\System32\shcore.dll
0x00007ffa91b80000 - 0x00007ffa91b94000 	C:\WINDOWS\System32\profapi.dll

VM Arguments:
jvm_args: -Djava.awt.headless=true -Xmx1024M -Dfile.encoding=GBK -Duser.country=CN -Duser.language=zh -Duser.variant 
java_command: com.android.dx.command.Main --dex --force-jumbo --num-threads=4 --multi-dex --output F:\developer\android_workspace\CubeCare3.0\app\build\intermediates\transforms\dex\debug\folders\1000\5\slice_0 F:\developer\android_workspace\CubeCare3.0\app\build\intermediates\transforms\instantRunSlicer\debug\folders\1\5\slice_0
java_class_path (initial): C:\Users\panho\AppData\Local\Android\Sdk\build-tools\24.0.1\lib\dx.jar
Launcher Type: SUN_STANDARD

Environment Variables:



---------------  S Y S T E M  ---------------

OS: Windows 10.0 , 64 bit Build 14393 (10.0.14393.0)

CPU:total 8 (4 cores per cpu, 2 threads per core) family 6 model 60 stepping 3, cmov, cx8, fxsr, mmx, sse, sse2, sse3, ssse3, sse4.1, sse4.2, popcnt, avx, avx2, aes, clmul, erms, lzcnt, ht, tsc, tscinvbit, bmi1, bmi2

Memory: 4k page, physical 8067492k(1275412k free), swap 8067492k(4124k free)

vm_info: Java HotSpot(TM) 64-Bit Server VM (25.101-b13) for windows-amd64 JRE (1.8.0_101-b13), built on Jun 22 2016 01:21:29 by "java_re" with MS VC++ 10.0 (VS2010)

time: Tue Sep 13 10:44:57 2016
elapsed time: 1 seconds (0d 0h 0m 1s)

