#
# There is insufficient memory for the Java Runtime Environment to continue.
# Native memory allocation (malloc) failed to allocate 262160 bytes for Chunk::new
# Possible reasons:
#   The system is out of physical RAM or swap space
#   In 32 bit mode, the process size limit was hit
# Possible solutions:
#   Reduce memory load on the system
#   Increase physical memory or swap space
#   Check if swap backing store is full
#   Use 64 bit Java on a 64 bit OS
#   Decrease Java heap size (-Xmx/-Xms)
#   Decrease number of Java threads
#   Decrease Java thread stack sizes (-Xss)
#   Set larger code cache with -XX:ReservedCodeCacheSize=
# This output file may be truncated or incomplete.
#
#  Out of Memory Error (allocation.cpp:390), pid=11496, tid=0x00000000000009dc
#
# JRE version: Java(TM) SE Runtime Environment (8.0_101-b13) (build 1.8.0_101-b13)
# Java VM: Java HotSpot(TM) 64-Bit Server VM (25.101-b13 mixed mode windows-amd64 compressed oops)
# Failed to write core dump. Minidumps are not enabled by default on client versions of Windows
#

---------------  T H R E A D  ---------------

Current thread (0x000000001597d800):  JavaThread "C2 CompilerThread1" daemon [_thread_in_native, id=2524, stack(0x0000000018150000,0x0000000018250000)]

Stack: [0x0000000018150000,0x0000000018250000]
[error occurred during error reporting (printing stack bounds), id 0xc0000005]

Native frames: (J=compiled Java code, j=interpreted, Vv=VM code, C=native code)


Current CompileTask:
C2:   1513 1340       4       com.android.dx.ssa.SCCP::simulateBranch (666 bytes)


---------------  P R O C E S S  ---------------

Java Threads: ( => current thread )
  0x0000000017b8c800 JavaThread "pool-3-thread-1" [_thread_blocked, id=11448, stack(0x0000000018750000,0x0000000018850000)]
  0x0000000017b32000 JavaThread "pool-2-thread-1" [_thread_in_Java, id=7960, stack(0x0000000018650000,0x0000000018750000)]
  0x0000000017a40800 JavaThread "Service Thread" daemon [_thread_blocked, id=11760, stack(0x0000000018450000,0x0000000018550000)]
  0x0000000017a34800 JavaThread "C1 CompilerThread3" daemon [_thread_blocked, id=8852, stack(0x0000000018350000,0x0000000018450000)]
  0x0000000017a30800 JavaThread "C2 CompilerThread2" daemon [_thread_in_native, id=13108, stack(0x0000000018250000,0x0000000018350000)]
=>0x000000001597d800 JavaThread "C2 CompilerThread1" daemon [_thread_in_native, id=2524, stack(0x0000000018150000,0x0000000018250000)]
  0x000000001597a000 JavaThread "C2 CompilerThread0" daemon [_thread_in_native, id=7052, stack(0x0000000018050000,0x0000000018150000)]
  0x000000001798a800 JavaThread "Attach Listener" daemon [_thread_blocked, id=7796, stack(0x0000000017f50000,0x0000000018050000)]
  0x0000000017989800 JavaThread "Signal Dispatcher" daemon [_thread_blocked, id=8768, stack(0x0000000017e50000,0x0000000017f50000)]
  0x0000000017971800 JavaThread "Finalizer" daemon [_thread_blocked, id=13164, stack(0x0000000017d50000,0x0000000017e50000)]
  0x0000000002e46000 JavaThread "Reference Handler" daemon [_thread_blocked, id=256, stack(0x0000000017850000,0x0000000017950000)]
  0x0000000002d51000 JavaThread "main" [_thread_blocked, id=11156, stack(0x0000000002c10000,0x0000000002d10000)]

Other Threads:
  0x0000000015969800 VMThread [stack: 0x0000000017750000,0x0000000017850000] [id=6528]
  0x0000000017af5800 WatcherThread [stack: 0x0000000018550000,0x0000000018650000] [id=11752]

VM state:not at safepoint (normal execution)

VM Mutex/Monitor currently owned by a thread: None

Heap:
 PSYoungGen      total 36864K, used 21763K [0x00000000eab00000, 0x00000000ef300000, 0x0000000100000000)
  eden space 31744K, 52% used [0x00000000eab00000,0x00000000ebb43a40,0x00000000eca00000)
  from space 5120K, 99% used [0x00000000eca00000,0x00000000ecefd540,0x00000000ecf00000)
  to   space 5120K, 0% used [0x00000000eee00000,0x00000000eee00000,0x00000000ef300000)
 ParOldGen       total 84992K, used 11931K [0x00000000c0000000, 0x00000000c5300000, 0x00000000eab00000)
  object space 84992K, 14% used [0x00000000c0000000,0x00000000c0ba6d88,0x00000000c5300000)
 Metaspace       used 5937K, capacity 7024K, committed 7296K, reserved 1056768K
  class space    used 587K, capacity 616K, committed 640K, reserved 1048576K

Card table byte_map: [0x0000000012210000,0x0000000012420000] byte_map_base: 0x0000000011c10000

Marking Bits: (ParMarkBitMap*) 0x000000006ad0a6d0
 Begin Bits: [0x0000000012d80000, 0x0000000013d80000)
 End Bits:   [0x0000000013d80000, 0x0000000014d80000)

Polling page: 0x0000000000e70000

CodeCache: size=245760Kb used=5931Kb max_used=5931Kb free=239829Kb
 bounds [0x0000000002e50000, 0x0000000003420000, 0x0000000011e50000]
 total_blobs=1684 nmethods=1420 adapters=177
 compilation: enabled

Compilation events (10 events):
Event: 1.444 Thread 0x0000000017a34800 nmethod 1429% 0x00000000033d5d90 code [0x00000000033d6000, 0x00000000033d7168]
Event: 1.444 Thread 0x0000000017a34800 1428 %     3       com.android.dx.ssa.SsaMethod::makeExitBlock @ 69 (134 bytes)
Event: 1.446 Thread 0x0000000017a34800 nmethod 1428% 0x00000000033d7a90 code [0x00000000033d7d00, 0x00000000033d8c58]
Event: 1.446 Thread 0x0000000017a34800 1433 %     3       com.android.dx.ssa.SsaConverter::edgeSplitMoveExceptionsAndResults @ 12 (157 bytes)
Event: 1.447 Thread 0x0000000017a34800 nmethod 1433% 0x00000000033d9450 code [0x00000000033d97e0, 0x00000000033db548]
Event: 1.447 Thread 0x0000000017a34800 1436       3       com.android.dx.ssa.DomFront::calcDomFronts (154 bytes)
Event: 1.449 Thread 0x0000000017a34800 nmethod 1436 0x00000000033dc910 code [0x00000000033dcb80, 0x00000000033dd908]
Event: 1.449 Thread 0x0000000017a34800 1438 %     3       com.android.dx.ssa.back.SsaToRop::removePhiFunctions @ 13 (83 bytes)
Event: 1.450 Thread 0x0000000017a34800 nmethod 1438% 0x00000000033de410 code [0x00000000033de6e0, 0x00000000033dfb68]
Event: 1.450 Thread 0x0000000017a34800 1442   !   2       com.android.dx.cf.code.BytecodeArray::parseInstruction (2764 bytes)

GC Heap History (4 events):
Event: 0.863 GC heap before
{Heap before GC invocations=1 (full 0):
 PSYoungGen      total 36864K, used 31744K [0x00000000eab00000, 0x00000000ed400000, 0x0000000100000000)
  eden space 31744K, 100% used [0x00000000eab00000,0x00000000eca00000,0x00000000eca00000)
  from space 5120K, 0% used [0x00000000ecf00000,0x00000000ecf00000,0x00000000ed400000)
  to   space 5120K, 0% used [0x00000000eca00000,0x00000000eca00000,0x00000000ecf00000)
 ParOldGen       total 84992K, used 0K [0x00000000c0000000, 0x00000000c5300000, 0x00000000eab00000)
  object space 84992K, 0% used [0x00000000c0000000,0x00000000c0000000,0x00000000c5300000)
 Metaspace       used 5751K, capacity 6832K, committed 7040K, reserved 1056768K
  class space    used 586K, capacity 616K, committed 640K, reserved 1048576K
Event: 0.873 GC heap after
Heap after GC invocations=1 (full 0):
 PSYoungGen      total 36864K, used 5114K [0x00000000eab00000, 0x00000000ed400000, 0x0000000100000000)
  eden space 31744K, 0% used [0x00000000eab00000,0x00000000eab00000,0x00000000eca00000)
  from space 5120K, 99% used [0x00000000eca00000,0x00000000ecefe900,0x00000000ecf00000)
  to   space 5120K, 0% used [0x00000000ecf00000,0x00000000ecf00000,0x00000000ed400000)
 ParOldGen       total 84992K, used 2334K [0x00000000c0000000, 0x00000000c5300000, 0x00000000eab00000)
  object space 84992K, 2% used [0x00000000c0000000,0x00000000c0247b00,0x00000000c5300000)
 Metaspace       used 5751K, capacity 6832K, committed 7040K, reserved 1056768K
  class space    used 586K, capacity 616K, committed 640K, reserved 1048576K
}
Event: 1.192 GC heap before
{Heap before GC invocations=2 (full 0):
 PSYoungGen      total 36864K, used 36858K [0x00000000eab00000, 0x00000000ed400000, 0x0000000100000000)
  eden space 31744K, 100% used [0x00000000eab00000,0x00000000eca00000,0x00000000eca00000)
  from space 5120K, 99% used [0x00000000eca00000,0x00000000ecefe900,0x00000000ecf00000)
  to   space 5120K, 0% used [0x00000000ecf00000,0x00000000ecf00000,0x00000000ed400000)
 ParOldGen       total 84992K, used 2334K [0x00000000c0000000, 0x00000000c5300000, 0x00000000eab00000)
  object space 84992K, 2% used [0x00000000c0000000,0x00000000c0247b00,0x00000000c5300000)
 Metaspace       used 5913K, capacity 6960K, committed 7040K, reserved 1056768K
  class space    used 587K, capacity 616K, committed 640K, reserved 1048576K
Event: 1.214 GC heap after
Heap after GC invocations=2 (full 0):
 PSYoungGen      total 36864K, used 5114K [0x00000000eab00000, 0x00000000ef300000, 0x0000000100000000)
  eden space 31744K, 0% used [0x00000000eab00000,0x00000000eab00000,0x00000000eca00000)
  from space 5120K, 99% used [0x00000000ecf00000,0x00000000ed3fe8e0,0x00000000ed400000)
  to   space 5120K, 0% used [0x00000000eca00000,0x00000000eca00000,0x00000000ecf00000)
 ParOldGen       total 84992K, used 6811K [0x00000000c0000000, 0x00000000c5300000, 0x00000000eab00000)
  object space 84992K, 8% used [0x00000000c0000000,0x00000000c06a6c98,0x00000000c5300000)
 Metaspace       used 5913K, capacity 6960K, committed 7040K, reserved 1056768K
  class space    used 587K, capacity 616K, committed 640K, reserved 1048576K
}

Deoptimization events (10 events):
Event: 0.801 Thread 0x0000000002d51000 Uncommon trap: reason=class_check action=maybe_recompile pc=0x00000000031c5cb0 method=com.android.dx.ssa.NormalSsaInsn.accept(Lcom/android/dx/ssa/SsaInsn$Visitor;)V @ 9
Event: 0.802 Thread 0x0000000002d51000 Uncommon trap: reason=class_check action=maybe_recompile pc=0x00000000031c5cb0 method=com.android.dx.ssa.NormalSsaInsn.accept(Lcom/android/dx/ssa/SsaInsn$Visitor;)V @ 9
Event: 0.802 Thread 0x0000000002d51000 Uncommon trap: reason=class_check action=maybe_recompile pc=0x00000000031d1110 method=com.android.dx.ssa.NormalSsaInsn.accept(Lcom/android/dx/ssa/SsaInsn$Visitor;)V @ 9
Event: 0.817 Thread 0x0000000017b32000 Uncommon trap: reason=unstable_if action=reinterpret pc=0x000000000313b0cc method=com.android.dx.rop.code.RegisterSpecSet.put(Lcom/android/dx/rop/code/RegisterSpec;)V @ 77
Event: 0.835 Thread 0x0000000017c7d000 Uncommon trap: reason=unstable_if action=reinterpret pc=0x00000000031ecf9c method=com.android.dx.rop.cst.Constant.compareTo(Lcom/android/dx/rop/cst/Constant;)I @ 12
Event: 0.898 Thread 0x0000000017c7d000 Uncommon trap: reason=unstable_if action=reinterpret pc=0x00000000031ed2fc method=com.android.dx.rop.code.RegisterSpec.withReg(I)Lcom/android/dx/rop/code/RegisterSpec; @ 5
Event: 0.945 Thread 0x0000000002d51000 Uncommon trap: reason=unstable_if action=reinterpret pc=0x00000000031f7e34 method=com.android.dx.dex.code.OutputFinisher.hasLocalInfo(Lcom/android/dx/dex/code/DalvInsn;)Z @ 24
Event: 1.430 Thread 0x0000000017c7b000 Uncommon trap: reason=class_check action=maybe_recompile pc=0x000000000339fc48 method=com.android.dx.ssa.SCCP.simulatePhi(Lcom/android/dx/ssa/PhiInsn;)V @ 124
Event: 1.441 Thread 0x0000000017c7b000 Uncommon trap: reason=class_check action=maybe_recompile pc=0x000000000339fc48 method=com.android.dx.ssa.SCCP.simulatePhi(Lcom/android/dx/ssa/PhiInsn;)V @ 124
Event: 1.450 Thread 0x0000000017b32000 Uncommon trap: reason=unstable_if action=reinterpret pc=0x0000000003382358 method=com.android.dx.cf.code.BytecodeArray.parseInstruction(ILcom/android/dx/cf/code/BytecodeArray$Visitor;)I @ 1198

Internal exceptions (4 events):
Event: 0.096 Thread 0x0000000002d51000 Exception <a 'java/lang/NoSuchMethodError': Method sun.misc.Unsafe.defineClass(Ljava/lang/String;[BII)Ljava/lang/Class; name or signature does not match> (0x00000000eab07cc0) thrown at [C:\re\workspace\8-2-build-windows-amd64-cygwin\jdk8u101\7261\hotspot\sÇ…6'¨ù∏?
Event: 0.096 Thread 0x0000000002d51000 Exception <a 'java/lang/NoSuchMethodError': Method sun.misc.Unsafe.prefetchRead(Ljava/lang/Object;J)V name or signature does not match> (0x00000000eab07fa8) thrown at [C:\re\workspace\8-2-build-windows-amd64-cygwin\jdk8u101\7261\hotspot\src\share\vm\prims\©—?êıCÁ?
Event: 0.727 Thread 0x0000000017c7b000 Implicit null exception at 0x000000000315b45d to 0x000000000315c53d
Event: 0.727 Thread 0x0000000017c7b000 Implicit null exception at 0x0000000003130866 to 0x00000000031324a9

Events (10 events):
Event: 1.446 Thread 0x0000000017c7b000 DEOPT PACKING pc=0x0000000003249c4f sp=0x0000000018a4eb10
Event: 1.446 Thread 0x0000000017ba4000 DEOPT UNPACKING pc=0x0000000002e9787f sp=0x000000001894e5c0 mode 0
Event: 1.446 Thread 0x0000000017c7b000 DEOPT UNPACKING pc=0x0000000002e9787f sp=0x0000000018a4e8f0 mode 0
Event: 1.450 Thread 0x0000000017b32000 Uncommon trap: trap_request=0xffffff65 fr.pc=0x0000000003382358
Event: 1.450 Thread 0x0000000017b32000 DEOPT PACKING pc=0x0000000003382358 sp=0x000000001874e7c0
Event: 1.450 Thread 0x0000000017b32000 DEOPT UNPACKING pc=0x0000000002e9582a sp=0x000000001874e7a8 mode 2
Event: 1.452 Thread 0x0000000017c7d000 DEOPT PACKING pc=0x0000000003249c4f sp=0x0000000018b4e620
Event: 1.452 Thread 0x0000000017c7d000 DEOPT UNPACKING pc=0x0000000002e9787f sp=0x0000000018b4e400 mode 0
Event: 1.458 Thread 0x0000000017c7d000 DEOPT PACKING pc=0x0000000003263504 sp=0x0000000018b4e660
Event: 1.458 Thread 0x0000000017c7d000 DEOPT UNPACKING pc=0x0000000002e9787f sp=0x0000000018b4e428 mode 0


Dynamic libraries:
0x00007ff702790000 - 0x00007ff7027c7000 	C:\Program Files\Java\jdk1.8.0_101\bin\java.exe
0x00007ffa95680000 - 0x00007ffa95851000 	C:\WINDOWS\SYSTEM32\ntdll.dll
0x00007ffa93940000 - 0x00007ffa939eb000 	C:\WINDOWS\System32\KERNEL32.DLL
0x00007ffa92510000 - 0x00007ffa9272d000 	C:\WINDOWS\System32\KERNELBASE.dll
0x00007ffa93890000 - 0x00007ffa93932000 	C:\WINDOWS\System32\ADVAPI32.dll
0x00007ffa92c20000 - 0x00007ffa92cbe000 	C:\WINDOWS\System32\msvcrt.dll
0x00007ffa95620000 - 0x00007ffa95679000 	C:\WINDOWS\System32\sechost.dll
0x00007ffa92ed0000 - 0x00007ffa92ff1000 	C:\WINDOWS\System32\RPCRT4.dll
0x00007ffa93a90000 - 0x00007ffa93bf5000 	C:\WINDOWS\System32\USER32.dll
0x00007ffa929b0000 - 0x00007ffa929ce000 	C:\WINDOWS\System32\win32u.dll
0x00007ffa95310000 - 0x00007ffa95344000 	C:\WINDOWS\System32\GDI32.dll
0x00007ffa92a80000 - 0x00007ffa92c02000 	C:\WINDOWS\System32\gdi32full.dll
0x00007ffa8dc10000 - 0x00007ffa8de89000 	C:\WINDOWS\WinSxS\amd64_microsoft.windows.common-controls_6595b64144ccf1df_6.0.14393.0_none_2d0f50fcbdb171b8\COMCTL32.dll
0x00007ffa95350000 - 0x00007ffa95617000 	C:\WINDOWS\System32\combase.dll
0x00007ffa91c10000 - 0x00007ffa91d05000 	C:\WINDOWS\System32\ucrtbase.dll
0x00007ffa91d10000 - 0x00007ffa91d7a000 	C:\WINDOWS\System32\bcryptPrimitives.dll
0x00007ffa951a0000 - 0x00007ffa951ce000 	C:\WINDOWS\System32\IMM32.DLL
0x0000000069950000 - 0x0000000069a22000 	C:\Program Files\Java\jdk1.8.0_101\jre\bin\msvcr100.dll
0x000000006a4f0000 - 0x000000006ad8a000 	C:\Program Files\Java\jdk1.8.0_101\jre\bin\server\jvm.dll
0x00007ffa92c10000 - 0x00007ffa92c18000 	C:\WINDOWS\System32\PSAPI.DLL
0x00007ffa85320000 - 0x00007ffa85329000 	C:\WINDOWS\SYSTEM32\WSOCK32.dll
0x00007ffa93820000 - 0x00007ffa9388a000 	C:\WINDOWS\System32\WS2_32.dll
0x00007ffa8ff00000 - 0x00007ffa8ff23000 	C:\WINDOWS\SYSTEM32\WINMM.dll
0x00007ffa8de90000 - 0x00007ffa8de9a000 	C:\WINDOWS\SYSTEM32\VERSION.dll
0x00007ffa8fed0000 - 0x00007ffa8fefb000 	C:\WINDOWS\SYSTEM32\WINMMBASE.dll
0x00007ffa92730000 - 0x00007ffa92772000 	C:\WINDOWS\System32\cfgmgr32.dll
0x000000006a4e0000 - 0x000000006a4ef000 	C:\Program Files\Java\jdk1.8.0_101\jre\bin\verify.dll
0x000000006a4b0000 - 0x000000006a4d9000 	C:\Program Files\Java\jdk1.8.0_101\jre\bin\java.dll
0x000000006a490000 - 0x000000006a4a6000 	C:\Program Files\Java\jdk1.8.0_101\jre\bin\zip.dll
0x00007ffa93c00000 - 0x00007ffa95108000 	C:\WINDOWS\System32\SHELL32.dll
0x00007ffa91e30000 - 0x00007ffa9250a000 	C:\WINDOWS\System32\windows.storage.dll
0x00007ffa91ba0000 - 0x00007ffa91bec000 	C:\WINDOWS\System32\powrprof.dll
0x00007ffa95140000 - 0x00007ffa95192000 	C:\WINDOWS\System32\shlwapi.dll
0x00007ffa91bf0000 - 0x00007ffa91bff000 	C:\WINDOWS\System32\kernel.appcore.dll
0x00007ffa929d0000 - 0x00007ffa92a79000 	C:\WINDOWS\System32\shcore.dll
0x00007ffa91b80000 - 0x00007ffa91b94000 	C:\WINDOWS\System32\profapi.dll

VM Arguments:
jvm_args: -Djava.awt.headless=true -Xmx1024M -Dfile.encoding=GBK -Duser.country=CN -Duser.language=zh -Duser.variant 
java_command: com.android.dx.command.Main --dex --force-jumbo --num-threads=4 --multi-dex --output F:\developer\android_workspace\CubeCare3.0\app\build\intermediates\transforms\dex\debug\folders\1000\5\slice_4 F:\developer\android_workspace\CubeCare3.0\app\build\intermediates\transforms\instantRunSlicer\debug\folders\1\5\slice_4
java_class_path (initial): C:\Users\panho\AppData\Local\Android\Sdk\build-tools\24.0.1\lib\dx.jar
Launcher Type: SUN_STANDARD

Environment Variables:
JAVA_HOME=C:\Program Files\Java\jdk1.8.0_101
PATH=F:\app\panho\product\11.2.0\dbhome_1\bin;C:\ProgramData\Oracle\Java\javapath;C:\WINDOWS\system32;C:\WINDOWS;C:\WINDOWS\System32\Wbem;C:\WINDOWS\System32\WindowsPowerShell\v1.0\;C:\Windows\System32\pan;C:\Program Files\Java\jdk1.8.0_101\bin;C:\Program Files\Java\jre1.8.0_101\bin;C:\Program Files (x86)\GtkSharp\2.12\bin;C:\Users\panho\.app\;%USERPROFILE%\AppData\Local\Microsoft\WindowsApps;
USERNAME=panho
OS=Windows_NT
PROCESSOR_IDENTIFIER=Intel64 Family 6 Model 60 Stepping 3, GenuineIntel



---------------  S Y S T E M  ---------------

OS: Windows 10.0 , 64 bit Build 14393 (10.0.14393.0)

CPU:total 8 (4 cores per cpu, 2 threads per core) family 6 model 60 stepping 3, cmov, cx8, fxsr, mmx, sse, sse2, sse3, ssse3, sse4.1, sse4.2, popcnt, avx, avx2, aes, clmul, erms, lzcnt, ht, tsc, tscinvbit, bmi1, bmi2

Memory: 4k page, physical 8067492k(1097268k free), swap 8067492k(35656k free)

vm_info: Java HotSpot(TM) 64-Bit Server VM (25.101-b13) for windows-amd64 JRE (1.8.0_101-b13), built on Jun 22 2016 01:21:29 by "java_re" with MS VC++ 10.0 (VS2010)

time: Tue Sep 13 10:44:59 2016
elapsed time: 1 seconds (0d 0h 0m 1s)

