#
# There is insufficient memory for the Java Runtime Environment to continue.
# Native memory allocation (malloc) failed to allocate 137616 bytes for Chunk::new
# Possible reasons:
#   The system is out of physical RAM or swap space
#   In 32 bit mode, the process size limit was hit
# Possible solutions:
#   Reduce memory load on the system
#   Increase physical memory or swap space
#   Check if swap backing store is full
#   Use 64 bit Java on a 64 bit OS
#   Decrease Java heap size (-Xmx/-Xms)
#   Decrease number of Java threads
#   Decrease Java thread stack sizes (-Xss)
#   Set larger code cache with -XX:ReservedCodeCacheSize=
# This output file may be truncated or incomplete.
#
#  Out of Memory Error (allocation.cpp:390), pid=4488, tid=0x00000000000018b8
#
# JRE version: Java(TM) SE Runtime Environment (8.0_101-b13) (build 1.8.0_101-b13)
# Java VM: Java HotSpot(TM) 64-Bit Server VM (25.101-b13 mixed mode windows-amd64 compressed oops)
# Failed to write core dump. Minidumps are not enabled by default on client versions of Windows
#

---------------  T H R E A D  ---------------

Current thread (0x0000000017dff800):  JavaThread "C2 CompilerThread2" daemon [_thread_in_native, id=6328, stack(0x00000000186d0000,0x00000000187d0000)]

Stack: [0x00000000186d0000,0x00000000187d0000]
[error occurred during error reporting (printing stack bounds), id 0xc0000005]

Native frames: (J=compiled Java code, j=interpreted, Vv=VM code, C=native code)


Current CompileTask:
C2:   3298 1523       4       java.util.TreeMap::put (247 bytes)


---------------  P R O C E S S  ---------------

Java Threads: ( => current thread )
  0x0000000017fa7800 JavaThread "pool-1-thread-1" [_thread_in_Java, id=7688, stack(0x000000001b970000,0x000000001ba70000)]
  0x0000000017eaa800 JavaThread "Service Thread" daemon [_thread_blocked, id=2444, stack(0x00000000188d0000,0x00000000189d0000)]
  0x0000000017e1a000 JavaThread "C1 CompilerThread3" daemon [_thread_blocked, id=12432, stack(0x00000000187d0000,0x00000000188d0000)]
=>0x0000000017dff800 JavaThread "C2 CompilerThread2" daemon [_thread_in_native, id=6328, stack(0x00000000186d0000,0x00000000187d0000)]
  0x0000000017dfb800 JavaThread "C2 CompilerThread1" daemon [_thread_in_native, id=12980, stack(0x00000000185d0000,0x00000000186d0000)]
  0x0000000015e8e000 JavaThread "C2 CompilerThread0" daemon [_thread_in_native, id=5188, stack(0x00000000184d0000,0x00000000185d0000)]
  0x0000000017df7800 JavaThread "Attach Listener" daemon [_thread_blocked, id=11720, stack(0x00000000183d0000,0x00000000184d0000)]
  0x0000000017df6800 JavaThread "Signal Dispatcher" daemon [_thread_blocked, id=3252, stack(0x00000000182d0000,0x00000000183d0000)]
  0x000000000335d800 JavaThread "Finalizer" daemon [_thread_blocked, id=4384, stack(0x0000000018170000,0x0000000018270000)]
  0x0000000003357000 JavaThread "Reference Handler" daemon [_thread_blocked, id=8912, stack(0x0000000017c70000,0x0000000017d70000)]
  0x0000000003261000 JavaThread "main" [_thread_blocked, id=4792, stack(0x0000000002da0000,0x0000000002ea0000)]

Other Threads:
  0x0000000015e79000 VMThread [stack: 0x0000000017b70000,0x0000000017c70000] [id=12488]
  0x0000000017ef3800 WatcherThread [stack: 0x00000000189d0000,0x0000000018ad0000] [id=8736]

VM state:not at safepoint (normal execution)

VM Mutex/Monitor currently owned by a thread: None

Heap:
 PSYoungGen      total 68608K, used 15887K [0x00000000eab00000, 0x00000000f3100000, 0x0000000100000000)
  eden space 63488K, 16% used [0x00000000eab00000,0x00000000eb587e68,0x00000000ee900000)
  from space 5120K, 99% used [0x00000000ee900000,0x00000000eedfbe38,0x00000000eee00000)
  to   space 5120K, 0% used [0x00000000f2c00000,0x00000000f2c00000,0x00000000f3100000)
 ParOldGen       total 84992K, used 32945K [0x00000000c0000000, 0x00000000c5300000, 0x00000000eab00000)
  object space 84992K, 38% used [0x00000000c0000000,0x00000000c202c528,0x00000000c5300000)
 Metaspace       used 6000K, capacity 7024K, committed 7296K, reserved 1058816K
  class space    used 599K, capacity 616K, committed 640K, reserved 1048576K

Card table byte_map: [0x0000000012720000,0x0000000012930000] byte_map_base: 0x0000000012120000

Marking Bits: (ParMarkBitMap*) 0x000000006ad0a6d0
 Begin Bits: [0x0000000013290000, 0x0000000014290000)
 End Bits:   [0x0000000014290000, 0x0000000015290000)

Polling page: 0x00000000017f0000

CodeCache: size=245760Kb used=6544Kb max_used=6544Kb free=239215Kb
 bounds [0x0000000003360000, 0x00000000039d0000, 0x0000000012360000]
 total_blobs=1744 nmethods=1480 adapters=177
 compilation: enabled

Compilation events (10 events):
Event: 3.236 Thread 0x0000000017e1a000 1530       3       java.util.HashMap$KeyIterator::next (8 bytes)
Event: 3.237 Thread 0x0000000017e1a000 nmethod 1530 0x00000000039b8610 code [0x00000000039b8780, 0x00000000039b8988]
Event: 3.237 Thread 0x0000000017e1a000 1531       3       com.android.dx.rop.cst.CstMemberRef::hashCode (19 bytes)
Event: 3.237 Thread 0x0000000017e1a000 nmethod 1531 0x00000000039b8a50 code [0x00000000039b8c00, 0x00000000039b9428]
Event: 3.237 Thread 0x0000000017e1a000 1532       3       com.android.dx.rop.cst.CstNat::hashCode (19 bytes)
Event: 3.237 Thread 0x0000000017e1a000 nmethod 1532 0x00000000039b97d0 code [0x00000000039b9960, 0x00000000039b9e18]
Event: 3.238 Thread 0x0000000017e1a000 1533       3       com.android.dx.rop.cst.CstFieldRef::compareTo0 (43 bytes)
Event: 3.239 Thread 0x0000000017e1a000 nmethod 1533 0x00000000039b9fd0 code [0x00000000039ba1c0, 0x00000000039bae28]
Event: 3.239 Thread 0x0000000017e1a000 1534   !   3       com.android.dx.rop.cst.CstType::intern (48 bytes)
Event: 3.239 Thread 0x0000000017dfb800 1535       4       java.util.HashMap::get (23 bytes)

GC Heap History (6 events):
Event: 1.361 GC heap before
{Heap before GC invocations=1 (full 0):
 PSYoungGen      total 36864K, used 31744K [0x00000000eab00000, 0x00000000ed400000, 0x0000000100000000)
  eden space 31744K, 100% used [0x00000000eab00000,0x00000000eca00000,0x00000000eca00000)
  from space 5120K, 0% used [0x00000000ecf00000,0x00000000ecf00000,0x00000000ed400000)
  to   space 5120K, 0% used [0x00000000eca00000,0x00000000eca00000,0x00000000ecf00000)
 ParOldGen       total 84992K, used 0K [0x00000000c0000000, 0x00000000c5300000, 0x00000000eab00000)
  object space 84992K, 0% used [0x00000000c0000000,0x00000000c0000000,0x00000000c5300000)
 Metaspace       used 5749K, capacity 6832K, committed 7040K, reserved 1058816K
  class space    used 589K, capacity 616K, committed 640K, reserved 1048576K
Event: 1.401 GC heap after
Heap after GC invocations=1 (full 0):
 PSYoungGen      total 36864K, used 5114K [0x00000000eab00000, 0x00000000ef300000, 0x0000000100000000)
  eden space 31744K, 0% used [0x00000000eab00000,0x00000000eab00000,0x00000000eca00000)
  from space 5120K, 99% used [0x00000000eca00000,0x00000000ecefeac0,0x00000000ecf00000)
  to   space 5120K, 0% used [0x00000000eee00000,0x00000000eee00000,0x00000000ef300000)
 ParOldGen       total 84992K, used 4121K [0x00000000c0000000, 0x00000000c5300000, 0x00000000eab00000)
  object space 84992K, 4% used [0x00000000c0000000,0x00000000c0406688,0x00000000c5300000)
 Metaspace       used 5749K, capacity 6832K, committed 7040K, reserved 1058816K
  class space    used 589K, capacity 616K, committed 640K, reserved 1048576K
}
Event: 1.602 GC heap before
{Heap before GC invocations=2 (full 0):
 PSYoungGen      total 36864K, used 36858K [0x00000000eab00000, 0x00000000ef300000, 0x0000000100000000)
  eden space 31744K, 100% used [0x00000000eab00000,0x00000000eca00000,0x00000000eca00000)
  from space 5120K, 99% used [0x00000000eca00000,0x00000000ecefeac0,0x00000000ecf00000)
  to   space 5120K, 0% used [0x00000000eee00000,0x00000000eee00000,0x00000000ef300000)
 ParOldGen       total 84992K, used 4121K [0x00000000c0000000, 0x00000000c5300000, 0x00000000eab00000)
  object space 84992K, 4% used [0x00000000c0000000,0x00000000c0406688,0x00000000c5300000)
 Metaspace       used 5865K, capacity 6960K, committed 7040K, reserved 1058816K
  class space    used 593K, capacity 616K, committed 640K, reserved 1048576K
Event: 1.621 GC heap after
Heap after GC invocations=2 (full 0):
 PSYoungGen      total 68608K, used 5107K [0x00000000eab00000, 0x00000000ef300000, 0x0000000100000000)
  eden space 63488K, 0% used [0x00000000eab00000,0x00000000eab00000,0x00000000ee900000)
  from space 5120K, 99% used [0x00000000eee00000,0x00000000ef2fcf18,0x00000000ef300000)
  to   space 5120K, 0% used [0x00000000ee900000,0x00000000ee900000,0x00000000eee00000)
 ParOldGen       total 84992K, used 11171K [0x00000000c0000000, 0x00000000c5300000, 0x00000000eab00000)
  object space 84992K, 13% used [0x00000000c0000000,0x00000000c0ae8d30,0x00000000c5300000)
 Metaspace       used 5865K, capacity 6960K, committed 7040K, reserved 1058816K
  class space    used 593K, capacity 616K, committed 640K, reserved 1048576K
}
Event: 2.314 GC heap before
{Heap before GC invocations=3 (full 0):
 PSYoungGen      total 68608K, used 68595K [0x00000000eab00000, 0x00000000ef300000, 0x0000000100000000)
  eden space 63488K, 100% used [0x00000000eab00000,0x00000000ee900000,0x00000000ee900000)
  from space 5120K, 99% used [0x00000000eee00000,0x00000000ef2fcf18,0x00000000ef300000)
  to   space 5120K, 0% used [0x00000000ee900000,0x00000000ee900000,0x00000000eee00000)
 ParOldGen       total 84992K, used 11171K [0x00000000c0000000, 0x00000000c5300000, 0x00000000eab00000)
  object space 84992K, 13% used [0x00000000c0000000,0x00000000c0ae8d30,0x00000000c5300000)
 Metaspace       used 5935K, capacity 7024K, committed 7296K, reserved 1058816K
  class space    used 594K, capacity 616K, committed 640K, reserved 1048576K
Event: 2.338 GC heap after
Heap after GC invocations=3 (full 0):
 PSYoungGen      total 68608K, used 5103K [0x00000000eab00000, 0x00000000f3100000, 0x0000000100000000)
  eden space 63488K, 0% used [0x00000000eab00000,0x00000000eab00000,0x00000000ee900000)
  from space 5120K, 99% used [0x00000000ee900000,0x00000000eedfbe38,0x00000000eee00000)
  to   space 5120K, 0% used [0x00000000f2c00000,0x00000000f2c00000,0x00000000f3100000)
 ParOldGen       total 84992K, used 32945K [0x00000000c0000000, 0x00000000c5300000, 0x00000000eab00000)
  object space 84992K, 38% used [0x00000000c0000000,0x00000000c202c528,0x00000000c5300000)
 Metaspace       used 5935K, capacity 7024K, committed 7296K, reserved 1058816K
  class space    used 594K, capacity 616K, committed 640K, reserved 1048576K
}

Deoptimization events (10 events):
Event: 3.220 Thread 0x0000000017fa7800 Uncommon trap: reason=class_check action=maybe_recompile pc=0x0000000003872748 method=java.util.Arrays.hashCode([Ljava/lang/Object;)I @ 43
Event: 3.220 Thread 0x0000000017fa7800 Uncommon trap: reason=class_check action=maybe_recompile pc=0x0000000003872748 method=java.util.Arrays.hashCode([Ljava/lang/Object;)I @ 43
Event: 3.220 Thread 0x0000000017fa7800 Uncommon trap: reason=class_check action=maybe_recompile pc=0x0000000003872748 method=java.util.Arrays.hashCode([Ljava/lang/Object;)I @ 43
Event: 3.221 Thread 0x0000000017fa7800 Uncommon trap: reason=class_check action=maybe_recompile pc=0x00000000037d2668 method=java.util.Arrays.hashCode([Ljava/lang/Object;)I @ 43
Event: 3.223 Thread 0x0000000017fa7800 Uncommon trap: reason=bimorphic action=maybe_recompile pc=0x000000000372a9f4 method=java.util.HashMap.getNode(ILjava/lang/Object;)Ljava/util/HashMap$Node; @ 126
Event: 3.223 Thread 0x0000000017fa7800 Uncommon trap: reason=bimorphic action=maybe_recompile pc=0x000000000372a9f4 method=java.util.HashMap.getNode(ILjava/lang/Object;)Ljava/util/HashMap$Node; @ 126
Event: 3.223 Thread 0x0000000017fa7800 Uncommon trap: reason=bimorphic action=maybe_recompile pc=0x000000000372a9f4 method=java.util.HashMap.getNode(ILjava/lang/Object;)Ljava/util/HashMap$Node; @ 126
Event: 3.223 Thread 0x0000000017fa7800 Uncommon trap: reason=bimorphic action=maybe_recompile pc=0x000000000372a9f4 method=java.util.HashMap.getNode(ILjava/lang/Object;)Ljava/util/HashMap$Node; @ 126
Event: 3.224 Thread 0x0000000017fa7800 Uncommon trap: reason=bimorphic action=maybe_recompile pc=0x000000000364f084 method=java.util.HashMap.getNode(ILjava/lang/Object;)Ljava/util/HashMap$Node; @ 126
Event: 3.226 Thread 0x0000000017fa7800 Uncommon trap: reason=unstable_if action=reinterpret pc=0x0000000003726eb8 method=java.util.HashMap.putVal(ILjava/lang/Object;Ljava/lang/Object;ZZ)Ljava/lang/Object; @ 94

Internal exceptions (3 events):
Event: 0.034 Thread 0x0000000003261000 Exception <a 'java/lang/NoSuchMethodError': Method sun.misc.Unsafe.defineClass(Ljava/lang/String;[BII)Ljava/lang/Class; name or signature does not match> (0x00000000eab07cc0) thrown at [C:\re\workspace\8-2-build-windows-amd64-cygwin\jdk8u101\7261\hotspot\sﬁLê≈£°?
Event: 0.034 Thread 0x0000000003261000 Exception <a 'java/lang/NoSuchMethodError': Method sun.misc.Unsafe.prefetchRead(Ljava/lang/Object;J)V name or signature does not match> (0x00000000eab07fa8) thrown at [C:\re\workspace\8-2-build-windows-amd64-cygwin\jdk8u101\7261\hotspot\src\share\vm\prims\*K1C¯?
Event: 1.516 Thread 0x0000000018055000 Implicit null exception at 0x000000000363e7ec to 0x0000000003640359

Events (10 events):
Event: 3.223 Thread 0x0000000017fa7800 DEOPT PACKING pc=0x000000000372a9f4 sp=0x000000001ba6ebf0
Event: 3.224 Thread 0x0000000017fa7800 DEOPT UNPACKING pc=0x00000000033a582a sp=0x000000001ba6eb18 mode 2
Event: 3.224 Thread 0x0000000017fa7800 Uncommon trap: trap_request=0xffffffc6 fr.pc=0x000000000364f084
Event: 3.224 Thread 0x0000000017fa7800 DEOPT PACKING pc=0x000000000364f084 sp=0x000000001ba6eb80
Event: 3.224 Thread 0x0000000017fa7800 DEOPT UNPACKING pc=0x00000000033a582a sp=0x000000001ba6eb18 mode 2
Event: 3.226 Thread 0x0000000017fa7800 Uncommon trap: trap_request=0xffffff65 fr.pc=0x0000000003726eb8
Event: 3.226 Thread 0x0000000017fa7800 DEOPT PACKING pc=0x0000000003726eb8 sp=0x000000001ba6eb00
Event: 3.226 Thread 0x0000000017fa7800 DEOPT UNPACKING pc=0x00000000033a582a sp=0x000000001ba6ea80 mode 2
Event: 3.232 loading class com/android/dx/dex/file/CatchStructs
Event: 3.232 loading class com/android/dx/dex/file/CatchStructs done


Dynamic libraries:
0x00007ff702790000 - 0x00007ff7027c7000 	C:\Program Files\Java\jdk1.8.0_101\bin\java.exe
0x00007ffa95680000 - 0x00007ffa95851000 	C:\WINDOWS\SYSTEM32\ntdll.dll
0x00007ffa93940000 - 0x00007ffa939eb000 	C:\WINDOWS\System32\KERNEL32.DLL
0x00007ffa92510000 - 0x00007ffa9272d000 	C:\WINDOWS\System32\KERNELBASE.dll
0x00007ffa93890000 - 0x00007ffa93932000 	C:\WINDOWS\System32\ADVAPI32.dll
0x00007ffa92c20000 - 0x00007ffa92cbe000 	C:\WINDOWS\System32\msvcrt.dll
0x00007ffa95620000 - 0x00007ffa95679000 	C:\WINDOWS\System32\sechost.dll
0x00007ffa92ed0000 - 0x00007ffa92ff1000 	C:\WINDOWS\System32\RPCRT4.dll
0x00007ffa93a90000 - 0x00007ffa93bf5000 	C:\WINDOWS\System32\USER32.dll
0x00007ffa929b0000 - 0x00007ffa929ce000 	C:\WINDOWS\System32\win32u.dll
0x00007ffa95310000 - 0x00007ffa95344000 	C:\WINDOWS\System32\GDI32.dll
0x00007ffa92a80000 - 0x00007ffa92c02000 	C:\WINDOWS\System32\gdi32full.dll
0x00007ffa8dc10000 - 0x00007ffa8de89000 	C:\WINDOWS\WinSxS\amd64_microsoft.windows.common-controls_6595b64144ccf1df_6.0.14393.0_none_2d0f50fcbdb171b8\COMCTL32.dll
0x00007ffa95350000 - 0x00007ffa95617000 	C:\WINDOWS\System32\combase.dll
0x00007ffa91c10000 - 0x00007ffa91d05000 	C:\WINDOWS\System32\ucrtbase.dll
0x00007ffa91d10000 - 0x00007ffa91d7a000 	C:\WINDOWS\System32\bcryptPrimitives.dll
0x00007ffa951a0000 - 0x00007ffa951ce000 	C:\WINDOWS\System32\IMM32.DLL
0x0000000069950000 - 0x0000000069a22000 	C:\Program Files\Java\jdk1.8.0_101\jre\bin\msvcr100.dll
0x000000006a4f0000 - 0x000000006ad8a000 	C:\Program Files\Java\jdk1.8.0_101\jre\bin\server\jvm.dll
0x00007ffa92c10000 - 0x00007ffa92c18000 	C:\WINDOWS\System32\PSAPI.DLL
0x00007ffa8de90000 - 0x00007ffa8de9a000 	C:\WINDOWS\SYSTEM32\VERSION.dll
0x00007ffa85320000 - 0x00007ffa85329000 	C:\WINDOWS\SYSTEM32\WSOCK32.dll
0x00007ffa8ff00000 - 0x00007ffa8ff23000 	C:\WINDOWS\SYSTEM32\WINMM.dll
0x00007ffa93820000 - 0x00007ffa9388a000 	C:\WINDOWS\System32\WS2_32.dll
0x00007ffa8fed0000 - 0x00007ffa8fefb000 	C:\WINDOWS\SYSTEM32\WINMMBASE.dll
0x00007ffa92730000 - 0x00007ffa92772000 	C:\WINDOWS\System32\cfgmgr32.dll
0x000000006a4e0000 - 0x000000006a4ef000 	C:\Program Files\Java\jdk1.8.0_101\jre\bin\verify.dll
0x000000006a4b0000 - 0x000000006a4d9000 	C:\Program Files\Java\jdk1.8.0_101\jre\bin\java.dll
0x000000006a490000 - 0x000000006a4a6000 	C:\Program Files\Java\jdk1.8.0_101\jre\bin\zip.dll
0x00007ffa93c00000 - 0x00007ffa95108000 	C:\WINDOWS\System32\SHELL32.dll
0x00007ffa91e30000 - 0x00007ffa9250a000 	C:\WINDOWS\System32\windows.storage.dll
0x00007ffa91ba0000 - 0x00007ffa91bec000 	C:\WINDOWS\System32\powrprof.dll
0x00007ffa95140000 - 0x00007ffa95192000 	C:\WINDOWS\System32\shlwapi.dll
0x00007ffa91bf0000 - 0x00007ffa91bff000 	C:\WINDOWS\System32\kernel.appcore.dll
0x00007ffa929d0000 - 0x00007ffa92a79000 	C:\WINDOWS\System32\shcore.dll
0x00007ffa91b80000 - 0x00007ffa91b94000 	C:\WINDOWS\System32\profapi.dll

VM Arguments:
jvm_args: -Djava.awt.headless=true -Xmx1024M -Dfile.encoding=GBK -Duser.country=CN -Duser.language=zh -Duser.variant 
java_command: com.android.dx.command.Main --dex --force-jumbo --num-threads=4 --multi-dex --output F:\developer\android_workspace\CubeCare3.0\app\build\intermediates\transforms\dex\debug\folders\1000\5\slice_3 F:\developer\android_workspace\CubeCare3.0\app\build\intermediates\transforms\instantRunSlicer\debug\folders\1\5\slice_3
java_class_path (initial): C:\Users\panho\AppData\Local\Android\Sdk\build-tools\24.0.1\lib\dx.jar
Launcher Type: SUN_STANDARD

Environment Variables:
JAVA_HOME=C:\Program Files\Java\jdk1.8.0_101
PATH=F:\app\panho\product\11.2.0\dbhome_1\bin;C:\ProgramData\Oracle\Java\javapath;C:\WINDOWS\system32;C:\WINDOWS;C:\WINDOWS\System32\Wbem;C:\WINDOWS\System32\WindowsPowerShell\v1.0\;C:\Windows\System32\pan;C:\Program Files\Java\jdk1.8.0_101\bin;C:\Program Files\Java\jre1.8.0_101\bin;C:\Program Files (x86)\GtkSharp\2.12\bin;C:\Users\panho\.app\;%USERPROFILE%\AppData\Local\Microsoft\WindowsApps;
USERNAME=panho
OS=Windows_NT
PROCESSOR_IDENTIFIER=Intel64 Family 6 Model 60 Stepping 3, GenuineIntel



---------------  S Y S T E M  ---------------

OS: Windows 10.0 , 64 bit Build 14393 (10.0.14393.0)

CPU:total 8 (4 cores per cpu, 2 threads per core) family 6 model 60 stepping 3, cmov, cx8, fxsr, mmx, sse, sse2, sse3, ssse3, sse4.1, sse4.2, popcnt, avx, avx2, aes, clmul, erms, lzcnt, ht, tsc, tscinvbit, bmi1, bmi2

Memory: 4k page, physical 8067492k(1079684k free), swap 8067492k(8136k free)

vm_info: Java HotSpot(TM) 64-Bit Server VM (25.101-b13) for windows-amd64 JRE (1.8.0_101-b13), built on Jun 22 2016 01:21:29 by "java_re" with MS VC++ 10.0 (VS2010)

time: Tue Sep 13 10:44:59 2016
elapsed time: 3 seconds (0d 0h 0m 3s)

