#
# There is insufficient memory for the Java Runtime Environment to continue.
# Native memory allocation (malloc) failed to allocate 81360 bytes for Chunk::new
# Possible reasons:
#   The system is out of physical RAM or swap space
#   In 32 bit mode, the process size limit was hit
# Possible solutions:
#   Reduce memory load on the system
#   Increase physical memory or swap space
#   Check if swap backing store is full
#   Use 64 bit Java on a 64 bit OS
#   Decrease Java heap size (-Xmx/-Xms)
#   Decrease number of Java threads
#   Decrease Java thread stack sizes (-Xss)
#   Set larger code cache with -XX:ReservedCodeCacheSize=
# This output file may be truncated or incomplete.
#
#  Out of Memory Error (allocation.cpp:390), pid=2368, tid=0x00000000000022a0
#
# JRE version: Java(TM) SE Runtime Environment (8.0_101-b13) (build 1.8.0_101-b13)
# Java VM: Java HotSpot(TM) 64-Bit Server VM (25.101-b13 mixed mode windows-amd64 compressed oops)
# Failed to write core dump. Minidumps are not enabled by default on client versions of Windows
#

---------------  T H R E A D  ---------------

Current thread (0x00000000157e9000):  JavaThread "C2 CompilerThread0" daemon [_thread_in_native, id=8864, stack(0x0000000017db0000,0x0000000017eb0000)]

Stack: [0x0000000017db0000,0x0000000017eb0000]
[error occurred during error reporting (printing stack bounds), id 0xc0000005]

Native frames: (J=compiled Java code, j=interpreted, Vv=VM code, C=native code)


Current CompileTask:
C2:   1957 1020       4       com.android.dx.ssa.NormalSsaInsn::accept (25 bytes)


---------------  P R O C E S S  ---------------

Java Threads: ( => current thread )
  0x0000000017a5a000 JavaThread "pool-2-thread-4" [_thread_in_Java, id=9280, stack(0x00000000187b0000,0x00000000188b0000)]
  0x00000000178c0800 JavaThread "pool-2-thread-3" [_thread_in_Java, id=3312, stack(0x00000000186b0000,0x00000000187b0000)]
  0x00000000178c5000 JavaThread "pool-2-thread-2" [_thread_in_Java, id=6316, stack(0x00000000185b0000,0x00000000186b0000)]
  0x000000001789e800 JavaThread "pool-3-thread-1" [_thread_blocked, id=8352, stack(0x00000000184b0000,0x00000000185b0000)]
  0x000000001789d800 JavaThread "pool-2-thread-1" [_thread_in_Java, id=9852, stack(0x00000000183b0000,0x00000000184b0000)]
  0x00000000177af000 JavaThread "Service Thread" daemon [_thread_blocked, id=7540, stack(0x00000000181b0000,0x00000000182b0000)]
  0x0000000017740800 JavaThread "C1 CompilerThread3" daemon [_thread_blocked, id=7308, stack(0x00000000180b0000,0x00000000181b0000)]
  0x000000001773b000 JavaThread "C2 CompilerThread2" daemon [_thread_in_native, id=7292, stack(0x0000000017fb0000,0x00000000180b0000)]
  0x00000000157ed800 JavaThread "C2 CompilerThread1" daemon [_thread_in_native, id=8880, stack(0x0000000017eb0000,0x0000000017fb0000)]
=>0x00000000157e9000 JavaThread "C2 CompilerThread0" daemon [_thread_in_native, id=8864, stack(0x0000000017db0000,0x0000000017eb0000)]
  0x0000000017738000 JavaThread "Attach Listener" daemon [_thread_blocked, id=9588, stack(0x0000000017cb0000,0x0000000017db0000)]
  0x0000000017737800 JavaThread "Signal Dispatcher" daemon [_thread_blocked, id=9144, stack(0x0000000017bb0000,0x0000000017cb0000)]
  0x00000000176d0800 JavaThread "Finalizer" daemon [_thread_blocked, id=10008, stack(0x0000000017ab0000,0x0000000017bb0000)]
  0x0000000002cb6000 JavaThread "Reference Handler" daemon [_thread_blocked, id=7276, stack(0x00000000175b0000,0x00000000176b0000)]
  0x0000000002bc0800 JavaThread "main" [_thread_in_native, id=6512, stack(0x00000000029f0000,0x0000000002af0000)]

Other Threads:
  0x00000000157d9800 VMThread [stack: 0x00000000174b0000,0x00000000175b0000] [id=7660]
  0x0000000017851000 WatcherThread [stack: 0x00000000182b0000,0x00000000183b0000] [id=3640]

VM state:not at safepoint (normal execution)

VM Mutex/Monitor currently owned by a thread: None

Heap:
 PSYoungGen      total 36864K, used 15487K [0x00000000eab00000, 0x00000000ed400000, 0x0000000100000000)
  eden space 31744K, 32% used [0x00000000eab00000,0x00000000eb5258a8,0x00000000eca00000)
  from space 5120K, 99% used [0x00000000eca00000,0x00000000ecefa708,0x00000000ecf00000)
  to   space 5120K, 0% used [0x00000000ecf00000,0x00000000ecf00000,0x00000000ed400000)
 ParOldGen       total 84992K, used 1067K [0x00000000c0000000, 0x00000000c5300000, 0x00000000eab00000)
  object space 84992K, 1% used [0x00000000c0000000,0x00000000c010ac20,0x00000000c5300000)
 Metaspace       used 5792K, capacity 6832K, committed 7040K, reserved 1056768K
  class space    used 588K, capacity 616K, committed 640K, reserved 1048576K

Card table byte_map: [0x0000000012080000,0x0000000012290000] byte_map_base: 0x0000000011a80000

Marking Bits: (ParMarkBitMap*) 0x000000005a94a6d0
 Begin Bits: [0x0000000012bf0000, 0x0000000013bf0000)
 End Bits:   [0x0000000013bf0000, 0x0000000014bf0000)

Polling page: 0x0000000000a10000

CodeCache: size=245760Kb used=4208Kb max_used=4208Kb free=241551Kb
 bounds [0x0000000002cc0000, 0x00000000030e0000, 0x0000000011cc0000]
 total_blobs=1289 nmethods=1024 adapters=177
 compilation: disabled (not enough contiguous free space left)

Compilation events (10 events):
Event: 1.930 Thread 0x0000000017740800 nmethod 1040 0x00000000030a9290 code [0x00000000030a9400, 0x00000000030a97f0]
Event: 1.930 Thread 0x0000000017740800 1001       3       com.android.dx.rop.type.StdTypeList::<init> (6 bytes)
Event: 1.930 Thread 0x0000000017740800 nmethod 1001 0x00000000030bd790 code [0x00000000030bd900, 0x00000000030bda88]
Event: 1.930 Thread 0x0000000017740800 1017       3       com.android.dx.rop.type.StdTypeList::getType (6 bytes)
Event: 1.930 Thread 0x0000000017740800 nmethod 1017 0x00000000030bdb10 code [0x00000000030bdc80, 0x00000000030be048]
Event: 1.930 Thread 0x0000000017740800 1000       3       com.android.dx.rop.type.Prototype::<init> (67 bytes)
Event: 1.931 Thread 0x0000000017740800 nmethod 1000 0x00000000030be150 code [0x00000000030be300, 0x00000000030be7e8]
Event: 1.931 Thread 0x0000000017740800 1041       3       com.android.dx.rop.type.Type::getComponentType (70 bytes)
Event: 1.931 Thread 0x0000000017740800 nmethod 1041 0x00000000030be9d0 code [0x00000000030bebe0, 0x00000000030bf708]
Event: 1.931 Thread 0x0000000017740800 1023   !   3       com.android.dx.rop.type.Prototype::putIntern (50 bytes)

GC Heap History (2 events):
Event: 1.731 GC heap before
{Heap before GC invocations=1 (full 0):
 PSYoungGen      total 36864K, used 31744K [0x00000000eab00000, 0x00000000ed400000, 0x0000000100000000)
  eden space 31744K, 100% used [0x00000000eab00000,0x00000000eca00000,0x00000000eca00000)
  from space 5120K, 0% used [0x00000000ecf00000,0x00000000ecf00000,0x00000000ed400000)
  to   space 5120K, 0% used [0x00000000eca00000,0x00000000eca00000,0x00000000ecf00000)
 ParOldGen       total 84992K, used 0K [0x00000000c0000000, 0x00000000c5300000, 0x00000000eab00000)
  object space 84992K, 0% used [0x00000000c0000000,0x00000000c0000000,0x00000000c5300000)
 Metaspace       used 5764K, capacity 6832K, committed 7040K, reserved 1056768K
  class space    used 588K, capacity 616K, committed 640K, reserved 1048576K
Event: 1.819 GC heap after
Heap after GC invocations=1 (full 0):
 PSYoungGen      total 36864K, used 5097K [0x00000000eab00000, 0x00000000ed400000, 0x0000000100000000)
  eden space 31744K, 0% used [0x00000000eab00000,0x00000000eab00000,0x00000000eca00000)
  from space 5120K, 99% used [0x00000000eca00000,0x00000000ecefa708,0x00000000ecf00000)
  to   space 5120K, 0% used [0x00000000ecf00000,0x00000000ecf00000,0x00000000ed400000)
 ParOldGen       total 84992K, used 1067K [0x00000000c0000000, 0x00000000c5300000, 0x00000000eab00000)
  object space 84992K, 1% used [0x00000000c0000000,0x00000000c010ac20,0x00000000c5300000)
 Metaspace       used 5764K, capacity 6832K, committed 7040K, reserved 1056768K
  class space    used 588K, capacity 616K, committed 640K, reserved 1048576K
}

Deoptimization events (10 events):
Event: 1.344 Thread 0x000000001789d800 Uncommon trap: reason=class_check action=maybe_recompile pc=0x0000000002fc9438 method=com.android.dx.rop.type.Type.equals(Ljava/lang/Object;)Z @ 8
Event: 1.411 Thread 0x000000001789d800 Uncommon trap: reason=unstable_if action=reinterpret pc=0x0000000002eecd34 method=java.util.BitSet.ensureCapacity(I)V @ 6
Event: 1.650 Thread 0x000000001789d800 Uncommon trap: reason=class_check action=maybe_recompile pc=0x0000000002fdb8e4 method=com.android.dx.ssa.NormalSsaInsn.accept(Lcom/android/dx/ssa/SsaInsn$Visitor;)V @ 9
Event: 1.679 Thread 0x0000000017a5a000 Uncommon trap: reason=class_check action=maybe_recompile pc=0x0000000002fdb8e4 method=com.android.dx.ssa.NormalSsaInsn.accept(Lcom/android/dx/ssa/SsaInsn$Visitor;)V @ 9
Event: 1.679 Thread 0x0000000017a5a000 Uncommon trap: reason=class_check action=maybe_recompile pc=0x0000000002fc9438 method=com.android.dx.rop.type.Type.equals(Ljava/lang/Object;)Z @ 8
Event: 1.694 Thread 0x0000000017a5a000 Uncommon trap: reason=unstable_if action=reinterpret pc=0x000000000301ac78 method=com.android.dx.cf.code.Ropper.labelToResultIndex(I)I @ 34
Event: 1.717 Thread 0x000000001789d800 Uncommon trap: reason=class_check action=maybe_recompile pc=0x0000000002fdb8e4 method=com.android.dx.ssa.NormalSsaInsn.accept(Lcom/android/dx/ssa/SsaInsn$Visitor;)V @ 9
Event: 1.717 Thread 0x000000001789d800 Uncommon trap: reason=class_check action=maybe_recompile pc=0x0000000002fdb8e4 method=com.android.dx.ssa.NormalSsaInsn.accept(Lcom/android/dx/ssa/SsaInsn$Visitor;)V @ 9
Event: 1.718 Thread 0x000000001789d800 Uncommon trap: reason=class_check action=maybe_recompile pc=0x0000000002fe35cc method=com.android.dx.ssa.NormalSsaInsn.accept(Lcom/android/dx/ssa/SsaInsn$Visitor;)V @ 9
Event: 1.730 Thread 0x000000001789d800 Uncommon trap: reason=unstable_if action=reinterpret pc=0x0000000003051efc method=com.android.dx.rop.code.RegisterSpec.withReg(I)Lcom/android/dx/rop/code/RegisterSpec; @ 5

Internal exceptions (3 events):
Event: 0.086 Thread 0x0000000002bc0800 Exception <a 'java/lang/NoSuchMethodError': Method sun.misc.Unsafe.defineClass(Ljava/lang/String;[BII)Ljava/lang/Class; name or signature does not match> (0x00000000eab07cc0) thrown at [C:\re\workspace\8-2-build-windows-amd64-cygwin\jdk8u101\7261\hotspot\sﬁsÿ"∂?
Event: 0.086 Thread 0x0000000002bc0800 Exception <a 'java/lang/NoSuchMethodError': Method sun.misc.Unsafe.prefetchRead(Ljava/lang/Object;J)V name or signature does not match> (0x00000000eab07fa8) thrown at [C:\re\workspace\8-2-build-windows-amd64-cygwin\jdk8u101\7261\hotspot\src\share\vm\prims\•u§_Ú?
Event: 1.148 Thread 0x00000000178c0800 Implicit null exception at 0x0000000002f1f066 to 0x0000000002f20b15

Events (10 events):
Event: 1.717 Thread 0x000000001789d800 DEOPT PACKING pc=0x0000000002fdb8e4 sp=0x00000000184aea10
Event: 1.717 Thread 0x000000001789d800 DEOPT UNPACKING pc=0x0000000002d0582a sp=0x00000000184aea00 mode 2
Event: 1.718 Thread 0x000000001789d800 Uncommon trap: trap_request=0xffffffde fr.pc=0x0000000002fe35cc
Event: 1.718 Thread 0x000000001789d800 DEOPT PACKING pc=0x0000000002fe35cc sp=0x00000000184ae940
Event: 1.718 Thread 0x000000001789d800 DEOPT UNPACKING pc=0x0000000002d0582a sp=0x00000000184ae990 mode 2
Event: 1.730 Thread 0x000000001789d800 Uncommon trap: trap_request=0xffffff65 fr.pc=0x0000000003051efc
Event: 1.730 Thread 0x000000001789d800 DEOPT PACKING pc=0x0000000003051efc sp=0x00000000184aed60
Event: 1.730 Thread 0x000000001789d800 DEOPT UNPACKING pc=0x0000000002d0582a sp=0x00000000184aec90 mode 2
Event: 1.730 Executing VM operation: ParallelGCFailedAllocation
Event: 1.819 Executing VM operation: ParallelGCFailedAllocation done


Dynamic libraries:
0x00007ff667480000 - 0x00007ff6674b7000 	C:\Program Files\Java\jdk1.8.0_101\bin\java.exe
0x00007ffa36890000 - 0x00007ffa36a61000 	C:\WINDOWS\SYSTEM32\ntdll.dll
0x00007ffa34af0000 - 0x00007ffa34b9b000 	C:\WINDOWS\System32\KERNEL32.DLL
0x00007ffa32fd0000 - 0x00007ffa331ed000 	C:\WINDOWS\System32\KERNELBASE.dll
0x00007ffa34000000 - 0x00007ffa340a2000 	C:\WINDOWS\System32\ADVAPI32.dll
0x00007ffa34180000 - 0x00007ffa3421e000 	C:\WINDOWS\System32\msvcrt.dll
0x00007ffa352b0000 - 0x00007ffa35309000 	C:\WINDOWS\System32\sechost.dll
0x00007ffa34920000 - 0x00007ffa34a41000 	C:\WINDOWS\System32\RPCRT4.dll
0x00007ffa347b0000 - 0x00007ffa34915000 	C:\WINDOWS\System32\USER32.dll
0x00007ffa334f0000 - 0x00007ffa3350e000 	C:\WINDOWS\System32\win32u.dll
0x00007ffa33e30000 - 0x00007ffa33e64000 	C:\WINDOWS\System32\GDI32.dll
0x00007ffa331f0000 - 0x00007ffa33372000 	C:\WINDOWS\System32\gdi32full.dll
0x00007ffa2e0c0000 - 0x00007ffa2e339000 	C:\WINDOWS\WinSxS\amd64_microsoft.windows.common-controls_6595b64144ccf1df_6.0.14393.0_none_2d0f50fcbdb171b8\COMCTL32.dll
0x00007ffa34ba0000 - 0x00007ffa34e67000 	C:\WINDOWS\System32\combase.dll
0x00007ffa32e20000 - 0x00007ffa32f15000 	C:\WINDOWS\System32\ucrtbase.dll
0x00007ffa33480000 - 0x00007ffa334ea000 	C:\WINDOWS\System32\bcryptPrimitives.dll
0x00007ffa33fd0000 - 0x00007ffa33ffe000 	C:\WINDOWS\System32\IMM32.DLL
0x0000000059f20000 - 0x0000000059ff2000 	C:\Program Files\Java\jdk1.8.0_101\jre\bin\msvcr100.dll
0x000000005a130000 - 0x000000005a9ca000 	C:\Program Files\Java\jdk1.8.0_101\jre\bin\server\jvm.dll
0x00007ffa34170000 - 0x00007ffa34178000 	C:\WINDOWS\System32\PSAPI.DLL
0x00007ffa2f1b0000 - 0x00007ffa2f1b9000 	C:\WINDOWS\SYSTEM32\WSOCK32.dll
0x00007ffa2e3e0000 - 0x00007ffa2e3ea000 	C:\WINDOWS\SYSTEM32\VERSION.dll
0x00007ffa31000000 - 0x00007ffa31023000 	C:\WINDOWS\SYSTEM32\WINMM.dll
0x00007ffa36820000 - 0x00007ffa3688a000 	C:\WINDOWS\System32\WS2_32.dll
0x00007ffa30fd0000 - 0x00007ffa30ffb000 	C:\WINDOWS\SYSTEM32\WINMMBASE.dll
0x00007ffa33430000 - 0x00007ffa33472000 	C:\WINDOWS\System32\cfgmgr32.dll
0x000000005afe0000 - 0x000000005afef000 	C:\Program Files\Java\jdk1.8.0_101\jre\bin\verify.dll
0x000000005afb0000 - 0x000000005afd9000 	C:\Program Files\Java\jdk1.8.0_101\jre\bin\java.dll
0x000000005af90000 - 0x000000005afa6000 	C:\Program Files\Java\jdk1.8.0_101\jre\bin\zip.dll
0x00007ffa35310000 - 0x00007ffa36818000 	C:\WINDOWS\System32\SHELL32.dll
0x00007ffa33510000 - 0x00007ffa33bea000 	C:\WINDOWS\System32\windows.storage.dll
0x00007ffa32dc0000 - 0x00007ffa32e0c000 	C:\WINDOWS\System32\powrprof.dll
0x00007ffa34370000 - 0x00007ffa343c2000 	C:\WINDOWS\System32\shlwapi.dll
0x00007ffa32db0000 - 0x00007ffa32dbf000 	C:\WINDOWS\System32\kernel.appcore.dll
0x00007ffa33380000 - 0x00007ffa33429000 	C:\WINDOWS\System32\shcore.dll
0x00007ffa32d90000 - 0x00007ffa32da4000 	C:\WINDOWS\System32\profapi.dll

VM Arguments:
jvm_args: -Djava.awt.headless=true -Xmx1024M -Dfile.encoding=GBK -Duser.country=CN -Duser.language=zh -Duser.variant 
java_command: com.android.dx.command.Main --dex --force-jumbo --num-threads=4 --multi-dex --output F:\developer\android_workspace\CubeCare3.0\app\build\intermediates\transforms\dex\debug\folders\1000\5\slice_1 F:\developer\android_workspace\CubeCare3.0\app\build\intermediates\transforms\instantRunSlicer\debug\folders\1\5\slice_1
java_class_path (initial): C:\Users\panho\AppData\Local\Android\Sdk\build-tools\24.0.1\lib\dx.jar
Launcher Type: SUN_STANDARD

Environment Variables:
JAVA_HOME=C:\Program Files\Java\jdk1.8.0_101
PATH=F:\app\panho\product\11.2.0\dbhome_1\bin;C:\ProgramData\Oracle\Java\javapath;C:\WINDOWS\system32;C:\WINDOWS;C:\WINDOWS\System32\Wbem;C:\WINDOWS\System32\WindowsPowerShell\v1.0\;C:\Windows\System32\pan;C:\Program Files\Java\jdk1.8.0_101\bin;C:\Program Files\Java\jre1.8.0_101\bin;C:\Users\panho\.app\;%USERPROFILE%\AppData\Local\Microsoft\WindowsApps;
USERNAME=panho
OS=Windows_NT
PROCESSOR_IDENTIFIER=Intel64 Family 6 Model 60 Stepping 3, GenuineIntel



---------------  S Y S T E M  ---------------

OS: Windows 10.0 , 64 bit Build 14393 (10.0.14393.0)

CPU:total 8 (4 cores per cpu, 2 threads per core) family 6 model 60 stepping 3, cmov, cx8, fxsr, mmx, sse, sse2, sse3, ssse3, sse4.1, sse4.2, popcnt, avx, avx2, aes, clmul, erms, lzcnt, ht, tsc, tscinvbit, bmi1, bmi2

Memory: 4k page, physical 8067492k(1804636k free), swap 8067492k(95408k free)

vm_info: Java HotSpot(TM) 64-Bit Server VM (25.101-b13) for windows-amd64 JRE (1.8.0_101-b13), built on Jun 22 2016 01:21:29 by "java_re" with MS VC++ 10.0 (VS2010)

time: Mon Sep 12 11:26:17 2016
elapsed time: 1 seconds (0d 0h 0m 1s)

